SF:/Users/rodydavis/dev/signals.dart/packages/signals_flutter/lib/src/extended/widgets.dart
LF:0
LH:0
end_of_record
SF:/Users/rodydavis/dev/signals.dart/packages/signals_flutter/lib/src/extended/material.dart
LF:0
LH:0
end_of_record
SF:/Users/rodydavis/dev/signals.dart/packages/signals_flutter/lib/src/extended/widgets_binding.dart
LF:0
LH:0
end_of_record
SF:/Users/rodydavis/dev/signals.dart/packages/signals_flutter/lib/src/extended/scheduler_binding.dart
LF:0
LH:0
end_of_record
SF:/Users/rodydavis/dev/signals.dart/packages/signals_flutter/lib/src/extensions/untracked_value.dart
DA:12,4
LF:1
LH:1
end_of_record
SF:/Users/rodydavis/dev/signals.dart/packages/signals_flutter/lib/src/mixins/value_notifier.dart
DA:11,0
DA:13,2
DA:15,4
DA:16,6
DA:19,6
DA:20,4
DA:21,2
DA:22,1
DA:24,1
DA:31,2
DA:33,4
DA:34,2
DA:37,0
DA:38,0
DA:40,1
DA:42,2
LF:16
LH:13
end_of_record
SF:/Users/rodydavis/dev/signals.dart/packages/signals_flutter/lib/src/core/signal.dart
DA:37,17
DA:55,0
DA:62,0
DA:97,16
DA:106,16
DA:132,0
DA:140,0
LF:7
LH:3
end_of_record
SF:/Users/rodydavis/dev/signals.dart/packages/signals_flutter/lib/src/mixins/value_listenable.dart
DA:11,0
DA:13,1
DA:15,2
DA:16,3
DA:19,3
DA:20,2
DA:21,1
DA:22,1
DA:24,0
DA:31,1
DA:33,2
DA:34,1
LF:12
LH:10
end_of_record
SF:/Users/rodydavis/dev/signals.dart/packages/signals_flutter/lib/src/core/readonly.dart
DA:13,0
DA:23,0
LF:2
LH:0
end_of_record
SF:/Users/rodydavis/dev/signals.dart/packages/signals_flutter/lib/src/core/computed.dart
DA:35,1
DA:72,1
DA:81,1
LF:3
LH:3
end_of_record
SF:/Users/rodydavis/dev/signals.dart/packages/signals_flutter/lib/src/extensions/signal.dart
DA:10,6
DA:11,3
DA:15,11
DA:20,3
DA:28,1
DA:29,1
DA:33,3
DA:34,1
DA:35,1
DA:37,3
DA:38,1
DA:39,1
DA:43,3
DA:44,1
DA:45,1
DA:46,1
DA:51,3
DA:53,3
DA:56,9
DA:57,9
DA:62,3
DA:64,6
DA:65,3
DA:66,3
DA:67,3
DA:73,6
DA:76,3
DA:81,3
DA:85,1
DA:89,1
DA:90,1
DA:91,1
DA:92,1
DA:96,1
DA:97,2
DA:99,4
DA:100,2
DA:101,1
DA:102,2
DA:103,1
LF:40
LH:40
end_of_record
SF:/Users/rodydavis/dev/signals.dart/packages/signals_flutter/lib/src/extensions/value_listenable.dart
DA:33,1
DA:37,1
DA:38,1
DA:43,1
DA:44,2
DA:47,1
DA:48,1
DA:63,1
DA:68,1
LF:9
LH:9
end_of_record
SF:/Users/rodydavis/dev/signals.dart/packages/signals_flutter/lib/src/extensions/value_notifier.dart
DA:37,1
DA:42,1
DA:43,1
DA:48,1
DA:49,1
DA:54,2
DA:59,1
DA:60,3
DA:62,2
DA:63,1
DA:68,1
DA:87,0
DA:92,0
LF:13
LH:11
end_of_record
SF:/Users/rodydavis/dev/signals.dart/packages/signals_flutter/lib/src/ticker.dart
LF:0
LH:0
end_of_record
SF:/Users/rodydavis/dev/signals.dart/packages/signals_flutter/lib/src/mixins/signals.dart
DA:115,1
DA:116,2
DA:118,1
DA:119,1
DA:122,3
DA:123,3
DA:125,6
DA:126,4
DA:127,2
DA:130,4
DA:134,3
DA:135,9
DA:136,6
DA:139,14
DA:140,5
DA:141,2
DA:143,3
DA:145,6
DA:146,3
DA:150,3
DA:151,9
DA:154,9
DA:155,9
DA:160,3
DA:163,2
DA:164,6
DA:165,6
DA:166,6
DA:171,2
DA:187,1
DA:194,1
DA:195,1
DA:220,1
DA:227,1
DA:228,1
DA:239,1
DA:246,1
DA:247,1
DA:258,1
DA:267,1
DA:268,1
DA:281,1
DA:285,1
DA:286,1
DA:294,2
DA:298,2
DA:299,2
DA:307,1
DA:311,1
DA:312,1
DA:320,1
DA:324,1
DA:325,1
DA:333,1
DA:337,1
DA:338,1
DA:346,1
DA:350,1
DA:351,1
DA:359,2
DA:363,2
DA:364,2
DA:371,2
DA:372,2
DA:377,2
DA:378,2
DA:383,2
DA:384,2
DA:389,2
DA:390,4
DA:394,2
DA:395,4
DA:399,1
DA:404,3
DA:405,3
DA:406,1
DA:407,1
DA:411,3
DA:419,1
DA:423,3
DA:425,1
DA:426,3
DA:440,1
DA:445,1
DA:450,2
DA:451,1
DA:452,2
DA:453,1
DA:458,3
DA:459,5
DA:460,3
DA:463,6
DA:464,9
DA:465,5
DA:466,3
DA:467,5
DA:468,2
DA:470,6
DA:471,4
DA:472,1
DA:474,6
DA:475,6
DA:478,3
DA:480,3
DA:481,3
LF:105
LH:105
end_of_record
SF:/Users/rodydavis/dev/signals.dart/packages/signals_flutter/lib/src/inherited_widget/signal.dart
DA:52,1
DA:64,1
DA:73,1
DA:103,1
DA:104,1
DA:105,1
DA:106,1
DA:107,1
DA:108,1
DA:113,1
DA:114,1
DA:117,1
DA:122,1
DA:124,1
DA:125,1
DA:133,1
DA:138,1
DA:140,1
DA:149,1
DA:153,1
DA:154,1
DA:163,1
DA:165,1
DA:166,1
DA:169,1
DA:170,2
DA:171,4
DA:172,1
DA:174,3
DA:175,1
DA:179,1
DA:181,1
DA:182,6
DA:183,3
DA:184,1
DA:188,1
DA:190,1
DA:191,2
DA:192,4
DA:195,2
DA:199,1
DA:202,1
DA:204,1
DA:205,1
DA:206,2
DA:214,1
DA:228,1
DA:240,1
DA:242,1
DA:243,3
DA:244,1
DA:253,1
DA:257,1
DA:266,1
DA:267,1
DA:272,1
DA:274,2
DA:275,4
DA:276,1
LF:59
LH:59
end_of_record
SF:/Users/rodydavis/dev/signals.dart/packages/signals_flutter/lib/src/render/paint.dart
DA:50,1
DA:69,1
DA:75,1
DA:77,2
DA:80,1
DA:85,2
DA:94,1
DA:97,2
DA:100,0
DA:103,1
DA:104,2
DA:105,1
DA:106,2
DA:109,1
DA:115,1
DA:116,1
DA:117,3
DA:118,3
DA:119,1
DA:120,1
DA:133,1
DA:135,1
DA:136,1
DA:140,0
DA:143,1
DA:144,1
DA:145,1
DA:146,2
DA:147,1
DA:148,1
DA:153,1
DA:154,2
DA:155,2
DA:156,2
DA:158,1
DA:164,1
DA:165,2
DA:166,1
DA:168,2
DA:171,1
DA:173,1
DA:174,1
DA:184,1
DA:190,1
DA:192,2
DA:195,1
DA:200,2
DA:240,1
DA:246,1
DA:248,3
DA:251,1
DA:254,2
DA:255,2
DA:266,1
DA:271,1
DA:275,1
DA:276,2
DA:277,1
DA:278,1
DA:279,1
DA:280,1
DA:284,1
DA:285,1
DA:286,1
DA:289,1
DA:290,4
DA:291,1
DA:295,1
DA:296,2
DA:297,1
DA:300,1
DA:302,3
DA:305,1
DA:311,2
DA:312,4
DA:313,6
DA:314,2
DA:320,1
DA:322,1
DA:323,1
LF:80
LH:78
end_of_record
SF:/Users/rodydavis/dev/signals.dart/packages/signals_flutter/lib/src/widgets/convert_widget.dart
DA:8,2
DA:14,1
DA:15,1
DA:21,1
DA:23,1
DA:24,1
DA:32,1
DA:34,1
DA:35,1
DA:46,1
DA:48,1
DA:50,2
DA:60,1
DA:62,1
DA:63,1
DA:65,0
DA:66,0
DA:73,1
DA:74,2
LF:19
LH:17
end_of_record
SF:/Users/rodydavis/dev/signals.dart/packages/signals_flutter/lib/src/widgets/signal_widget.dart
DA:39,11
DA:41,11
DA:42,11
DA:48,11
DA:54,11
DA:55,22
DA:56,11
DA:57,33
DA:58,11
DA:59,10
DA:64,10
DA:65,10
DA:67,10
DA:68,29
DA:69,36
DA:70,1
DA:71,1
DA:74,11
DA:75,2
DA:77,20
DA:78,10
DA:81,10
DA:85,11
DA:89,10
DA:90,10
DA:91,10
DA:96,11
DA:99,11
DA:100,7
DA:101,1
DA:103,6
DA:105,10
DA:110,11
DA:112,33
DA:113,11
DA:115,22
DA:116,11
LF:37
LH:37
end_of_record
SF:/Users/rodydavis/dev/signals.dart/packages/signals_flutter/lib/src/widgets/signal_stateful_widget.dart
DA:42,5
DA:44,3
DA:45,3
DA:51,5
DA:57,5
DA:58,10
DA:59,5
DA:60,15
DA:61,5
DA:62,4
DA:67,4
DA:68,4
DA:70,4
DA:71,11
DA:72,12
DA:73,1
DA:74,1
DA:77,5
DA:78,2
DA:80,8
DA:81,4
DA:84,4
DA:88,5
DA:92,4
DA:93,4
DA:94,4
DA:99,5
DA:102,5
DA:103,5
DA:104,1
DA:106,4
DA:108,4
DA:113,5
DA:115,15
DA:116,5
DA:118,10
DA:119,5
LF:37
LH:37
end_of_record
SF:/Users/rodydavis/dev/signals.dart/packages/signals_flutter/lib/src/widgets/signal_animated_builder.dart
DA:58,3
DA:78,3
DA:80,5
DA:81,2
DA:83,9
LF:5
LH:5
end_of_record
SF:/Users/rodydavis/dev/signals.dart/packages/signals_flutter/lib/src/widgets/signal_builder.dart
DA:59,6
DA:71,6
DA:73,6
DA:74,0
DA:76,12
LF:5
LH:4
end_of_record
SF:/Users/rodydavis/dev/signals.dart/packages/signals_flutter/lib/src/widgets/signal_effect.dart
DA:52,1
DA:59,1
DA:70,2
DA:78,1
DA:79,1
DA:85,1
DA:87,1
DA:88,2
DA:89,5
DA:90,3
DA:94,1
DA:96,1
DA:97,4
DA:98,2
DA:99,2
DA:100,5
DA:101,3
DA:106,1
DA:108,2
DA:109,1
DA:112,1
DA:114,2
LF:22
LH:22
end_of_record
SF:/Users/rodydavis/dev/signals.dart/packages/signals_flutter/lib/src/widgets/watch.dart
DA:31,3
DA:50,1
DA:66,3
DA:68,3
DA:69,3
DA:70,3
LF:6
LH:6
end_of_record
SF:/Users/rodydavis/dev/signals.dart/packages/signals_flutter/lib/src/widgets/watch_builder.dart
DA:33,1
DA:53,1
DA:55,1
DA:56,1
DA:57,1
DA:58,1
DA:59,1
LF:7
LH:7
end_of_record
SF:/Users/rodydavis/dev/signals.dart/packages/signals_flutter/lib/src/extended/widgets.dart
LF:0
LH:0
end_of_record
SF:/Users/rodydavis/dev/signals.dart/packages/signals_flutter/lib/src/extended/material.dart
LF:0
LH:0
end_of_record
SF:/Users/rodydavis/dev/signals.dart/packages/signals_flutter/lib/src/extended/widgets_binding.dart
LF:0
LH:0
end_of_record
SF:/Users/rodydavis/dev/signals.dart/packages/signals_flutter/lib/src/extended/scheduler_binding.dart
LF:0
LH:0
end_of_record
SF:/Users/rodydavis/dev/signals.dart/packages/signals_flutter/lib/src/extensions/untracked_value.dart
DA:12,4
LF:1
LH:1
end_of_record
SF:/Users/rodydavis/dev/signals.dart/packages/signals_flutter/lib/src/mixins/value_notifier.dart
DA:11,0
DA:13,2
DA:15,4
DA:16,6
DA:19,6
DA:20,4
DA:21,2
DA:22,1
DA:24,1
DA:31,2
DA:33,4
DA:34,2
DA:37,0
DA:38,0
DA:40,1
DA:42,2
LF:16
LH:13
end_of_record
SF:/Users/rodydavis/dev/signals.dart/packages/signals_flutter/lib/src/core/signal.dart
DA:37,17
DA:55,0
DA:62,0
DA:97,17
DA:106,17
DA:132,0
DA:140,0
LF:7
LH:3
end_of_record
SF:/Users/rodydavis/dev/signals.dart/packages/signals_flutter/lib/src/mixins/value_listenable.dart
DA:11,0
DA:13,1
DA:15,2
DA:16,3
DA:19,3
DA:20,2
DA:21,1
DA:22,1
DA:24,0
DA:31,1
DA:33,2
DA:34,1
LF:12
LH:10
end_of_record
SF:/Users/rodydavis/dev/signals.dart/packages/signals_flutter/lib/src/core/readonly.dart
DA:13,0
DA:23,0
LF:2
LH:0
end_of_record
SF:/Users/rodydavis/dev/signals.dart/packages/signals_flutter/lib/src/core/computed.dart
DA:35,1
DA:72,1
DA:81,1
LF:3
LH:3
end_of_record
SF:/Users/rodydavis/dev/signals.dart/packages/signals_flutter/lib/src/extensions/signal.dart
DA:10,6
DA:11,3
DA:15,11
DA:20,3
DA:28,1
DA:29,1
DA:33,3
DA:34,1
DA:35,1
DA:37,3
DA:38,1
DA:39,1
DA:43,3
DA:44,1
DA:45,1
DA:46,1
DA:51,3
DA:53,3
DA:56,9
DA:57,9
DA:62,3
DA:64,6
DA:65,3
DA:66,3
DA:67,3
DA:73,6
DA:76,3
DA:81,3
DA:85,1
DA:89,1
DA:90,1
DA:91,1
DA:92,1
DA:96,1
DA:97,2
DA:99,4
DA:100,2
DA:101,1
DA:102,2
DA:103,1
LF:40
LH:40
end_of_record
SF:/Users/rodydavis/dev/signals.dart/packages/signals_flutter/lib/src/extensions/value_listenable.dart
DA:33,1
DA:37,1
DA:38,1
DA:43,1
DA:44,2
DA:47,1
DA:48,1
DA:63,1
DA:68,1
LF:9
LH:9
end_of_record
SF:/Users/rodydavis/dev/signals.dart/packages/signals_flutter/lib/src/extensions/value_notifier.dart
DA:37,1
DA:42,1
DA:43,1
DA:48,1
DA:49,1
DA:54,2
DA:59,1
DA:60,3
DA:62,2
DA:63,1
DA:68,1
DA:87,0
DA:92,0
LF:13
LH:11
end_of_record
SF:/Users/rodydavis/dev/signals.dart/packages/signals_flutter/lib/src/ticker.dart
LF:0
LH:0
end_of_record
SF:/Users/rodydavis/dev/signals.dart/packages/signals_flutter/lib/src/mixins/signals.dart
DA:115,1
DA:116,2
DA:118,1
DA:119,1
DA:122,3
DA:123,3
DA:125,6
DA:126,4
DA:127,2
DA:130,4
DA:134,3
DA:135,9
DA:136,6
DA:139,14
DA:140,5
DA:141,2
DA:143,3
DA:145,6
DA:146,3
DA:150,3
DA:151,9
DA:154,9
DA:155,9
DA:160,3
DA:163,2
DA:164,6
DA:165,6
DA:166,6
DA:171,2
DA:187,1
DA:194,1
DA:195,1
DA:220,1
DA:227,1
DA:228,1
DA:239,1
DA:246,1
DA:247,1
DA:258,1
DA:267,1
DA:268,1
DA:281,1
DA:285,1
DA:286,1
DA:294,2
DA:298,2
DA:299,2
DA:307,1
DA:311,1
DA:312,1
DA:320,1
DA:324,1
DA:325,1
DA:333,1
DA:337,1
DA:338,1
DA:346,1
DA:350,1
DA:351,1
DA:359,2
DA:363,2
DA:364,2
DA:371,2
DA:372,2
DA:377,2
DA:378,2
DA:383,2
DA:384,2
DA:389,2
DA:390,4
DA:394,2
DA:395,4
DA:399,1
DA:404,3
DA:405,3
DA:406,1
DA:407,1
DA:411,3
DA:419,1
DA:423,3
DA:425,1
DA:426,3
DA:440,1
DA:445,1
DA:450,2
DA:451,1
DA:452,2
DA:453,1
DA:458,3
DA:459,5
DA:460,3
DA:463,6
DA:464,9
DA:465,5
DA:466,3
DA:467,5
DA:468,2
DA:470,6
DA:471,4
DA:472,1
DA:474,6
DA:475,6
DA:478,3
DA:480,3
DA:481,3
LF:105
LH:105
end_of_record
SF:/Users/rodydavis/dev/signals.dart/packages/signals_flutter/lib/src/inherited_widget/signal.dart
DA:51,1
DA:63,1
DA:72,1
DA:102,1
DA:103,1
DA:104,1
DA:105,1
DA:106,1
DA:107,1
DA:112,1
DA:113,1
DA:116,1
DA:121,1
DA:123,1
DA:124,1
DA:132,1
DA:137,1
DA:139,1
DA:148,1
DA:152,1
DA:153,1
DA:164,1
DA:166,1
DA:167,1
DA:170,1
DA:171,1
DA:172,1
DA:174,2
DA:175,4
DA:176,1
DA:178,3
DA:179,1
DA:182,2
DA:183,2
DA:185,0
DA:186,0
DA:190,1
DA:192,1
DA:193,6
DA:194,3
DA:195,1
DA:196,1
DA:200,1
DA:202,1
DA:203,1
DA:204,2
DA:205,4
DA:208,2
DA:212,1
DA:215,1
DA:217,1
DA:218,1
DA:219,1
DA:220,2
DA:227,0
DA:228,0
DA:233,0
DA:235,0
DA:236,0
DA:243,1
DA:260,1
DA:272,1
DA:274,1
DA:275,3
DA:276,1
DA:285,1
DA:289,1
DA:298,1
DA:299,1
DA:304,1
DA:306,2
DA:307,4
DA:308,1
LF:73
LH:66
end_of_record
SF:/Users/rodydavis/dev/signals.dart/packages/signals_flutter/lib/src/render/paint.dart
DA:50,1
DA:69,1
DA:75,1
DA:77,2
DA:80,1
DA:85,2
DA:94,1
DA:97,2
DA:100,0
DA:103,1
DA:104,2
DA:105,1
DA:106,2
DA:109,1
DA:115,1
DA:116,1
DA:117,3
DA:118,3
DA:119,1
DA:120,1
DA:133,1
DA:135,1
DA:136,1
DA:140,0
DA:143,1
DA:144,1
DA:145,1
DA:146,2
DA:147,1
DA:148,1
DA:153,1
DA:154,2
DA:155,2
DA:156,2
DA:158,1
DA:164,1
DA:165,2
DA:166,1
DA:168,2
DA:171,1
DA:173,1
DA:174,1
DA:184,1
DA:190,1
DA:192,2
DA:195,1
DA:200,2
DA:240,1
DA:246,1
DA:248,3
DA:251,1
DA:254,2
DA:255,2
DA:266,1
DA:271,1
DA:275,1
DA:276,2
DA:277,1
DA:278,1
DA:279,1
DA:280,1
DA:284,1
DA:285,1
DA:286,1
DA:289,1
DA:290,4
DA:291,1
DA:295,1
DA:296,2
DA:297,1
DA:300,1
DA:302,3
DA:305,1
DA:311,2
DA:312,4
DA:313,6
DA:314,2
DA:320,1
DA:322,1
DA:323,1
LF:80
LH:78
end_of_record
SF:/Users/rodydavis/dev/signals.dart/packages/signals_flutter/lib/src/widgets/convert_widget.dart
DA:8,2
DA:14,1
DA:15,1
DA:21,1
DA:23,1
DA:24,1
DA:32,1
DA:34,1
DA:35,1
DA:46,1
DA:48,1
DA:50,2
DA:60,1
DA:62,1
DA:63,1
DA:65,0
DA:66,0
DA:73,1
DA:74,2
LF:19
LH:17
end_of_record
SF:/Users/rodydavis/dev/signals.dart/packages/signals_flutter/lib/src/widgets/signal_widget.dart
DA:39,11
DA:41,11
DA:42,11
DA:48,11
DA:54,11
DA:55,22
DA:56,11
DA:57,33
DA:58,11
DA:59,10
DA:64,10
DA:65,10
DA:67,10
DA:68,29
DA:69,36
DA:70,1
DA:71,1
DA:74,11
DA:75,2
DA:77,20
DA:78,10
DA:81,10
DA:85,11
DA:89,10
DA:90,10
DA:91,10
DA:96,11
DA:99,11
DA:100,7
DA:101,1
DA:103,6
DA:105,10
DA:110,11
DA:112,33
DA:113,11
DA:115,22
DA:116,11
LF:37
LH:37
end_of_record
SF:/Users/rodydavis/dev/signals.dart/packages/signals_flutter/lib/src/widgets/signal_stateful_widget.dart
DA:42,5
DA:44,3
DA:45,3
DA:51,5
DA:57,5
DA:58,10
DA:59,5
DA:60,15
DA:61,5
DA:62,4
DA:67,4
DA:68,4
DA:70,4
DA:71,11
DA:72,12
DA:73,1
DA:74,1
DA:77,5
DA:78,2
DA:80,8
DA:81,4
DA:84,4
DA:88,5
DA:92,4
DA:93,4
DA:94,4
DA:99,5
DA:102,5
DA:103,5
DA:104,1
DA:106,4
DA:108,4
DA:113,5
DA:115,15
DA:116,5
DA:118,10
DA:119,5
LF:37
LH:37
end_of_record
SF:/Users/rodydavis/dev/signals.dart/packages/signals_flutter/lib/src/widgets/signal_animated_builder.dart
DA:58,3
DA:78,3
DA:80,5
DA:81,2
DA:83,9
LF:5
LH:5
end_of_record
SF:/Users/rodydavis/dev/signals.dart/packages/signals_flutter/lib/src/widgets/signal_builder.dart
DA:59,6
DA:71,6
DA:73,6
DA:74,0
DA:76,12
LF:5
LH:4
end_of_record
SF:/Users/rodydavis/dev/signals.dart/packages/signals_flutter/lib/src/widgets/signal_effect.dart
DA:52,1
DA:59,1
DA:70,2
DA:78,1
DA:79,1
DA:85,1
DA:87,1
DA:88,2
DA:89,5
DA:90,3
DA:94,1
DA:96,1
DA:97,4
DA:98,2
DA:99,2
DA:100,5
DA:101,3
DA:106,1
DA:108,2
DA:109,1
DA:112,1
DA:114,2
LF:22
LH:22
end_of_record
SF:/Users/rodydavis/dev/signals.dart/packages/signals_flutter/lib/src/widgets/watch.dart
DA:31,3
DA:50,1
DA:66,3
DA:68,3
DA:69,3
DA:70,3
LF:6
LH:6
end_of_record
SF:/Users/rodydavis/dev/signals.dart/packages/signals_flutter/lib/src/widgets/watch_builder.dart
DA:33,1
DA:53,1
DA:55,1
DA:56,1
DA:57,1
DA:58,1
DA:59,1
LF:7
LH:7
end_of_record
SF:/Users/rodydavis/dev/signals.dart/packages/signals_core/lib/src/devtool.dart
LF:0
LH:0
end_of_record
SF:/Users/rodydavis/dev/signals.dart/packages/signals_core/lib/src/utils/timer.dart
DA:12,1
DA:20,1
DA:21,2
DA:23,3
DA:25,1
DA:27,1
DA:33,1
DA:35,2
DA:42,1
DA:50,1
DA:54,1
DA:63,1
DA:72,1
DA:76,1
LF:14
LH:14
end_of_record
SF:/Users/rodydavis/dev/signals.dart/packages/signals_core/lib/src/mixins/iterable.dart
DA:46,3
DA:48,6
DA:51,1
DA:53,2
DA:56,3
DA:58,6
DA:61,3
DA:63,6
DA:66,3
DA:68,6
DA:71,2
DA:73,4
DA:76,3
DA:77,6
DA:79,2
DA:81,4
DA:84,2
DA:86,4
DA:89,2
DA:91,4
DA:94,3
DA:96,6
DA:97,6
DA:100,3
DA:101,6
DA:103,3
DA:104,6
DA:106,3
DA:107,6
DA:109,3
DA:111,6
DA:114,2
DA:115,4
DA:117,3
DA:119,6
DA:122,3
DA:123,6
DA:125,3
DA:127,6
DA:130,3
DA:132,6
DA:135,3
DA:136,6
DA:138,3
DA:140,6
DA:143,3
DA:145,6
DA:148,3
DA:150,6
DA:153,3
DA:155,6
DA:158,3
DA:160,6
DA:163,2
DA:165,4
DA:168,2
DA:170,4
DA:173,3
DA:175,6
DA:178,3
DA:180,6
LF:61
LH:61
end_of_record
SF:/Users/rodydavis/dev/signals.dart/packages/signals_core/lib/src/value/set.dart
DA:47,1
DA:54,1
DA:56,1
DA:63,1
DA:64,1
DA:65,1
DA:66,1
DA:67,1
DA:71,1
DA:72,1
DA:73,2
DA:74,1
DA:78,1
DA:79,1
DA:80,3
DA:81,1
DA:84,1
DA:86,4
DA:89,1
DA:91,1
DA:92,2
DA:93,2
DA:94,1
DA:95,2
DA:109,1
DA:117,1
DA:120,0
DA:137,1
DA:144,1
DA:147,0
DA:158,2
DA:166,1
DA:174,1
DA:175,0
DA:176,0
DA:177,1
DA:178,1
DA:179,1
DA:183,1
DA:186,1
DA:187,3
DA:188,3
DA:189,3
DA:190,3
DA:191,3
DA:194,1
DA:196,6
LF:47
LH:43
end_of_record
SF:/Users/rodydavis/dev/signals.dart/packages/signals_core/lib/src/mixins/map.dart
DA:35,2
DA:37,4
DA:40,1
DA:42,2
DA:43,2
DA:46,1
DA:48,2
DA:49,2
DA:52,1
DA:54,2
DA:55,2
DA:58,1
DA:60,2
DA:63,1
DA:65,2
DA:66,2
DA:69,2
DA:71,4
DA:74,1
DA:76,2
DA:79,2
DA:80,4
DA:82,1
DA:84,2
DA:85,2
DA:88,2
DA:89,4
DA:91,2
DA:92,4
DA:94,2
DA:95,4
DA:97,2
DA:98,4
DA:100,1
DA:102,2
DA:105,1
DA:107,2
DA:108,2
DA:112,2
DA:114,4
DA:115,4
DA:116,6
DA:117,4
DA:122,1
DA:124,2
DA:125,2
DA:128,1
DA:130,2
DA:131,2
DA:135,1
DA:137,2
DA:138,2
DA:141,1
DA:142,2
DA:145,0
LF:55
LH:54
end_of_record
SF:/Users/rodydavis/dev/signals.dart/packages/signals_core/lib/src/value/tracked.dart
DA:6,0
DA:13,0
DA:15,0
DA:23,0
DA:31,0
DA:34,0
DA:44,1
DA:51,1
DA:58,1
DA:59,0
DA:60,0
DA:61,1
DA:62,1
DA:66,1
DA:69,1
DA:70,3
DA:71,3
DA:72,3
DA:73,3
DA:76,1
DA:77,5
LF:21
LH:13
end_of_record
SF:/Users/rodydavis/dev/signals.dart/packages/signals_core/lib/src/value/map.dart
DA:46,2
DA:53,2
DA:55,1
DA:62,1
DA:63,2
DA:64,2
DA:69,1
DA:70,3
DA:71,1
DA:75,1
DA:76,4
DA:77,1
DA:80,1
DA:82,4
DA:85,1
DA:87,1
DA:88,2
DA:89,2
DA:90,1
DA:91,2
DA:105,2
DA:113,2
DA:116,2
DA:133,1
DA:140,1
DA:143,1
DA:154,3
DA:162,1
DA:170,1
DA:171,0
DA:172,0
DA:173,1
DA:174,1
DA:175,1
DA:179,1
DA:182,1
DA:183,3
DA:184,3
DA:185,3
DA:186,3
DA:187,3
DA:190,1
DA:192,6
LF:43
LH:41
end_of_record
SF:/Users/rodydavis/dev/signals.dart/packages/signals_core/lib/src/mixins/queue.dart
DA:55,1
DA:57,2
DA:58,2
DA:61,1
DA:63,2
DA:64,2
DA:67,1
DA:69,2
DA:70,2
DA:73,1
DA:75,2
DA:76,2
DA:79,1
DA:81,2
DA:84,1
DA:86,2
DA:89,1
DA:91,2
DA:92,2
DA:95,1
DA:97,2
DA:100,1
DA:102,2
DA:105,1
DA:107,2
DA:110,1
DA:112,2
DA:115,1
DA:116,2
DA:118,1
DA:120,2
DA:123,1
DA:125,2
DA:128,1
DA:130,2
DA:133,0
DA:135,0
DA:138,1
DA:139,2
DA:141,1
DA:142,2
DA:144,1
DA:145,2
DA:147,1
DA:149,2
DA:152,1
DA:153,2
DA:155,1
DA:157,2
DA:160,1
DA:161,2
DA:163,1
DA:165,2
DA:168,1
DA:170,2
DA:173,1
DA:175,2
DA:176,2
DA:180,1
DA:182,2
DA:183,2
DA:187,1
DA:189,2
DA:190,2
DA:194,1
DA:196,2
DA:197,2
DA:201,1
DA:203,2
DA:204,2
DA:208,1
DA:209,2
DA:211,1
DA:213,2
DA:216,1
DA:218,2
DA:221,1
DA:223,2
DA:226,1
DA:228,2
DA:231,1
DA:233,2
DA:236,1
DA:237,2
DA:239,1
DA:240,2
DA:242,1
DA:243,2
DA:245,1
DA:246,2
LF:90
LH:88
end_of_record
SF:/Users/rodydavis/dev/signals.dart/packages/signals_core/lib/src/value/queue.dart
DA:8,1
DA:15,1
DA:17,1
DA:25,1
DA:33,1
DA:36,1
DA:46,1
DA:53,1
DA:56,1
DA:67,2
DA:75,1
DA:83,1
DA:84,0
DA:85,0
DA:86,1
DA:87,1
DA:88,1
DA:92,1
DA:95,1
DA:96,3
DA:97,3
DA:98,3
DA:99,3
DA:100,3
DA:103,1
DA:105,6
LF:26
LH:24
end_of_record
SF:/Users/rodydavis/dev/signals.dart/packages/signals_core/lib/src/value/iterable.dart
DA:35,1
DA:42,1
DA:44,1
DA:50,1
DA:52,4
DA:55,1
DA:57,1
DA:58,2
DA:59,2
DA:60,1
DA:61,2
DA:79,1
DA:87,1
DA:90,1
DA:109,1
DA:116,1
DA:119,1
DA:130,2
DA:138,2
DA:146,2
DA:147,1
DA:148,1
DA:149,2
DA:150,2
DA:151,2
DA:155,2
DA:158,2
DA:159,6
DA:160,3
DA:161,3
DA:162,3
DA:163,3
DA:166,2
DA:168,12
LF:34
LH:34
end_of_record
SF:/Users/rodydavis/dev/signals.dart/packages/signals_core/lib/src/mixins/list.dart
DA:50,1
DA:52,2
DA:55,1
DA:57,2
DA:58,2
DA:61,1
DA:62,2
DA:64,1
DA:66,2
DA:67,2
DA:70,1
DA:72,2
DA:73,2
DA:76,1
DA:78,2
DA:81,1
DA:83,2
DA:86,1
DA:88,2
DA:89,2
DA:92,1
DA:94,2
DA:95,2
DA:98,1
DA:100,2
DA:101,2
DA:104,1
DA:106,2
DA:109,1
DA:111,2
DA:112,2
DA:115,1
DA:117,2
DA:120,1
DA:122,2
DA:123,2
DA:126,1
DA:128,2
DA:131,1
DA:133,2
DA:136,1
DA:138,2
DA:141,1
DA:143,2
DA:146,1
DA:148,2
DA:151,1
DA:153,2
DA:156,1
DA:158,2
DA:159,2
DA:162,1
DA:164,2
DA:165,2
DA:168,1
DA:170,2
DA:173,1
DA:175,2
DA:178,1
DA:180,2
DA:182,2
DA:187,1
DA:189,2
DA:190,2
DA:194,1
DA:196,2
DA:197,2
DA:201,1
DA:203,2
DA:204,2
DA:207,1
DA:209,2
DA:210,2
DA:213,1
DA:215,2
DA:216,2
DA:219,1
DA:221,2
DA:222,2
DA:225,1
DA:226,2
DA:228,1
DA:230,2
DA:231,2
DA:234,1
DA:236,2
DA:237,2
DA:240,1
DA:242,2
DA:243,2
DA:246,1
DA:248,2
DA:249,2
DA:253,1
DA:254,1
DA:255,1
DA:259,1
DA:261,2
LF:98
LH:98
end_of_record
SF:/Users/rodydavis/dev/signals.dart/packages/signals_core/lib/src/value/change_stack.dart
DA:48,1
DA:56,1
DA:58,0
DA:64,2
DA:80,1
DA:89,1
DA:93,1
DA:110,2
DA:118,1
DA:126,1
DA:127,0
DA:128,0
DA:129,0
DA:130,1
DA:131,1
DA:135,1
DA:138,1
DA:139,3
DA:140,3
DA:141,3
DA:142,3
DA:143,3
DA:146,1
DA:147,6
LF:24
LH:20
end_of_record
SF:/Users/rodydavis/dev/signals.dart/packages/signals_core/lib/src/mixins/set.dart
DA:48,1
DA:50,1
DA:51,1
DA:52,1
DA:56,1
DA:58,1
DA:59,1
DA:60,1
DA:63,1
DA:65,2
DA:68,1
DA:69,1
DA:71,1
DA:73,2
DA:76,1
DA:78,2
DA:81,1
DA:83,2
DA:86,1
DA:88,2
DA:91,1
DA:93,1
DA:94,1
DA:96,1
DA:101,1
DA:103,1
DA:104,1
DA:105,1
DA:108,1
DA:110,1
DA:111,1
DA:112,1
DA:115,1
DA:117,1
DA:118,1
DA:119,1
DA:122,1
DA:124,1
DA:125,1
DA:126,1
DA:129,1
DA:131,2
LF:42
LH:42
end_of_record
SF:/Users/rodydavis/dev/signals.dart/packages/signals_core/lib/src/value/list.dart
DA:46,1
DA:53,1
DA:55,1
DA:62,1
DA:63,2
DA:64,2
DA:69,1
DA:70,3
DA:71,1
DA:75,1
DA:76,4
DA:77,1
DA:80,1
DA:82,4
DA:85,1
DA:87,1
DA:88,2
DA:89,2
DA:90,1
DA:91,2
DA:105,1
DA:113,1
DA:116,0
DA:133,1
DA:140,1
DA:143,0
DA:154,2
DA:162,1
DA:170,1
DA:171,0
DA:172,0
DA:173,1
DA:174,1
DA:175,1
DA:179,1
DA:182,1
DA:183,3
DA:184,3
DA:185,3
DA:186,3
DA:187,3
DA:190,1
DA:192,6
LF:43
LH:39
end_of_record
SF:/Users/rodydavis/dev/signals.dart/packages/signals_core/lib/src/mixins/changestack.dart
DA:67,2
DA:70,2
DA:73,3
DA:76,3
DA:78,1
DA:83,1
DA:84,1
DA:86,2
DA:87,2
DA:88,5
DA:89,2
DA:95,1
DA:96,1
DA:97,2
DA:98,1
DA:99,2
DA:103,1
DA:104,1
DA:105,2
DA:106,1
DA:107,2
DA:111,1
DA:112,1
DA:113,1
DA:117,1
DA:118,2
DA:122,1
DA:123,2
LF:28
LH:28
end_of_record
SF:/Users/rodydavis/dev/signals.dart/packages/signals_core/lib/src/mixins/tracked.dart
DA:46,6
DA:50,6
DA:53,3
DA:56,3
DA:57,3
DA:58,3
DA:61,3
DA:64,3
DA:65,3
DA:67,6
DA:69,1
LF:11
LH:11
end_of_record
SF:/Users/rodydavis/dev/signals.dart/packages/signals_core/lib/src/core/container.dart
DA:77,1
DA:84,1
DA:85,1
DA:86,1
DA:87,4
DA:88,2
DA:89,1
DA:91,5
DA:97,2
DA:102,1
DA:103,2
DA:105,2
DA:111,3
DA:114,1
DA:115,1
DA:116,3
DA:117,4
DA:120,2
DA:124,1
DA:125,1
DA:126,0
DA:127,0
DA:131,5
DA:132,1
DA:134,2
DA:138,3
DA:141,3
DA:144,3
DA:147,3
DA:150,3
DA:153,3
DA:156,3
DA:159,1
DA:160,1
DA:161,3
DA:162,3
DA:163,2
DA:166,2
DA:167,1
DA:186,1
DA:191,1
DA:213,1
DA:218,1
DA:232,1
DA:237,1
DA:251,1
DA:257,1
DA:271,1
DA:277,1
LF:49
LH:47
end_of_record
SF:/Users/rodydavis/dev/signals.dart/packages/signals_core/lib/src/core/options.dart
DA:12,12
DA:18,1
DA:24,1
DA:25,0
DA:26,0
DA:27,1
DA:31,1
DA:34,1
DA:35,3
DA:36,3
DA:37,3
DA:40,1
DA:41,4
DA:50,2
DA:51,1
DA:52,1
DA:53,1
DA:54,1
DA:58,2
DA:65,1
DA:72,1
DA:73,0
DA:74,0
DA:75,0
DA:76,0
DA:80,1
DA:83,1
DA:84,3
DA:85,3
DA:86,3
DA:87,3
DA:90,1
DA:91,5
DA:100,41
DA:108,1
DA:115,1
DA:116,0
DA:117,0
DA:118,1
DA:119,1
DA:120,1
DA:124,1
DA:127,1
DA:128,3
DA:129,3
DA:130,3
DA:131,3
DA:132,3
DA:135,1
DA:137,6
DA:146,15
DA:153,1
DA:160,1
DA:161,0
DA:162,0
DA:163,1
DA:164,1
DA:168,1
DA:171,1
DA:172,3
DA:173,3
DA:174,3
DA:175,3
DA:178,1
DA:179,5
LF:65
LH:55
end_of_record
SF:/Users/rodydavis/dev/signals.dart/packages/signals_core/lib/src/core/signal.dart
DA:15,41
DA:22,41
DA:23,37
DA:24,37
DA:25,37
DA:27,5
DA:32,78
DA:33,82
DA:44,2
DA:50,2
DA:51,2
DA:52,2
DA:53,2
DA:55,1
DA:60,4
DA:63,41
DA:67,53
DA:69,41
DA:72,30
DA:76,38
DA:80,13
DA:82,13
DA:85,22
DA:86,22
DA:88,30
DA:94,30
DA:95,1
DA:97,88
DA:98,30
DA:99,30
DA:105,41
DA:107,41
DA:108,1
DA:110,41
DA:112,2
DA:113,2
DA:114,1
DA:118,41
DA:122,2
DA:124,11
DA:126,11
DA:127,15
DA:128,4
DA:142,1
DA:147,1
DA:148,1
DA:149,1
DA:392,28
DA:400,28
DA:403,26
DA:418,1
DA:425,1
DA:427,1
LF:53
LH:53
end_of_record
SF:/Users/rodydavis/dev/signals.dart/packages/signals_core/lib/src/core/signals.dart
DA:30,2
DA:32,0
DA:33,0
DA:39,1
DA:40,2
DA:41,1
DA:49,1
DA:50,1
DA:51,2
DA:58,2
DA:59,4
DA:60,2
LF:12
LH:10
end_of_record
SF:/Users/rodydavis/dev/signals.dart/packages/signals_core/lib/src/core/auto_dispose.dart
DA:14,110
DA:31,7
DA:32,14
DA:33,1
DA:34,2
DA:39,0
DA:40,0
DA:41,0
DA:42,0
DA:46,15
DA:47,15
DA:48,20
DA:49,5
DA:51,15
LF:14
LH:10
end_of_record
SF:/Users/rodydavis/dev/signals.dart/packages/signals_core/lib/src/core/readonly.dart
DA:69,0
DA:70,0
DA:72,55
DA:74,1
DA:75,55
DA:78,22
DA:83,22
DA:123,1
DA:132,1
DA:134,1
DA:135,1
LF:11
LH:9
end_of_record
SF:/Users/rodydavis/dev/signals.dart/packages/signals_core/lib/src/core/computed.dart
DA:311,14
DA:318,14
DA:319,13
DA:320,13
DA:321,13
DA:323,1
DA:328,27
DA:330,19
DA:344,1
DA:349,2
DA:350,1
DA:352,1
DA:356,2
DA:360,3
DA:364,14
DA:368,19
DA:372,5
DA:374,5
DA:377,5
DA:378,5
DA:379,15
DA:380,15
DA:382,8
DA:383,6
DA:387,2
DA:389,2
DA:390,4
DA:394,1
DA:396,6
DA:398,6
DA:399,7
DA:400,1
DA:404,14
DA:406,14
DA:407,2
DA:408,2
DA:409,1
DA:412,14
DA:415,14
DA:417,14
DA:418,14
DA:593,13
DA:601,13
DA:604,12
LF:44
LH:44
end_of_record
SF:/Users/rodydavis/dev/signals.dart/packages/signals_core/lib/src/core/linked_signal.dart
DA:13,1
DA:26,2
DA:33,2
DA:43,2
DA:44,0
DA:45,1
DA:46,1
DA:47,2
DA:51,2
DA:54,2
DA:55,6
DA:56,6
DA:57,6
DA:58,6
DA:59,6
DA:60,6
DA:63,2
DA:64,2
DA:65,2
DA:66,2
DA:67,2
DA:68,2
DA:69,2
DA:70,2
DA:163,1
DA:168,2
DA:169,1
DA:170,1
DA:171,2
DA:172,3
DA:174,3
DA:176,2
DA:178,2
DA:180,1
DA:181,3
DA:184,1
DA:185,1
DA:186,1
DA:187,1
DA:191,2
DA:192,1
DA:193,1
DA:194,1
DA:195,1
DA:199,1
DA:200,1
DA:203,0
DA:207,4
DA:208,1
DA:212,1
DA:214,1
DA:215,1
DA:217,1
DA:218,1
DA:219,1
DA:220,3
DA:224,1
DA:226,1
DA:227,1
DA:229,1
DA:232,1
DA:234,1
DA:237,1
DA:239,2
DA:240,2
DA:241,2
DA:242,2
DA:243,1
DA:248,1
DA:252,1
LF:70
LH:68
end_of_record
SF:/Users/rodydavis/dev/signals.dart/packages/signals_core/lib/src/core/effect.dart
DA:92,2
DA:93,2
DA:192,11
DA:201,11
DA:202,11
DA:204,3
DA:210,11
DA:211,3
DA:213,0
DA:216,13
DA:220,11
DA:223,13
DA:225,11
DA:228,6
DA:230,6
DA:231,6
DA:232,7
DA:233,1
DA:235,6
DA:237,8
DA:244,2
DA:247,1
DA:248,2
DA:249,2
DA:250,1
DA:266,1
DA:267,2
DA:268,1
DA:269,2
DA:371,11
DA:381,11
DA:384,10
DA:390,11
LF:33
LH:32
end_of_record
SF:/Users/rodydavis/dev/signals.dart/packages/signals_core/lib/src/core/observer.dart
DA:44,0
DA:47,0
DA:50,0
DA:53,51
DA:54,10
LF:5
LH:2
end_of_record
SF:/Users/rodydavis/dev/signals.dart/packages/signals_core/lib/src/core/batch.dart
DA:68,14
LF:1
LH:1
end_of_record
SF:/Users/rodydavis/dev/signals.dart/packages/signals_core/lib/src/core/untracked.dart
DA:23,12
LF:1
LH:1
end_of_record
SF:/Users/rodydavis/dev/signals.dart/packages/signals_core/lib/src/async/connect.dart
DA:45,1
DA:64,1
DA:72,3
DA:75,1
DA:76,1
DA:77,2
DA:78,1
DA:81,1
DA:82,5
DA:83,1
DA:87,3
DA:92,2
DA:95,1
DA:96,3
DA:97,1
DA:99,2
DA:100,2
DA:150,1
DA:151,1
DA:152,1
LF:20
LH:20
end_of_record
SF:/Users/rodydavis/dev/signals.dart/packages/signals_core/lib/src/async/state.dart
DA:66,9
DA:69,1
DA:70,1
DA:74,1
DA:75,1
DA:79,9
DA:80,9
DA:84,1
DA:85,2
DA:89,1
DA:90,2
DA:94,5
DA:95,9
DA:99,7
DA:100,7
DA:148,1
DA:155,2
DA:156,2
DA:157,3
DA:158,1
DA:159,1
DA:160,3
DA:161,1
DA:162,2
DA:164,1
DA:167,1
DA:183,1
DA:191,2
DA:192,2
DA:193,3
DA:194,1
DA:196,1
DA:197,3
DA:198,1
DA:199,2
DA:201,1
DA:205,2
DA:206,1
DA:209,0
DA:220,5
DA:222,1
DA:225,2
DA:228,5
DA:231,8
DA:239,5
DA:241,1
DA:244,2
DA:247,4
DA:250,4
DA:257,9
DA:259,5
DA:262,3
DA:268,5
DA:271,2
DA:274,2
DA:277,6
DA:278,6
DA:280,4
DA:283,1
DA:286,9
DA:288,9
DA:289,24
DA:294,1
DA:296,3
DA:297,3
DA:298,3
DA:299,2
DA:306,2
DA:308,1
DA:311,2
DA:314,2
DA:317,2
DA:318,3
DA:319,3
DA:327,2
DA:329,1
DA:332,2
DA:335,1
DA:338,1
DA:339,0
DA:340,0
DA:347,5
DA:349,2
DA:352,4
DA:355,1
DA:358,3
DA:361,2
DA:364,2
DA:367,1
DA:369,1
DA:377,3
DA:379,3
DA:380,0
DA:381,0
DA:384,0
DA:386,0
DA:387,0
DA:388,0
DA:389,0
DA:390,0
DA:396,7
DA:398,5
DA:401,4
DA:404,2
DA:407,6
DA:410,2
DA:413,2
DA:416,1
DA:418,1
DA:420,1
DA:423,1
DA:426,5
DA:428,5
DA:431,0
LF:114
LH:102
end_of_record
SF:/Users/rodydavis/dev/signals.dart/packages/signals_core/lib/src/async/signal.dart
DA:101,6
DA:114,4
DA:115,12
DA:116,8
DA:120,1
DA:121,1
DA:122,2
DA:126,2
DA:127,4
DA:128,4
DA:129,6
DA:130,4
DA:131,8
DA:136,6
DA:137,12
DA:138,12
DA:139,16
DA:140,12
DA:145,1
DA:146,2
DA:147,2
DA:148,2
DA:153,4
DA:154,8
DA:155,4
DA:156,4
DA:157,4
DA:158,10
DA:163,6
DA:164,6
DA:165,6
DA:169,4
DA:170,8
DA:171,12
DA:172,4
DA:173,2
DA:178,4
DA:179,8
DA:180,12
DA:181,4
DA:182,2
DA:186,6
DA:188,6
DA:189,6
DA:193,9
DA:208,3
DA:216,3
DA:219,3
DA:244,7
DA:257,5
DA:269,5
DA:270,4
DA:271,4
DA:272,5
DA:273,4
DA:274,4
DA:275,4
DA:276,4
DA:277,5
DA:278,5
DA:282,1
DA:285,1
DA:286,3
DA:287,3
DA:288,3
DA:289,3
DA:290,3
DA:291,3
DA:292,3
DA:293,3
DA:296,5
DA:297,4
DA:298,5
DA:303,1
DA:306,2
DA:307,1
DA:309,1
DA:310,1
DA:311,1
DA:312,1
DA:313,1
DA:314,1
DA:315,1
DA:316,1
DA:317,1
LF:85
LH:85
end_of_record
SF:/Users/rodydavis/dev/signals.dart/packages/signals_core/lib/src/mixins/event_sink.dart
DA:56,1
DA:58,2
DA:61,1
DA:63,2
DA:66,1
DA:68,1
LF:6
LH:6
end_of_record
SF:/Users/rodydavis/dev/signals.dart/packages/signals_core/lib/src/async/stream.dart
DA:169,3
DA:186,3
DA:187,3
DA:188,3
DA:189,3
DA:190,6
DA:192,3
DA:193,3
DA:194,4
DA:195,2
DA:197,0
DA:202,4
DA:213,3
DA:214,6
DA:215,7
DA:216,1
DA:217,2
DA:218,1
DA:220,2
DA:224,2
DA:227,1
DA:228,1
DA:229,3
DA:232,1
DA:235,0
DA:239,0
DA:240,0
DA:241,0
DA:244,0
DA:247,0
DA:248,0
DA:249,0
DA:256,2
DA:265,4
DA:268,4
DA:271,3
DA:272,6
DA:273,3
DA:274,6
DA:275,3
DA:276,3
DA:277,3
DA:278,3
DA:282,2
DA:283,2
DA:284,3
DA:285,4
DA:286,2
DA:287,2
DA:291,3
DA:294,1
DA:295,2
DA:296,2
DA:300,1
DA:301,2
DA:302,2
DA:306,1
DA:307,1
DA:310,1
DA:312,1
DA:313,2
DA:314,1
DA:315,1
DA:316,2
DA:317,1
DA:318,3
DA:321,1
DA:323,1
DA:324,2
DA:325,1
DA:326,1
DA:327,2
DA:328,1
DA:329,3
DA:332,3
DA:334,3
DA:335,3
DA:336,3
DA:337,4
DA:338,3
DA:339,3
DA:342,2
DA:344,2
DA:345,3
DA:346,3
DA:347,3
DA:350,3
DA:352,12
DA:353,3
DA:354,3
DA:356,6
DA:357,3
DA:360,1
DA:362,1
DA:363,2
DA:364,1
DA:477,2
DA:494,2
DA:496,4
LF:99
LH:90
end_of_record
SF:/Users/rodydavis/dev/signals.dart/packages/signals_core/lib/src/async/future.dart
DA:149,3
DA:162,3
DA:163,9
DA:164,3
DA:165,3
DA:166,2
DA:167,3
DA:169,0
DA:174,4
DA:184,1
DA:186,1
DA:187,2
DA:188,2
DA:191,3
DA:192,6
DA:194,6
DA:195,4
DA:198,3
DA:200,6
DA:201,6
DA:202,3
DA:204,3
DA:205,0
DA:206,0
DA:211,1
DA:213,1
DA:214,1
DA:215,2
DA:218,3
DA:220,3
DA:221,9
DA:224,3
DA:226,12
DA:227,3
DA:229,6
DA:230,3
DA:233,3
DA:234,6
DA:235,6
DA:236,2
DA:237,4
DA:238,2
DA:240,2
DA:244,2
DA:247,1
DA:248,1
DA:251,1
DA:254,4
DA:258,0
DA:259,0
DA:262,2
DA:265,1
DA:266,2
DA:267,1
DA:273,2
DA:275,2
DA:276,2
DA:277,4
DA:278,2
DA:281,2
DA:283,2
DA:284,2
DA:285,4
DA:286,2
DA:374,2
DA:387,2
DA:389,4
LF:67
LH:62
end_of_record
SF:/Users/rodydavis/dev/signals.dart/packages/signals_core/lib/src/async/computed.dart
DA:48,1
DA:60,1
DA:61,6
DA:62,2
DA:126,1
DA:139,1
DA:141,2
LF:7
LH:7
end_of_record
SF:/Users/rodydavis/dev/signals.dart/packages/signals_core/lib/src/extensions/object.dart
DA:6,2
LF:1
LH:1
end_of_record
SF:/Users/rodydavis/dev/signals.dart/packages/signals_core/lib/src/extensions/future.dart
DA:15,1
DA:22,1
DA:23,1
LF:3
LH:3
end_of_record
SF:/Users/rodydavis/dev/signals.dart/packages/signals_core/lib/src/extensioSF:/Users/rodydavis/dev/signals.dart/packages/signals_hooks/lib/src/widget.dart
DA:11,2
DA:17,2
DA:18,4
DA:19,2
DA:20,6
DA:21,2
DA:22,2
DA:27,2
DA:28,2
DA:30,2
DA:31,6
DA:32,8
DA:33,2
DA:34,2
DA:37,4
DA:38,4
DA:40,4
DA:41,2
DA:44,2
DA:48,2
DA:52,2
DA:53,2
DA:54,2
DA:59,2
DA:62,2
DA:63,0
DA:64,0
DA:66,0
DA:68,2
DA:73,2
DA:75,6
DA:76,2
DA:78,4
DA:79,2
DA:121,2
DA:123,2
DA:124,2
DA:129,1
DA:131,1
DA:135,0
DA:137,0
DA:174,2
DA:182,2
DA:183,4
DA:190,1
DA:196,1
DA:197,2
DA:198,1
DA:199,3
DA:200,1
DA:201,1
DA:206,1
DA:207,1
DA:209,1
DA:210,3
DA:211,4
DA:212,0
DA:213,0
DA:216,1
DA:217,0
DA:219,2
DA:220,1
DA:223,1
DA:227,1
DA:231,1
DA:232,1
DA:233,1
DA:238,1
DA:241,1
DA:242,0
DA:243,0
DA:245,0
DA:247,1
DA:252,1
DA:254,3
DA:255,1
DA:257,2
DA:258,1
DA:267,1
DA:269,1
DA:270,1
DA:294,1
DA:295,2
DA:299,1
DA:301,1
DA:302,1
DA:306,1
DA:308,1
LF:88
LH:77
end_of_record
SF:/Users/rodydavis/dev/signals.dart/packages/signals_hooks/lib/src/core.dart
DA:56,4
DA:63,8
DA:108,1
DA:115,2
DA:170,1
DA:175,3
DA:176,1
DA:233,1
DA:238,3
DA:239,1
DA:289,1
DA:302,1
DA:303,2
DA:363,1
DA:368,1
DA:369,2
DA:372,1
DA:415,1
DA:419,1
DA:420,1
DA:421,2
DA:423,3
DA:427,1
DA:428,1
DA:434,1
DA:437,1
DA:441,1
DA:443,1
DA:444,1
DA:446,2
LF:30
LH:30
end_of_record
SF:/Users/rodydavis/dev/signals.dart/packages/signals_hooks/lib/src/value.dart
DA:62,1
DA:67,3
DA:68,1
DA:121,1
DA:126,3
DA:127,1
DA:159,1
DA:164,3
DA:165,1
DA:213,1
DA:218,3
DA:219,1
DA:263,1
DA:268,3
DA:269,1
DA:318,1
DA:323,3
DA:324,1
DA:394,1
DA:399,1
DA:400,2
DA:403,1
LF:22
LH:22
end_of_record
SF:/Users/rodydavis/dev/signals.dart/packages/signals_hooks/lib/src/async.dart
DA:57,1
DA:62,1
DA:63,2
DA:66,1
DA:113,1
DA:118,1
DA:119,2
DA:122,1
DA:181,1
DA:186,3
DA:187,1
DA:252,1
DA:257,1
DA:258,2
DA:261,1
DA:301,1
DA:305,4
DA:306,4
LF:18
LH:18
end_of_record
SF:/Users/rodydavis/dev/signals.dart/packages/signals_hooks/lib/src/flutter.dart
DA:52,1
DA:57,1
DA:58,2
DA:60,1
DA:61,1
DA:65,1
DA:113,1
DA:118,1
DA:119,2
DA:121,1
DA:122,1
DA:126,1
LF:12
LH:12
end_of_record
SF:/Users/rodydavis/dev/signals.dart/packages/signals_hooks/lib/src/base.dart
DA:10,4
DA:14,4
DA:15,4
DA:23,4
DA:25,4
DA:26,4
DA:29,4
DA:31,8
DA:32,4
DA:35,4
DA:36,20
DA:37,16
DA:41,3
DA:43,3
DA:44,12
DA:45,2
DA:46,1
DA:50,4
DA:51,8
DA:53,1
DA:55,3
DA:57,3
DA:65,1
DA:66,4
LF:24
LH:24
end_of_record
ns/stream.dart
DA:33,1
DA:41,1
DA:42,1
DA:67,0
DA:68,0
DA:69,0
DA:70,0
DA:71,0
LF:8
LH:3
end_of_record
SF:/Users/rodydavis/dev/signals.dart/packages/signals_core/lib/src/extensions/signal.dart
DA:5,12
DA:11,4
DA:12,12
DA:18,4
DA:20,8
DA:22,12
DA:24,8
DA:26,6
DA:27,6
DA:28,2
DA:52,2
DA:56,2
DA:57,4
DA:72,3
LF:14
LH:14
end_of_record
SF:/Users/rodydavis/dev/signals.dart/packages/signals_core/lib/src/extensions/async.dart
DA:8,1
DA:9,1
DA:10,1
DA:11,1
DA:12,4
DA:13,2
DA:14,3
DA:15,1
LF:8
LH:8
end_of_record
SF:/Users/rodydavis/dev/signals.dart/packages/signals_core/lib/src/extensions/bool.dart
DA:17,3
DA:22,3
DA:27,3
DA:40,2
LF:4
LH:4
end_of_record
SF:/Users/rodydavis/dev/signals.dart/packages/signals_core/lib/src/extensions/comparable.dart
DA:13,3
DA:19,2
LF:2
LH:2
end_of_record
SF:/Users/rodydavis/dev/signals.dart/packages/signals_core/lib/src/extensions/double.dart
DA:14,3
DA:17,3
DA:20,3
DA:23,3
DA:26,3
DA:29,3
DA:32,3
DA:35,3
DA:38,3
DA:45,3
DA:61,3
DA:77,3
DA:93,3
DA:110,3
DA:131,3
DA:148,3
DA:165,3
DA:185,3
DA:198,2
LF:19
LH:19
end_of_record
SF:/Users/rodydavis/dev/signals.dart/packages/signals_core/lib/src/extensions/int.dart
DA:18,3
DA:35,3
DA:52,3
DA:60,3
DA:79,3
DA:97,3
DA:113,3
DA:119,3
DA:127,3
DA:149,3
DA:152,3
DA:155,3
DA:177,3
DA:198,3
DA:225,3
DA:231,3
DA:239,3
DA:245,3
DA:248,3
DA:251,3
DA:254,3
DA:257,3
DA:260,3
DA:263,3
DA:266,3
DA:269,3
DA:296,3
DA:302,2
LF:28
LH:28
end_of_record
SF:/Users/rodydavis/dev/signals.dart/packages/signals_core/lib/src/extensions/iterable.dart
DA:6,1
DA:7,2
DA:10,1
DA:11,2
DA:14,1
DA:15,2
DA:18,1
DA:19,2
DA:22,1
DA:23,2
DA:26,1
DA:27,2
DA:30,3
DA:32,1
DA:33,2
DA:36,1
DA:37,2
DA:40,1
DA:41,2
DA:44,3
DA:46,3
DA:48,3
DA:50,1
DA:51,2
DA:54,3
DA:56,1
DA:57,2
DA:60,3
DA:62,1
DA:63,2
DA:66,1
DA:67,2
DA:70,3
DA:72,1
DA:73,2
DA:76,1
DA:77,2
DA:80,1
DA:81,2
DA:84,1
DA:85,2
DA:88,1
DA:89,2
DA:92,1
DA:93,2
DA:96,1
DA:97,2
DA:100,1
DA:101,2
DA:104,1
DA:105,2
DA:108,1
DA:109,2
DA:116,2
LF:54
LH:54
end_of_record
SF:/Users/rodydavis/dev/signals.dart/packages/signals_core/lib/src/extensions/list.dart
DA:8,1
DA:9,2
DA:12,3
DA:14,1
DA:15,2
DA:18,1
DA:19,2
DA:22,1
DA:23,2
DA:26,1
DA:27,2
DA:30,1
DA:31,2
DA:34,1
DA:35,2
DA:38,1
DA:39,2
DA:42,1
DA:43,2
DA:46,1
DA:47,2
DA:50,1
DA:51,2
DA:54,1
DA:55,2
DA:58,1
DA:59,2
DA:62,3
DA:65,1
DA:66,2
DA:67,1
DA:71,1
DA:72,2
DA:78,1
DA:79,2
DA:80,2
DA:83,1
DA:84,2
DA:85,2
DA:88,1
DA:89,2
DA:90,2
DA:93,1
DA:94,2
DA:95,2
DA:98,1
DA:99,2
DA:100,2
DA:103,1
DA:104,2
DA:105,2
DA:108,1
DA:109,2
DA:110,2
DA:113,1
DA:114,2
DA:115,2
DA:118,1
DA:119,2
DA:120,2
DA:123,1
DA:124,2
DA:125,2
DA:128,1
DA:129,2
DA:130,2
DA:134,1
DA:135,2
DA:136,2
DA:140,1
DA:141,2
DA:142,2
DA:146,1
DA:147,2
DA:148,2
DA:151,1
DA:152,2
DA:153,2
DA:156,1
DA:157,2
DA:158,2
DA:161,1
DA:162,2
DA:163,2
DA:166,1
DA:167,2
DA:168,2
DA:171,1
DA:172,2
DA:173,2
DA:176,1
DA:177,2
DA:178,2
DA:181,1
DA:182,2
DA:183,2
DA:190,4
LF:97
LH:97
end_of_record
SF:/Users/rodydavis/dev/signals.dart/packages/signals_core/lib/src/extensions/map.dart
DA:6,1
DA:7,2
DA:10,1
DA:11,2
DA:14,1
DA:15,2
DA:18,1
DA:19,2
DA:22,3
DA:24,3
DA:26,3
DA:28,3
DA:30,3
DA:32,1
DA:33,2
DA:36,3
DA:41,1
DA:42,2
DA:43,2
DA:46,1
DA:47,2
DA:48,2
DA:51,1
DA:52,2
DA:53,2
DA:56,1
DA:57,2
DA:58,2
DA:61,1
DA:62,2
DA:63,2
DA:66,1
DA:67,2
DA:68,2
DA:72,1
DA:73,2
DA:74,2
DA:78,1
DA:79,2
DA:80,2
DA:83,1
DA:84,2
DA:85,2
DA:89,1
DA:90,2
DA:91,2
DA:98,2
LF:47
LH:47
end_of_record
SF:/Users/rodydavis/dev/signals.dart/packages/signals_core/lib/src/extensions/num.dart
DA:18,3
DA:25,3
DA:32,3
DA:60,3
DA:63,3
DA:80,3
DA:98,3
DA:118,3
DA:125,3
DA:132,3
DA:139,3
DA:146,3
DA:158,3
DA:165,3
DA:173,3
DA:182,3
DA:195,3
DA:214,3
DA:227,3
DA:239,3
DA:251,3
DA:263,3
DA:277,3
DA:286,3
DA:295,3
DA:306,3
DA:324,1
DA:325,2
DA:330,3
DA:336,3
DA:363,1
DA:364,2
DA:386,1
DA:387,2
DA:409,1
DA:410,2
DA:423,0
LF:37
LH:36
end_of_record
SF:/Users/rodydavis/dev/signals.dart/packages/signals_core/lib/src/extensions/pattern.dart
DA:33,1
DA:34,2
DA:52,1
DA:53,2
DA:59,2
LF:5
LH:5
end_of_record
SF:/Users/rodydavis/dev/signals.dart/packages/signals_core/lib/src/extensions/set.dart
DA:14,1
DA:15,2
DA:18,1
DA:19,2
DA:22,1
DA:23,2
DA:26,1
DA:27,2
DA:30,1
DA:31,2
DA:34,1
DA:35,2
DA:56,1
DA:57,1
DA:58,1
DA:59,1
DA:63,1
DA:64,1
DA:65,1
DA:66,1
DA:69,2
DA:71,1
DA:72,1
DA:73,1
DA:74,1
DA:78,1
DA:79,1
DA:80,1
DA:81,1
DA:84,1
DA:85,1
DA:86,1
DA:87,1
DA:90,1
DA:91,1
DA:92,1
DA:93,1
DA:96,1
DA:97,1
DA:98,1
DA:99,1
DA:113,2
LF:42
LH:42
end_of_record
SF:/Users/rodydavis/dev/signals.dart/packages/signals_core/lib/src/extensions/string.dart
DA:18,3
DA:21,3
DA:36,3
DA:45,3
DA:73,1
DA:74,2
DA:89,1
DA:90,2
DA:107,1
DA:108,2
DA:111,3
DA:114,3
DA:122,3
DA:135,3
DA:173,3
DA:182,3
DA:191,3
DA:205,3
DA:229,1
DA:230,2
DA:254,1
DA:255,2
DA:273,1
DA:274,2
DA:286,1
DA:287,2
DA:305,1
DA:310,2
DA:323,1
DA:324,2
DA:348,1
DA:349,2
DA:366,1
DA:367,2
DA:456,3
DA:483,1
DA:488,2
DA:491,3
DA:498,3
DA:510,3
DA:522,3
DA:528,2
LF:42
LH:42
end_of_record
SF:/Users/rodydavis/dev/signals.dart/packages/signals_core/lib/src/extensions/enum.dart
DA:12,3
DA:27,3
DA:33,2
LF:3
LH:3
end_of_record
SF:/Users/rodydavis/dev/signals.dart/packages/signals_core/lib/src/extensions/function.dart
DA:17,2
LF:1
LH:1
end_of_record
SF:/Users/rodydavis/dev/signals.dart/packages/signals_core/lib/src/mixins/sink.dart
DA:44,1
DA:46,1
DA:49,1
DA:51,1
LF:4
LH:4
end_of_record
SF:/Users/rodydavis/dev/signals.dart/packages/signals_core/lib/src/mixins/stream.dart
DA:68,2
DA:69,1
DA:70,4
DA:71,3
DA:73,1
DA:75,1
DA:77,2
DA:80,1
DA:85,2
DA:91,1
DA:93,2
DA:96,1
DA:98,2
DA:101,1
DA:103,2
DA:106,1
DA:108,2
DA:111,1
DA:113,2
DA:116,1
DA:118,2
DA:121,1
DA:123,2
DA:126,1
DA:128,2
DA:131,1
DA:133,2
DA:136,1
DA:137,2
DA:139,1
DA:144,2
DA:147,1
DA:152,2
DA:155,1
DA:157,2
DA:160,1
DA:165,2
DA:168,1
DA:169,2
DA:171,1
DA:172,2
DA:174,1
DA:176,2
DA:179,1
DA:180,2
DA:182,1
DA:187,2
DA:190,1
DA:191,2
DA:193,1
DA:200,2
DA:208,1
DA:210,2
DA:213,1
DA:215,2
DA:218,1
DA:220,2
DA:223,1
DA:224,2
DA:226,1
DA:231,2
DA:234,1
DA:236,2
DA:239,1
DA:241,2
DA:244,1
DA:246,2
DA:249,1
DA:251,2
DA:254,1
DA:259,2
DA:262,1
DA:264,2
DA:267,1
DA:269,2
DA:272,1
DA:274,2
DA:277,1
DA:279,2
LF:79
LH:79
end_of_record
SF:/Users/rodydavis/dev/signals.dart/packages/signals_core/lib/src/persisted/signal.dart
DA:72,1
DA:82,1
DA:84,1
DA:89,2
DA:127,1
DA:129,2
DA:133,1
DA:137,1
DA:139,3
DA:140,1
DA:143,1
DA:145,1
DA:146,2
DA:150,1
DA:151,3
DA:152,1
DA:153,1
DA:157,1
DA:158,1
DA:159,3
DA:163,2
DA:166,2
DA:172,2
DA:179,1
DA:186,1
DA:187,0
DA:188,0
DA:189,1
DA:190,1
DA:194,1
DA:197,1
DA:198,3
DA:199,3
DA:200,3
DA:201,3
DA:204,1
DA:205,5
LF:37
LH:35
end_of_record
SF:/Users/rodydavis/dev/signals.dart/packages/signals_core/lib/src/persisted/bool.dart
DA:7,1
DA:11,1
DA:13,1
DA:16,1
DA:17,2
DA:19,1
DA:20,1
DA:26,1
DA:30,1
DA:32,1
DA:35,1
DA:37,3
DA:39,1
DA:40,1
LF:14
LH:14
end_of_record
SF:/Users/rodydavis/dev/signals.dart/packages/signals_core/lib/src/persisted/double.dart
DA:7,1
DA:11,1
DA:13,1
DA:16,1
DA:17,1
DA:19,1
DA:20,1
DA:26,1
DA:30,1
DA:32,1
DA:35,1
DA:36,2
DA:38,1
DA:39,1
LF:14
LH:14
end_of_record
SF:/Users/rodydavis/dev/signals.dart/packages/signals_core/lib/src/persisted/enum.dart
DA:8,2
DA:9,2
DA:10,4
DA:11,4
DA:22,1
DA:27,1
DA:29,1
DA:35,1
DA:36,1
DA:38,1
DA:39,1
DA:46,1
DA:51,1
DA:53,1
DA:59,1
DA:60,1
DA:62,1
DA:63,1
LF:18
LH:18
end_of_record
SF:/Users/rodydavis/dev/signals.dart/packages/signals_core/lib/src/persisted/int.dart
DA:7,1
DA:11,1
DA:13,1
DA:16,1
DA:17,1
DA:19,1
DA:20,1
DA:26,1
DA:30,1
DA:32,1
DA:35,1
DA:36,2
DA:38,1
DA:39,1
LF:14
LH:14
end_of_record
SF:/Users/rodydavis/dev/signals.dart/packages/signals_core/lib/src/persisted/num.dart
DA:7,1
DA:11,1
DA:13,1
DA:16,1
DA:17,1
DA:19,1
DA:20,1
DA:26,1
DA:30,1
DA:32,1
DA:35,1
DA:36,2
DA:38,1
DA:39,1
LF:14
LH:14
end_of_record
SF:/Users/rodydavis/dev/signals.dart/packages/signals_core/lib/src/persisted/store.dart
DA:46,1
DA:58,1
DA:60,2
DA:63,0
DA:65,0
DA:68,1
DA:70,2
LF:7
LH:5
end_of_record
SF:/Users/rodydavis/dev/signals.dart/packages/signals_core/lib/src/persisted/string.dart
DA:7,1
DA:11,1
DA:13,1
DA:16,1
DA:19,1
DA:28,1
DA:32,1
DA:34,1
DA:37,1
DA:38,1
DA:40,1
DA:41,1
LF:12
LH:12
end_of_record
SF:/Users/rodydavis/dev/signals.dart/packages/signals_core/lib/src/utils/deep_collection_equality.dart
DA:13,1
DA:18,1
DA:19,3
DA:20,2
DA:21,4
DA:32,1
DA:33,3
DA:34,2
DA:35,3
DA:36,3
DA:50,1
DA:51,3
DA:52,2
DA:53,1
DA:64,1
DA:66,3
DA:68,1
DA:69,1
DA:70,1
DA:71,1
DA:72,1
DA:73,1
DA:76,1
LF:23
LH:23
end_of_record
SF:/Users/rodydavis/dev/signals.dart/packages/preact_signals/lib/src/listenable.dart
DA:11,1
DA:12,1
DA:15,2
DA:17,1
DA:18,1
DA:20,1
DA:23,2
DA:24,1
DA:28,14
DA:34,17
DA:38,48
DA:39,12
DA:40,24
DA:49,14
DA:64,21
DA:65,24
DA:67,2
DA:69,24
DA:70,24
DA:72,12
DA:73,12
DA:79,14
DA:82,14
DA:91,12
DA:101,36
DA:102,8
DA:105,2
DA:107,4
DA:108,8
DA:124,36
DA:125,12
DA:126,2
DA:132,14
LF:33
LH:33
end_of_record
SF:/Users/rodydavis/dev/signals.dart/packages/preact_signals/lib/src/signal.dart
DA:72,18
DA:75,18
DA:85,0
DA:87,0
DA:92,10
DA:93,10
DA:97,9
DA:99,9
DA:100,9
DA:113,10
DA:120,3
DA:121,3
DA:122,3
DA:124,13
DA:128,10
DA:147,0
DA:153,0
DA:154,0
DA:155,0
DA:157,0
DA:161,0
DA:169,3
DA:174,7
DA:176,7
DA:179,6
DA:181,6
DA:184,2
DA:186,2
DA:189,10
DA:199,10
DA:201,18
DA:203,10
DA:211,18
DA:227,9
DA:232,36
DA:233,9
DA:241,9
DA:246,9
DA:247,1
DA:250,9
DA:251,9
DA:252,18
DA:253,9
DA:255,9
DA:257,16
DA:258,14
DA:261,9
DA:276,9
DA:280,9
LF:49
LH:41
end_of_record
SF:/Users/rodydavis/dev/signals.dart/packages/preact_signals/lib/src/readonly.dart
DA:67,2
DA:70,0
DA:73,1
DA:76,1
DA:79,1
DA:83,1
DA:84,1
DA:86,3
DA:87,6
DA:90,4
DA:93,2
DA:96,2
DA:114,4
DA:121,4
DA:128,1
DA:129,1
DA:133,1
DA:134,1
DA:138,1
DA:139,1
DA:143,10
DA:146,30
DA:147,20
DA:148,10
DA:149,10
DA:151,20
DA:152,13
DA:155,10
DA:163,1
DA:164,1
DA:178,1
DA:179,1
DA:188,0
DA:191,0
DA:192,0
DA:198,17
DA:208,13
DA:209,26
DA:222,13
DA:223,13
DA:224,13
DA:225,26
DA:226,13
DA:227,13
DA:228,13
DA:229,13
DA:230,13
DA:232,13
DA:233,18
DA:235,13
DA:236,13
DA:240,39
DA:241,10
DA:244,39
DA:246,13
DA:261,13
DA:262,27
DA:264,9
DA:265,0
DA:268,18
DA:269,9
DA:271,18
DA:272,9
DA:284,3
DA:289,6
DA:290,3
DA:294,3
DA:303,8
DA:307,8
DA:308,7
DA:309,7
DA:311,2
DA:312,2
DA:315,3
DA:316,3
DA:318,14
DA:319,7
DA:321,14
DA:322,10
DA:363,2
DA:368,2
LF:81
LH:76
end_of_record
SF:/Users/rodydavis/dev/signals.dart/packages/preact_signals/lib/src/computed.dart
DA:93,0
DA:97,0
DA:98,0
DA:102,7
DA:104,7
DA:105,7
DA:117,7
DA:123,2
DA:124,2
DA:125,2
DA:126,7
DA:129,7
DA:131,7
DA:133,21
DA:135,21
DA:142,28
DA:145,21
DA:147,14
DA:150,7
DA:154,14
DA:155,21
DA:156,9
DA:162,7
DA:164,14
DA:165,7
DA:166,15
DA:167,10
DA:168,6
DA:169,7
DA:170,21
DA:171,14
DA:174,6
DA:175,6
DA:176,6
DA:179,7
DA:180,21
DA:184,3
DA:186,3
DA:187,9
DA:191,4
DA:192,2
DA:195,3
DA:198,3
DA:201,3
DA:202,2
DA:206,2
DA:207,6
DA:209,4
DA:210,4
DA:216,3
DA:218,9
DA:219,9
DA:221,6
DA:222,6
DA:227,7
DA:232,21
DA:233,1
DA:236,7
DA:237,7
DA:239,8
DA:241,21
DA:242,6
DA:244,7
DA:250,1
DA:252,1
DA:275,7
DA:279,7
LF:67
LH:64
end_of_record
SF:/Users/rodydavis/dev/signals.dart/packages/preact_signals/lib/src/effect.dart
DA:97,7
DA:101,1
DA:104,7
DA:106,1
DA:112,7
DA:117,7
DA:119,21
DA:120,7
DA:122,14
DA:124,7
DA:125,1
DA:128,7
DA:134,7
DA:139,21
DA:140,0
DA:142,14
DA:143,21
DA:144,7
DA:145,7
DA:147,7
DA:150,14
DA:153,7
DA:158,21
DA:159,14
DA:160,7
DA:167,5
DA:168,10
DA:169,15
DA:170,5
DA:177,7
DA:179,7
DA:181,1
DA:186,7
DA:191,7
DA:194,7
DA:195,7
DA:198,1
DA:204,1
DA:206,3
DA:207,2
DA:208,1
DA:212,1
DA:219,5
DA:222,10
DA:223,10
DA:225,5
DA:226,5
DA:228,5
DA:233,7
DA:236,7
DA:237,0
DA:239,7
DA:242,21
DA:243,21
DA:244,1
DA:246,7
DA:271,7
DA:275,14
LF:58
LH:56
end_of_record
SF:/Users/rodydavis/dev/signals.dart/packages/preact_signals/lib/src/batch.dart
DA:7,9
DA:10,15
DA:14,12
DA:15,5
DA:16,5
DA:18,5
DA:19,5
DA:25,9
DA:31,10
DA:32,20
DA:33,3
DA:35,5
DA:39,9
DA:44,9
DA:47,9
DA:52,9
DA:53,7
DA:59,9
DA:65,7
DA:68,7
DA:69,7
DA:70,21
DA:72,28
DA:74,7
DA:77,2
DA:86,9
DA:89,2
DA:102,4
DA:157,5
DA:161,5
DA:162,1
DA:164,5
DA:165,5
DA:167,5
DA:169,5
LF:35
LH:35
end_of_record
SF:/Users/rodydavis/dev/signals.dart/packages/preact_signals/lib/src/untracked.dart
DA:56,7
DA:63,7
LF:2
LH:2
end_of_record
SF:/Users/rodydavis/dev/signals.dart/packages/preact_signals/lib/src/options.dart
DA:12,4
DA:14,0
DA:17,0
DA:20,0
DA:21,0
DA:43,2
DA:46,1
DA:47,2
DA:50,1
DA:53,4
DA:56,1
DA:57,2
DA:88,4
DA:95,1
DA:100,1
DA:101,1
DA:102,1
DA:103,1
DA:107,1
DA:110,1
DA:111,3
DA:112,3
DA:113,3
DA:116,1
DA:117,4
DA:145,8
DA:148,4
DA:155,1
DA:161,1
DA:162,1
DA:163,1
DA:164,1
DA:165,1
DA:169,1
DA:172,1
DA:173,3
DA:174,3
DA:175,3
DA:176,3
DA:179,1
DA:180,5
DA:205,3
DA:211,1
DA:217,1
DA:218,1
DA:219,1
DA:220,1
DA:224,1
DA:227,1
DA:228,3
DA:229,3
DA:230,3
DA:233,1
DA:234,4
LF:54
LH:50
end_of_record
SF:/Users/rodydavis/dev/signals.dart/packages/preact_signals/lib/src/equality.dart
DA:40,7
DA:49,2
DA:55,2
DA:61,1
DA:82,5
DA:83,10
DA:84,10
DA:102,5
DA:103,1
DA:120,2
DA:121,2
DA:123,4
DA:124,4
DA:140,5
DA:141,1
DA:147,4
DA:150,2
DA:151,3
DA:152,3
DA:153,3
DA:159,2
DA:160,3
DA:161,2
DA:162,4
DA:168,2
DA:169,3
DA:170,1
DA:171,2
DA:173,3
DA:174,2
DA:175,1
DA:186,1
LF:32
LH:32
end_of_record
SF:/Users/rodydavis/dev/signals.dart/packages/preact_signals/lib/src/action.dart
DA:82,2
DA:83,6
DA:84,8
DA:86,3
DA:87,4
DA:89,3
DA:90,4
DA:92,3
DA:93,4
DA:95,3
DA:96,4
DA:98,2
DA:99,1
DA:100,4
DA:102,2
DA:110,1
DA:111,4
DA:113,2
DA:122,1
DA:123,4
DA:134,1
DA:135,1
DA:145,1
DA:146,4
DA:158,1
DA:159,1
DA:170,1
DA:171,4
DA:184,1
DA:185,1
DA:197,1
DA:198,2
DA:199,2
DA:221,5
DA:235,1
DA:236,6
DA:250,1
DA:251,6
DA:266,1
DA:267,6
DA:283,1
DA:284,6
DA:301,1
DA:304,6
DA:309,1
DA:312,2
DA:313,4
DA:319,1
DA:322,2
DA:323,4
DA:329,1
DA:332,2
DA:333,4
DA:339,1
DA:342,2
DA:343,4
DA:349,1
DA:363,2
DA:364,4
DA:403,5
DA:438,7
DA:473,1
DA:474,6
DA:511,1
DA:512,6
DA:518,1
DA:519,6
DA:525,1
DA:526,6
DA:532,3
DA:533,4
DA:548,3
DA:549,4
DA:565,1
DA:566,2
DA:567,4
DA:584,1
DA:585,2
DA:586,4
DA:604,1
DA:605,2
DA:606,4
LF:82
LH:82
end_of_record
SF:/Users/rodydavis/dev/signals.dart/packages/preact_signals/lib/src/model.dart
DA:29,6
DA:35,1
DA:39,1
DA:40,0
DA:41,1
DA:45,1
DA:48,1
DA:49,3
DA:50,0
DA:53,1
DA:54,3
DA:85,1
DA:92,1
DA:93,2
DA:94,2
DA:100,1
DA:101,2
DA:102,2
DA:107,1
DA:108,2
DA:109,1
DA:111,2
DA:115,1
DA:116,3
DA:117,1
DA:118,1
DA:119,2
DA:120,1
DA:121,0
DA:147,1
DA:153,1
DA:154,1
DA:156,2
DA:157,1
DA:158,3
DA:159,1
DA:161,1
DA:163,0
DA:164,1
DA:167,0
DA:169,0
DA:170,0
DA:174,1
DA:176,0
DA:177,1
DA:246,1
DA:250,1
LF:47
LH:39
end_of_record
SF:/Users/rodydavis/dev/signals.dart/packages/preact_signals/lib/src/globals.dart
DA:60,2
DA:64,2
DA:67,0
DA:71,0
DA:74,4
DA:97,5
DA:108,1
DA:111,1
DA:113,1
DA:116,1
LF:10
LH:8
end_of_record
