SF:/Users/rodydavis/Developer/dart_signals/packages/signals/lib/src/signals.dart
DA:15,0
DA:16,0
DA:25,0
DA:26,0
DA:62,3
DA:81,4
DA:82,4
DA:85,4
DA:86,4
DA:87,3
DA:98,3
DA:101,3
DA:102,3
DA:103,9
DA:105,12
DA:107,3
DA:119,4
DA:193,0
DA:194,0
DA:195,0
DA:197,0
DA:199,0
DA:201,0
DA:228,0
DA:229,0
DA:230,0
DA:234,0
DA:236,0
DA:238,0
DA:252,4
DA:257,3
DA:258,6
DA:271,3
DA:274,3
DA:282,3
DA:283,2
DA:285,3
DA:286,3
DA:290,9
DA:291,3
DA:294,9
DA:296,3
DA:311,3
DA:312,0
DA:314,0
DA:315,0
DA:318,0
DA:319,0
DA:321,0
DA:322,0
DA:428,1
DA:438,4
DA:441,4
DA:452,1
DA:457,4
DA:459,16
DA:462,0
DA:464,0
DA:465,0
DA:466,0
DA:470,3
DA:471,9
DA:472,6
DA:473,3
DA:474,2
DA:476,3
DA:480,3
DA:481,3
DA:483,1
DA:485,1
DA:486,1
DA:487,1
DA:489,1
DA:490,1
DA:493,1
DA:494,1
DA:496,2
DA:497,1
DA:502,1
DA:503,1
DA:505,1
DA:507,1
DA:510,1
DA:514,2
DA:516,1
DA:517,2
DA:518,3
DA:520,1
DA:522,2
DA:527,1
DA:528,1
DA:530,1
DA:531,2
DA:533,1
DA:534,1
DA:536,3
DA:537,3
DA:541,4
DA:543,4
DA:545,6
DA:547,4
DA:550,3
DA:552,3
DA:553,0
DA:556,6
DA:557,3
DA:561,1
DA:562,1
DA:565,4
DA:566,4
DA:567,0
DA:570,4
DA:571,8
DA:572,4
DA:574,4
DA:576,7
DA:577,6
DA:580,4
DA:611,3
DA:612,3
DA:613,3
DA:631,3
DA:635,4
DA:639,12
DA:640,2
DA:641,4
DA:650,3
DA:663,4
DA:664,6
DA:666,0
DA:668,6
DA:669,6
DA:671,3
DA:672,3
DA:678,3
DA:679,3
DA:688,3
DA:698,9
DA:699,2
DA:702,2
DA:704,1
DA:705,2
DA:721,9
DA:722,3
DA:723,1
DA:729,3
DA:784,1
DA:786,1
DA:789,0
DA:791,0
DA:792,0
DA:793,0
DA:797,1
DA:799,1
DA:803,1
DA:805,1
DA:807,3
DA:809,3
DA:816,4
DA:819,3
DA:821,2
DA:824,1
DA:828,2
DA:829,3
DA:830,3
DA:836,1
DA:838,2
DA:839,3
DA:840,1
DA:841,2
DA:842,0
DA:843,1
DA:844,2
DA:845,3
DA:846,2
DA:849,0
DA:850,0
DA:851,0
DA:854,1
DA:855,3
DA:859,0
DA:861,0
DA:862,0
DA:866,0
DA:867,0
DA:870,0
DA:873,0
DA:876,0
DA:877,0
DA:881,0
DA:882,0
DA:884,0
DA:885,0
DA:891,0
DA:893,0
DA:894,0
DA:896,0
DA:897,0
DA:902,0
DA:904,0
DA:905,0
DA:907,0
DA:908,0
DA:910,0
DA:913,1
DA:915,3
DA:916,0
DA:919,1
DA:920,1
DA:922,0
DA:924,3
DA:925,0
DA:927,1
DA:930,0
DA:931,0
DA:933,0
DA:934,0
DA:936,0
DA:937,0
DA:950,0
DA:952,0
DA:986,1
DA:990,1
DA:991,1
DA:995,3
DA:996,3
DA:997,3
DA:1000,0
DA:1006,0
DA:1008,0
DA:1009,0
DA:1010,0
DA:1014,0
DA:1019,1
DA:1020,2
DA:1021,2
DA:1023,1
DA:1024,1
DA:1026,1
DA:1029,3
DA:1030,3
DA:1031,0
DA:1033,3
DA:1036,9
DA:1037,9
DA:1038,0
DA:1040,3
DA:1070,3
DA:1072,12
DA:1075,0
DA:1077,0
DA:1080,3
DA:1084,3
DA:1086,3
DA:1087,3
DA:1089,9
DA:1090,3
DA:1092,6
DA:1094,3
DA:1095,0
DA:1098,3
DA:1102,3
DA:1103,9
DA:1104,0
DA:1106,6
DA:1107,9
DA:1108,3
DA:1109,3
DA:1111,3
DA:1114,6
DA:1117,3
DA:1119,9
DA:1120,6
DA:1121,3
DA:1126,1
DA:1127,2
DA:1128,3
DA:1129,1
DA:1177,3
DA:1178,3
DA:1179,3
DA:1181,3
DA:1183,0
DA:1188,3
LF:284
LH:198
end_of_record
SF:/Users/rodydavis/Developer/dart_signals/packages/signals/lib/src/devtool.dart
DA:4,3
DA:8,3
DA:9,3
DA:10,3
DA:15,6
DA:18,3
DA:19,3
DA:20,3
DA:22,0
DA:23,0
DA:24,0
DA:25,0
DA:26,0
DA:27,0
DA:28,0
DA:29,0
DA:32,0
DA:33,0
DA:34,0
DA:35,0
DA:36,0
DA:37,0
DA:38,0
DA:39,0
DA:42,0
DA:43,0
DA:44,0
DA:45,0
DA:46,0
DA:47,0
DA:48,0
DA:51,0
DA:52,0
DA:53,0
DA:57,0
DA:62,3
DA:64,0
DA:65,0
DA:67,0
DA:68,0
DA:69,0
DA:70,0
DA:71,0
DA:72,0
DA:73,0
DA:79,0
DA:80,0
DA:81,0
DA:82,0
DA:83,0
DA:84,0
DA:85,0
DA:91,0
DA:92,0
DA:93,0
DA:94,0
DA:95,0
DA:96,0
DA:102,0
DA:103,0
DA:105,0
DA:116,6
DA:117,3
DA:118,3
DA:119,15
DA:120,9
DA:121,6
DA:122,3
DA:123,3
DA:127,2
DA:128,1
DA:129,1
DA:130,5
DA:131,3
DA:132,2
DA:133,1
DA:134,1
DA:138,6
DA:139,3
DA:140,3
DA:141,15
DA:142,9
DA:143,6
DA:144,3
DA:145,3
LF:85
LH:33
end_of_record
SF:/Users/rodydavis/Developer/dart_signals/packages/signals/lib/src/future_signal.dart
DA:36,1
DA:42,1
DA:43,1
DA:56,1
DA:57,1
DA:58,2
DA:59,1
DA:62,1
DA:63,1
DA:64,1
DA:67,1
DA:68,0
DA:69,0
DA:72,2
DA:74,2
DA:76,0
DA:77,0
DA:79,0
DA:84,1
DA:86,2
DA:87,2
DA:88,1
DA:93,0
DA:94,0
DA:95,0
DA:96,0
DA:101,4
DA:104,0
DA:107,0
DA:110,0
DA:115,0
DA:116,0
DA:117,0
DA:118,0
DA:122,0
DA:128,0
DA:129,0
DA:131,0
DA:132,0
DA:133,0
DA:134,0
DA:135,0
DA:136,0
DA:137,0
DA:138,0
DA:139,0
DA:144,0
DA:151,0
DA:152,0
DA:154,0
DA:155,0
DA:157,0
DA:158,0
DA:160,0
DA:161,0
DA:162,0
DA:164,0
DA:165,0
DA:168,0
DA:172,1
DA:173,1
DA:174,2
DA:175,1
DA:182,0
DA:183,0
DA:188,0
DA:189,0
DA:191,1
DA:193,2
DA:197,0
DA:199,0
DA:201,0
DA:205,0
DA:206,0
DA:220,1
DA:226,1
LF:76
LH:26
end_of_record
SF:/Users/rodydavis/Developer/dart_signals/packages/signals/lib/src/stream_signal.dart
DA:39,1
DA:45,1
DA:46,1
DA:59,0
DA:60,0
DA:61,0
DA:62,0
DA:63,0
DA:66,1
DA:67,1
DA:68,1
DA:69,4
DA:70,1
DA:71,2
DA:73,0
DA:74,0
DA:76,1
DA:81,0
DA:82,0
DA:85,1
DA:87,1
DA:88,2
DA:89,1
DA:94,0
DA:95,0
DA:96,0
DA:97,0
DA:102,4
DA:105,0
DA:108,0
DA:113,0
DA:114,0
DA:115,0
DA:116,0
DA:120,0
DA:125,0
DA:126,0
DA:128,0
DA:129,0
DA:130,0
DA:131,0
DA:132,0
DA:133,0
DA:138,0
DA:144,0
DA:145,0
DA:147,0
DA:148,0
DA:150,0
DA:151,0
DA:153,0
DA:154,0
DA:157,0
DA:160,0
DA:161,0
DA:166,0
DA:167,0
DA:169,1
DA:171,2
DA:175,0
DA:177,0
DA:179,0
DA:183,0
DA:184,0
DA:194,1
DA:200,1
LF:66
LH:19
end_of_record
SF:/Users/rodydavis/Developer/dart_signals/packages/signals/lib/src/list_signal.dart
DA:8,1
DA:10,0
DA:11,0
DA:13,0
DA:15,0
DA:16,0
DA:19,1
DA:20,2
DA:22,0
DA:24,0
DA:25,0
DA:28,1
DA:29,2
DA:31,0
DA:33,0
DA:34,0
DA:37,0
DA:39,0
DA:42,0
DA:44,0
DA:47,0
DA:49,0
DA:50,0
DA:54,0
DA:55,0
DA:56,0
DA:61,0
DA:62,0
DA:63,0
DA:67,0
DA:68,0
DA:69,0
DA:72,1
DA:74,2
DA:75,2
DA:78,0
DA:80,0
DA:81,0
DA:84,0
DA:86,0
DA:89,0
DA:91,0
DA:94,0
DA:96,0
DA:99,0
DA:101,0
DA:102,0
DA:105,1
DA:107,2
DA:110,0
DA:112,0
DA:115,0
DA:117,0
DA:120,0
DA:122,0
DA:125,0
DA:127,0
DA:128,0
DA:131,0
DA:133,0
DA:136,0
DA:138,0
DA:141,0
DA:143,0
DA:146,0
DA:148,0
DA:149,0
DA:152,0
DA:154,0
DA:157,0
DA:159,0
DA:162,0
DA:164,0
DA:167,0
DA:169,0
DA:170,0
DA:173,0
DA:175,0
DA:176,0
DA:179,0
DA:180,0
DA:182,0
DA:183,0
DA:185,1
DA:186,2
DA:188,0
DA:190,0
DA:193,0
DA:195,0
DA:198,0
DA:200,0
DA:203,0
DA:205,0
DA:208,0
DA:210,0
DA:213,0
DA:215,0
DA:218,1
DA:220,2
DA:221,2
DA:225,0
DA:227,0
DA:228,0
DA:232,0
DA:234,0
DA:235,0
DA:239,0
DA:241,0
DA:242,0
DA:245,0
DA:247,0
DA:248,0
DA:251,0
DA:253,0
DA:254,0
DA:257,0
DA:259,0
DA:260,0
DA:263,0
DA:264,0
DA:266,0
DA:268,0
DA:269,0
DA:272,0
DA:274,0
DA:275,0
DA:278,0
DA:280,0
DA:281,0
DA:284,0
DA:285,0
DA:287,0
DA:289,0
DA:292,0
DA:294,0
DA:297,0
DA:299,0
DA:302,0
DA:304,0
DA:305,0
DA:308,0
DA:310,0
DA:313,0
DA:315,0
DA:318,0
DA:320,0
DA:323,0
DA:325,0
DA:328,0
DA:330,0
DA:333,0
DA:335,0
DA:338,0
DA:340,0
DA:343,1
DA:345,4
DA:348,0
DA:350,0
DA:351,0
DA:352,0
DA:353,0
DA:359,0
DA:363,0
LF:163
LH:17
end_of_record
SF:/Users/rodydavis/Developer/dart_signals/packages/signals/lib/src/map_signal.dart
DA:6,1
DA:8,1
DA:10,2
DA:13,1
DA:15,2
DA:16,2
DA:20,0
DA:21,0
DA:22,0
DA:27,0
DA:28,0
DA:29,0
DA:33,0
DA:34,0
DA:35,0
DA:38,0
DA:40,0
DA:41,0
DA:44,0
DA:46,0
DA:47,0
DA:50,0
DA:52,0
DA:55,0
DA:57,0
DA:58,0
DA:61,1
DA:63,2
DA:66,0
DA:68,0
DA:71,0
DA:72,0
DA:74,0
DA:76,0
DA:77,0
DA:80,0
DA:81,0
DA:83,0
DA:84,0
DA:86,1
DA:87,2
DA:89,1
DA:90,2
DA:92,0
DA:94,0
DA:97,0
DA:99,0
DA:100,0
DA:104,1
DA:106,2
DA:107,2
DA:111,0
DA:113,0
DA:114,0
DA:117,0
DA:119,0
DA:120,0
DA:124,0
DA:126,0
DA:127,0
DA:130,0
DA:131,0
DA:133,1
DA:135,4
DA:138,0
DA:140,0
DA:141,0
DA:142,0
DA:143,0
DA:149,0
DA:153,0
LF:71
LH:17
end_of_record
SF:/Users/rodydavis/Developer/dart_signals/packages/signals/lib/src/set_signal.dart
DA:6,1
DA:8,1
DA:10,2
DA:11,2
DA:15,0
DA:17,0
DA:18,0
DA:21,0
DA:23,0
DA:26,0
DA:28,0
DA:31,0
DA:33,0
DA:34,0
DA:37,1
DA:39,2
DA:42,0
DA:44,0
DA:47,0
DA:49,0
DA:52,0
DA:54,0
DA:57,0
DA:59,0
DA:62,0
DA:64,0
DA:67,0
DA:68,0
DA:70,0
DA:72,0
DA:75,0
DA:77,0
DA:80,0
DA:82,0
DA:85,0
DA:87,0
DA:88,0
DA:91,0
DA:93,0
DA:96,0
DA:97,0
DA:99,0
DA:100,0
DA:102,1
DA:103,2
DA:105,0
DA:107,0
DA:110,1
DA:111,2
DA:113,0
DA:115,0
DA:118,1
DA:119,2
DA:122,0
DA:123,0
DA:124,0
DA:129,0
DA:130,0
DA:131,0
DA:135,0
DA:136,0
DA:137,0
DA:140,0
DA:142,0
DA:145,0
DA:147,0
DA:150,0
DA:152,0
DA:155,1
DA:157,2
DA:158,2
DA:162,0
DA:164,0
DA:165,0
DA:168,0
DA:170,0
DA:171,0
DA:174,0
DA:176,0
DA:177,0
DA:180,0
DA:182,0
DA:183,0
DA:186,0
DA:187,0
DA:189,0
DA:191,0
DA:194,0
DA:196,0
DA:199,0
DA:201,0
DA:204,0
DA:206,0
DA:209,0
DA:211,0
DA:214,0
DA:216,0
DA:219,0
DA:221,0
DA:224,0
DA:226,0
DA:229,0
DA:231,0
DA:234,0
DA:236,0
DA:239,1
DA:241,4
DA:244,0
DA:246,0
DA:247,0
DA:248,0
DA:249,0
DA:255,0
DA:259,0
LF:114
LH:17
end_of_record
SF:/Users/rodydavis/Developer/dart_signals/packages/signals/lib/src/iterable_signal.dart
DA:7,1
DA:9,0
DA:11,0
DA:14,0
DA:16,0
DA:19,0
DA:21,0
DA:24,0
DA:26,0
DA:29,0
DA:31,0
DA:34,0
DA:36,0
DA:39,0
DA:40,0
DA:42,0
DA:44,0
DA:47,0
DA:49,0
DA:52,0
DA:54,0
DA:57,0
DA:59,0
DA:60,0
DA:63,0
DA:64,0
DA:66,0
DA:67,0
DA:69,1
DA:70,2
DA:72,0
DA:74,0
DA:77,0
DA:78,0
DA:80,0
DA:82,0
DA:85,0
DA:86,0
DA:88,0
DA:90,0
DA:93,0
DA:95,0
DA:98,0
DA:99,0
DA:101,0
DA:103,0
DA:106,0
DA:108,0
DA:111,0
DA:113,0
DA:116,0
DA:118,0
DA:121,0
DA:123,0
DA:126,0
DA:128,0
DA:131,0
DA:133,0
DA:136,0
DA:138,0
DA:141,0
DA:143,0
DA:148,0
DA:152,0
LF:64
LH:3
end_of_record
SF:/Users/rodydavis/Developer/dart_signals/packages/signals/lib/src/connect.dart
DA:7,0
DA:24,0
DA:28,0
DA:29,0
DA:30,0
DA:32,0
DA:33,0
DA:37,0
DA:42,0
DA:45,0
DA:46,0
DA:47,0
DA:53,0
DA:54,0
LF:14
LH:0
end_of_record
SF:/Users/rodydavis/Developer/dart_signals/packages/signals/lib/src/extensions/stream.dart
DA:30,1
DA:31,1
DA:32,1
LF:3
LH:3
end_of_record
SF:/Users/rodydavis/Developer/dart_signals/packages/signals/lib/src/extensions/future.dart
DA:26,1
DA:27,1
DA:28,1
LF:3
LH:3
end_of_record
SF:/Users/rodydavis/Developer/dart_signals/packages/signals/lib/src/extensions/list.dart
DA:6,1
DA:7,1
LF:2
LH:2
end_of_record
SF:/Users/rodydavis/Developer/dart_signals/packages/signals/lib/src/extensions/map.dart
DA:6,1
DA:7,1
LF:2
LH:2
end_of_record
SF:/Users/rodydavis/Developer/dart_signals/packages/signals/lib/src/extensions/set.dart
DA:6,1
DA:7,1
LF:2
LH:2
end_of_record
SF:/Users/rodydavis/Developer/dart_signals/packages/signals/lib/src/extensions/iterable.dart
DA:6,1
DA:7,1
LF:2
LH:2
end_of_record
SF:/Users/rodydavis/Developer/dart_signals/packages/signals_core/lib/src/async/connect.dart
DA:8,1
DA:27,1
DA:35,3
DA:38,1
DA:39,1
DA:40,2
DA:41,1
DA:44,1
DA:45,5
DA:46,1
DA:50,3
DA:55,2
DA:58,1
DA:59,3
DA:60,1
DA:62,2
DA:63,2
DA:68,1
DA:69,1
DA:70,1
LF:20
LH:20
end_of_record
SF:/Users/rodydavis/Developer/dart_signals/packages/signals_core/lib/src/extensions/future.dart
DA:15,1
DA:24,1
DA:25,1
LF:3
LH:3
end_of_record
SF:/Users/rodydavis/Developer/dart_signals/packages/signals_core/lib/src/extensions/stream.dart
DA:20,1
DA:30,1
DA:31,1
LF:3
LH:3
end_of_record
SF:/Users/rodydavis/Developer/dart_signals/packages/signals_core/lib/src/extensions/signal.dart
DA:5,0
DA:11,0
DA:14,0
DA:20,0
DA:22,0
DA:24,0
DA:26,0
DA:28,0
DA:30,0
DA:31,0
DA:32,0
DA:44,0
DA:50,0
DA:51,0
DA:62,0
LF:15
LH:0
end_of_record
SF:/Users/rodydavis/Developer/dart_signals/packages/signals_core/lib/src/extensions/callback.dart
DA:14,0
DA:20,0
DA:26,0
LF:3
LH:0
end_of_record
SF:/Users/rodydavis/Developer/dart_signals/packages/signals_core/lib/src/extensions/object.dart
DA:6,0
DA:11,0
DA:23,0
DA:28,0
LF:4
LH:0
end_of_record
SF:/Users/rodydavis/Developer/dart_signals/packages/signals_core/lib/src/utils/timer.dart
DA:11,0
DA:17,0
DA:18,0
DA:20,0
DA:22,0
DA:25,0
DA:27,0
DA:33,0
DA:39,0
DA:50,0
DA:57,0
LF:11
LH:0
end_of_record
SF:/Users/rodydavis/Developer/dart_signals/packages/signals_core/lib/src/async/state.dart
DA:23,5
DA:31,5
DA:32,5
DA:36,3
DA:37,5
DA:41,5
DA:42,5
DA:53,5
DA:54,9
DA:58,17
DA:63,10
DA:66,10
DA:69,10
DA:72,4
DA:88,1
DA:95,1
DA:96,1
DA:97,3
DA:98,1
DA:99,1
DA:100,3
DA:101,1
DA:102,2
DA:104,1
DA:107,1
DA:123,1
DA:131,1
DA:132,1
DA:133,3
DA:134,1
DA:136,1
DA:137,3
DA:138,1
DA:139,2
DA:141,1
DA:145,1
DA:146,1
DA:149,5
DA:152,15
DA:153,15
DA:154,15
DA:155,15
DA:156,15
DA:157,6
DA:158,6
DA:161,1
DA:163,3
DA:164,3
DA:165,3
DA:166,3
DA:167,3
DA:168,3
DA:169,2
DA:176,5
DA:180,5
DA:182,5
DA:185,5
DA:188,5
DA:189,5
DA:195,3
DA:200,3
DA:202,2
DA:205,3
DA:208,3
DA:209,3
DA:215,5
LF:66
LH:66
end_of_record
SF:/Users/rodydavis/Developer/dart_signals/packages/signals_core/lib/src/async/signal.dart
DA:9,4
DA:20,3
DA:21,3
DA:22,6
DA:23,6
DA:27,1
DA:28,1
DA:29,2
DA:33,2
DA:34,4
DA:35,6
DA:36,4
DA:40,4
DA:41,8
DA:42,14
DA:43,8
DA:47,1
DA:48,2
DA:49,2
DA:53,3
DA:54,6
DA:55,3
DA:56,12
DA:60,4
DA:61,4
DA:62,4
DA:66,4
DA:67,8
DA:68,8
DA:69,4
DA:73,2
DA:74,2
DA:78,2
DA:83,4
DA:84,8
DA:85,8
DA:86,4
DA:89,2
DA:90,1
DA:91,1
DA:94,2
DA:98,4
DA:100,4
DA:101,4
DA:105,9
DA:109,1
DA:115,1
LF:47
LH:47
end_of_record
SF:/Users/rodydavis/Developer/dart_signals/packages/signals_core/lib/src/async/stream.dart
DA:18,2
DA:27,4
DA:30,4
DA:34,3
DA:45,3
DA:46,1
DA:47,3
DA:48,6
DA:49,3
DA:50,4
DA:51,1
DA:53,3
DA:57,1
DA:61,3
DA:62,6
DA:63,3
DA:64,6
DA:65,3
DA:66,3
DA:67,3
DA:68,3
DA:72,3
DA:73,3
DA:74,4
DA:75,6
DA:76,3
DA:80,3
DA:83,1
DA:84,2
DA:85,2
DA:89,1
DA:90,2
DA:91,2
DA:95,1
DA:96,1
DA:99,3
DA:101,3
DA:102,6
DA:103,3
DA:104,3
DA:105,4
DA:106,3
DA:107,9
DA:110,3
DA:112,3
DA:113,6
DA:114,3
DA:115,3
DA:116,4
DA:117,3
DA:118,9
DA:121,3
DA:123,3
DA:124,3
DA:125,3
DA:126,6
DA:127,3
DA:128,3
DA:131,1
DA:133,1
DA:134,1
DA:135,1
DA:138,3
DA:140,12
DA:141,3
DA:142,3
DA:144,3
DA:147,1
DA:149,1
DA:150,2
DA:151,1
DA:157,1
DA:168,1
LF:73
LH:73
end_of_record
SF:/Users/rodydavis/Developer/dart_signals/packages/signals_core/lib/src/async/future.dart
DA:8,2
DA:16,2
DA:17,6
DA:22,1
DA:31,1
LF:5
LH:5
end_of_record
SF:/Users/rodydavis/Developer/dart_signals/packages/signals_core/lib/src/async/computed.dart
DA:14,1
DA:23,1
DA:24,6
DA:45,1
DA:54,1
LF:5
LH:5
end_of_record
SF:/Users/rodydavis/Developer/dart_signals/packages/signals_core/lib/src/value/iterable.dart
DA:7,1
DA:14,0
DA:16,0
DA:19,0
DA:21,0
DA:24,0
DA:26,0
DA:29,0
DA:31,0
DA:34,0
DA:36,0
DA:39,0
DA:41,0
DA:44,0
DA:45,0
DA:47,0
DA:49,0
DA:52,0
DA:54,0
DA:57,0
DA:59,0
DA:62,0
DA:64,0
DA:65,0
DA:68,0
DA:69,0
DA:71,0
DA:72,0
DA:74,1
DA:75,2
DA:77,0
DA:79,0
DA:82,0
DA:83,0
DA:85,0
DA:87,0
DA:90,0
DA:91,0
DA:93,0
DA:95,0
DA:98,0
DA:100,0
DA:103,0
DA:104,0
DA:106,0
DA:108,0
DA:111,0
DA:113,0
DA:116,0
DA:118,0
DA:121,0
DA:123,0
DA:126,0
DA:128,0
DA:131,0
DA:133,0
DA:136,0
DA:138,0
DA:141,0
DA:143,0
DA:146,0
DA:148,0
DA:153,1
DA:159,1
DA:170,1
DA:175,1
LF:66
LH:7
end_of_record
SF:/Users/rodydavis/Developer/dart_signals/packages/signals_core/lib/src/value/list.dart
DA:8,1
DA:15,0
DA:16,0
DA:18,0
DA:20,0
DA:21,0
DA:24,1
DA:25,2
DA:27,0
DA:29,0
DA:30,0
DA:33,1
DA:34,2
DA:36,0
DA:38,0
DA:39,0
DA:42,0
DA:44,0
DA:47,0
DA:49,0
DA:52,0
DA:54,0
DA:55,0
DA:59,0
DA:60,0
DA:61,0
DA:66,0
DA:67,0
DA:68,0
DA:72,0
DA:73,0
DA:74,0
DA:77,1
DA:79,2
DA:80,2
DA:83,0
DA:85,0
DA:86,0
DA:89,0
DA:91,0
DA:94,0
DA:96,0
DA:99,0
DA:101,0
DA:104,1
DA:106,2
DA:107,2
DA:110,1
DA:112,2
DA:115,0
DA:117,0
DA:120,0
DA:122,0
DA:125,0
DA:127,0
DA:130,0
DA:132,0
DA:133,0
DA:136,0
DA:138,0
DA:141,0
DA:143,0
DA:146,0
DA:148,0
DA:151,0
DA:153,0
DA:154,0
DA:157,0
DA:159,0
DA:162,0
DA:164,0
DA:167,0
DA:169,0
DA:172,0
DA:174,0
DA:175,0
DA:178,0
DA:180,0
DA:181,0
DA:184,0
DA:185,0
DA:187,0
DA:188,0
DA:190,1
DA:191,2
DA:193,0
DA:195,0
DA:198,0
DA:200,0
DA:203,0
DA:205,0
DA:208,0
DA:210,0
DA:213,0
DA:215,0
DA:218,0
DA:220,0
DA:223,1
DA:225,2
DA:226,2
DA:230,0
DA:232,0
DA:233,0
DA:237,0
DA:239,0
DA:240,0
DA:244,0
DA:246,0
DA:247,0
DA:250,0
DA:252,0
DA:253,0
DA:256,0
DA:258,0
DA:259,0
DA:262,0
DA:264,0
DA:265,0
DA:268,0
DA:269,0
DA:271,0
DA:273,0
DA:274,0
DA:277,0
DA:279,0
DA:280,0
DA:283,0
DA:285,0
DA:286,0
DA:289,0
DA:290,0
DA:292,0
DA:294,0
DA:297,0
DA:299,0
DA:302,0
DA:304,0
DA:307,1
DA:309,2
DA:310,2
DA:314,0
DA:315,0
DA:316,0
DA:320,1
DA:322,2
DA:325,0
DA:327,0
DA:330,0
DA:332,0
DA:335,0
DA:337,0
DA:340,0
DA:342,0
DA:345,0
DA:347,0
DA:350,0
DA:352,0
DA:355,1
DA:357,1
DA:360,0
DA:362,0
DA:363,0
DA:364,0
DA:365,0
DA:371,1
DA:377,1
DA:388,1
DA:393,1
LF:168
LH:29
end_of_record
SF:/Users/rodydavis/Developer/dart_signals/packages/signals_core/lib/src/value/map.dart
DA:6,2
DA:13,1
DA:15,2
DA:18,1
DA:20,2
DA:21,2
DA:25,0
DA:26,0
DA:27,0
DA:32,0
DA:33,0
DA:34,0
DA:38,0
DA:39,0
DA:40,0
DA:43,0
DA:45,0
DA:46,0
DA:49,0
DA:51,0
DA:52,0
DA:55,0
DA:57,0
DA:60,1
DA:62,2
DA:63,2
DA:66,2
DA:68,4
DA:71,0
DA:73,0
DA:76,0
DA:77,0
DA:79,0
DA:81,0
DA:82,0
DA:85,0
DA:86,0
DA:88,0
DA:89,0
DA:91,1
DA:92,2
DA:94,2
DA:95,4
DA:97,0
DA:99,0
DA:102,1
DA:104,2
DA:105,2
DA:109,2
DA:111,4
DA:112,4
DA:116,0
DA:118,0
DA:119,0
DA:122,0
DA:124,0
DA:125,0
DA:129,0
DA:131,0
DA:132,0
DA:135,1
DA:136,2
DA:138,1
DA:140,4
DA:143,0
DA:145,0
DA:146,0
DA:147,0
DA:148,0
DA:154,1
DA:160,1
DA:171,1
DA:176,1
LF:73
LH:29
end_of_record
SF:/Users/rodydavis/Developer/dart_signals/packages/signals_core/lib/src/value/set.dart
DA:6,1
DA:13,1
DA:15,2
DA:16,2
DA:20,0
DA:22,0
DA:23,0
DA:26,0
DA:28,0
DA:31,0
DA:33,0
DA:36,1
DA:38,2
DA:39,2
DA:42,1
DA:44,2
DA:47,0
DA:49,0
DA:52,0
DA:54,0
DA:57,0
DA:59,0
DA:62,0
DA:64,0
DA:67,0
DA:69,0
DA:72,0
DA:73,0
DA:75,0
DA:77,0
DA:80,0
DA:82,0
DA:85,0
DA:87,0
DA:90,0
DA:92,0
DA:93,0
DA:96,0
DA:98,0
DA:101,0
DA:102,0
DA:104,0
DA:105,0
DA:107,1
DA:108,2
DA:110,0
DA:112,0
DA:115,1
DA:116,2
DA:118,0
DA:120,0
DA:123,1
DA:124,2
DA:127,0
DA:128,0
DA:129,0
DA:134,0
DA:135,0
DA:136,0
DA:140,0
DA:141,0
DA:142,0
DA:145,0
DA:147,0
DA:150,0
DA:152,0
DA:155,0
DA:157,0
DA:160,1
DA:162,2
DA:163,2
DA:167,0
DA:169,0
DA:170,0
DA:173,0
DA:175,0
DA:176,0
DA:179,0
DA:181,0
DA:182,0
DA:185,0
DA:187,0
DA:188,0
DA:191,0
DA:192,0
DA:194,0
DA:196,0
DA:199,0
DA:201,0
DA:204,0
DA:206,0
DA:209,0
DA:211,0
DA:214,0
DA:216,0
DA:219,0
DA:221,0
DA:224,0
DA:226,0
DA:229,0
DA:231,0
DA:234,0
DA:236,0
DA:239,0
DA:241,0
DA:244,1
DA:246,1
DA:249,0
DA:251,0
DA:252,0
DA:253,0
DA:254,0
DA:260,1
DA:266,1
DA:277,1
DA:282,1
LF:116
LH:24
end_of_record
SF:/Users/rodydavis/Developer/dart_signals/packages/signals_core/lib/src/value/change_stack.dart
DA:19,0
DA:33,0
DA:36,0
DA:39,0
DA:42,0
DA:45,0
DA:48,0
DA:51,0
DA:52,0
DA:53,0
DA:57,0
DA:58,0
DA:59,0
DA:60,0
DA:61,0
DA:65,0
DA:66,0
DA:67,0
DA:68,0
DA:69,0
DA:73,0
DA:74,0
DA:75,0
DA:79,0
DA:80,0
DA:84,0
DA:85,0
DA:88,0
DA:89,0
DA:90,0
DA:91,0
DA:116,0
DA:123,0
LF:33
LH:0
end_of_record
SF:/Users/rodydavis/Developer/dart_signals/packages/signals_core/lib/src/core/observer.dart
DA:16,0
DA:18,0
DA:21,0
DA:23,0
DA:26,0
DA:28,0
DA:31,0
DA:33,0
DA:37,0
LF:9
LH:0
end_of_record
SF:/Users/rodydavis/Developer/dart_signals/packages/signals_core/lib/src/core/container.dart
DA:71,1
DA:77,1
DA:78,1
DA:79,3
DA:80,6
DA:83,2
DA:88,3
DA:91,3
DA:94,3
DA:97,1
DA:98,4
DA:99,1
DA:101,2
DA:119,1
DA:123,1
DA:144,1
DA:148,1
LF:17
LH:17
end_of_record
SF:/Users/rodydavis/Developer/dart_signals/packages/signals_core/lib/src/core/signal.dart
DA:142,0
DA:144,1
DA:145,1
DA:165,14
DA:174,14
DA:175,14
DA:189,3
DA:194,2
DA:196,5
DA:199,0
DA:201,0
DA:202,0
DA:203,0
DA:207,9
DA:208,27
DA:209,18
DA:210,9
DA:211,10
DA:213,9
DA:217,9
DA:218,9
DA:220,9
DA:222,9
DA:223,8
DA:224,8
DA:226,5
DA:227,5
DA:230,2
DA:231,2
DA:233,16
DA:234,5
DA:239,9
DA:241,9
DA:242,17
DA:243,4
DA:247,5
DA:249,5
DA:252,14
DA:254,14
DA:255,6
DA:256,6
DA:260,8
DA:264,16
DA:266,8
DA:267,16
DA:268,24
DA:270,8
DA:272,16
DA:277,7
DA:278,7
DA:280,2
DA:281,4
DA:283,1
DA:284,1
DA:286,14
DA:287,14
DA:289,0
DA:290,0
DA:292,6
DA:293,6
DA:297,14
DA:299,14
DA:301,2
DA:302,6
DA:304,2
DA:307,14
DA:309,20
DA:311,14
DA:314,0
DA:315,0
DA:317,0
DA:318,0
DA:320,9
DA:322,9
DA:323,1
DA:325,9
DA:328,13
DA:329,13
DA:330,1
DA:332,39
DA:333,26
DA:334,13
DA:338,13
DA:339,13
DA:340,0
DA:343,26
DA:344,13
DA:345,26
DA:346,13
DA:348,13
DA:350,19
DA:351,12
DA:354,13
DA:357,13
DA:368,2
DA:370,4
DA:372,1
DA:373,2
DA:377,7
DA:379,7
DA:380,9
DA:381,2
DA:383,7
DA:386,1
DA:388,1
DA:389,1
DA:390,1
DA:414,9
DA:420,9
DA:429,0
DA:435,0
LF:111
LH:97
end_of_record
SF:/Users/rodydavis/Developer/dart_signals/packages/signals_core/lib/src/core/signals.dart
DA:24,0
DA:25,0
DA:34,1
DA:35,1
DA:71,10
DA:102,14
DA:107,10
DA:108,14
DA:121,10
DA:124,10
DA:132,10
DA:133,14
DA:135,10
DA:136,10
DA:140,30
DA:141,9
DA:144,18
DA:146,6
DA:161,6
DA:162,3
DA:164,1
DA:165,0
DA:168,2
DA:169,1
DA:171,2
DA:172,1
DA:200,7
DA:204,10
DA:208,28
DA:209,12
DA:210,24
DA:219,11
DA:232,18
DA:233,14
DA:235,0
DA:237,14
DA:238,14
DA:240,7
DA:241,7
DA:247,11
DA:248,11
DA:257,10
DA:267,30
DA:268,12
DA:271,12
DA:273,6
DA:274,12
DA:290,30
DA:291,10
DA:292,6
DA:298,11
DA:304,1
DA:306,0
DA:307,0
DA:311,0
DA:312,0
DA:313,0
DA:319,1
DA:320,2
DA:321,1
LF:60
LH:51
end_of_record
SF:/Users/rodydavis/Developer/dart_signals/packages/signals_core/lib/src/core/computed.dart
DA:43,1
DA:44,1
DA:78,6
DA:80,6
DA:83,1
DA:85,2
DA:86,2
DA:87,2
DA:91,6
DA:93,6
DA:94,6
DA:95,6
DA:99,6
DA:101,6
DA:102,4
DA:103,4
DA:107,6
DA:114,6
DA:117,6
DA:118,6
DA:121,6
DA:123,18
DA:125,18
DA:132,24
DA:135,18
DA:137,12
DA:140,6
DA:144,12
DA:145,6
DA:146,12
DA:147,3
DA:153,6
DA:155,12
DA:156,12
DA:157,30
DA:158,12
DA:159,6
DA:160,6
DA:162,12
DA:164,24
DA:165,6
DA:166,12
DA:167,18
DA:168,12
DA:172,1
DA:173,2
DA:174,2
DA:177,6
DA:178,18
DA:182,5
DA:184,5
DA:185,15
DA:189,6
DA:190,2
DA:193,5
DA:196,2
DA:199,2
DA:200,2
DA:204,2
DA:205,6
DA:207,4
DA:208,4
DA:212,4
DA:213,1
DA:217,4
DA:219,4
DA:220,8
DA:221,12
DA:224,4
DA:226,12
DA:227,12
DA:229,8
DA:230,8
DA:235,1
DA:237,1
DA:238,0
DA:240,3
DA:241,1
DA:243,1
DA:246,1
DA:247,1
DA:249,6
DA:251,6
DA:252,1
DA:253,3
DA:254,1
DA:257,18
DA:258,0
DA:260,6
DA:261,6
DA:263,10
DA:265,18
DA:266,1
DA:268,6
DA:271,1
DA:272,1
DA:274,1
DA:275,1
DA:277,1
DA:278,2
DA:280,1
DA:281,1
DA:294,4
DA:296,4
DA:301,2
DA:303,4
DA:305,0
DA:306,0
DA:310,1
DA:312,1
DA:313,2
DA:314,1
DA:316,2
DA:317,2
DA:318,1
DA:321,1
DA:322,1
DA:324,1
DA:326,1
DA:327,1
DA:328,1
DA:362,6
DA:368,6
LF:123
LH:119
end_of_record
SF:/Users/rodydavis/Developer/dart_signals/packages/signals_core/lib/src/core/effect.dart
DA:3,10
DA:4,10
DA:5,10
DA:8,0
DA:14,0
DA:16,0
DA:17,0
DA:18,0
DA:22,0
DA:27,6
DA:28,11
DA:29,10
DA:31,6
DA:32,6
DA:34,6
DA:37,10
DA:38,10
DA:39,0
DA:41,10
DA:44,30
DA:45,30
DA:46,0
DA:48,10
DA:78,10
DA:80,40
DA:83,0
DA:85,0
DA:88,10
DA:94,10
DA:95,10
DA:98,10
DA:99,10
DA:100,9
DA:101,9
DA:105,10
DA:106,10
DA:108,30
DA:109,10
DA:111,20
DA:113,10
DA:114,0
DA:117,10
DA:119,10
DA:122,10
DA:123,30
DA:124,0
DA:126,20
DA:127,30
DA:128,10
DA:129,10
DA:131,10
DA:134,20
DA:137,6
DA:139,18
DA:140,12
DA:141,6
DA:146,6
DA:147,12
DA:148,18
DA:149,6
DA:153,0
DA:155,0
DA:202,10
DA:207,10
DA:209,10
DA:211,0
DA:212,0
DA:217,6
DA:218,6
DA:219,6
DA:220,1
LF:71
LH:55
end_of_record
SF:/Users/rodydavis/Developer/dart_signals/packages/signals_core/lib/src/core/value.dart
DA:5,9
DA:17,4
DA:18,4
DA:19,6
DA:22,4
DA:27,0
DA:33,0
LF:7
LH:5
end_of_record
SF:/Users/rodydavis/Developer/dart_signals/packages/signals_core/lib/src/core/devtool.dart
DA:4,15
DA:8,15
DA:9,15
DA:10,15
DA:11,30
DA:17,30
DA:19,0
DA:24,0
DA:25,0
DA:26,0
DA:27,0
DA:28,0
DA:29,0
DA:30,0
DA:31,0
DA:32,0
DA:35,0
DA:36,0
DA:37,0
DA:38,0
DA:39,0
DA:40,0
DA:41,0
DA:42,0
DA:43,0
DA:44,0
DA:47,0
DA:48,0
DA:49,0
DA:50,0
DA:51,0
DA:52,0
DA:53,0
DA:54,0
DA:55,0
DA:58,0
DA:59,0
DA:60,0
DA:64,0
DA:65,0
DA:69,15
DA:70,15
DA:71,15
DA:73,0
DA:74,0
DA:75,0
DA:82,28
DA:83,14
DA:84,1
DA:85,14
DA:86,28
DA:87,14
DA:88,14
DA:89,14
DA:90,28
DA:91,42
DA:95,42
DA:98,13
DA:99,1
DA:100,13
DA:101,26
DA:102,13
DA:103,13
DA:104,13
DA:105,13
DA:106,51
DA:112,12
DA:113,6
DA:114,1
DA:115,6
DA:116,12
DA:117,6
DA:118,6
DA:119,6
DA:120,18
DA:121,18
DA:126,18
DA:129,6
DA:130,1
DA:131,6
DA:132,12
DA:133,6
DA:134,6
DA:135,6
DA:136,6
DA:137,30
DA:138,26
DA:144,30
DA:145,20
DA:146,10
DA:147,10
DA:148,30
DA:149,30
DA:150,20
DA:151,10
DA:152,10
DA:153,10
DA:154,30
DA:161,10
DA:162,10
DA:163,30
DA:164,30
DA:165,40
DA:166,20
DA:167,10
DA:168,10
DA:169,10
DA:170,48
DA:171,10
DA:177,6
DA:178,6
DA:179,18
DA:180,30
DA:181,12
DA:182,6
DA:183,6
DA:184,6
LF:117
LH:80
end_of_record
SF:/Users/rodydavis/Developer/dart_signals/packages/signals_core/lib/src/core/batch.dart
DA:3,15
DA:4,15
DA:7,15
DA:8,15
DA:9,6
DA:20,6
DA:23,6
DA:24,6
DA:25,18
DA:27,24
DA:29,6
DA:41,15
DA:115,1
DA:116,1
DA:117,1
DA:119,1
DA:121,1
DA:123,1
LF:18
LH:18
end_of_record
SF:/Users/rodydavis/Developer/dart_signals/packages/signals_core/lib/src/core/untracked.dart
DA:23,0
DA:24,0
DA:25,0
DA:29,0
DA:31,0
DA:33,0
LF:6
LH:0
end_of_record
SF:/Users/rodydavis/Developer/dart_signals/packages/signals_flutter/lib/src/extensions/signal.dart
DA:10,1
DA:14,1
DA:40,0
DA:45,0
DA:54,0
DA:55,0
DA:60,0
DA:61,0
DA:62,0
DA:63,0
DA:73,0
DA:74,0
DA:75,0
DA:76,0
DA:77,0
LF:15
LH:2
end_of_record
SF:/Users/rodydavis/Developer/dart_signals/packages/signals_flutter/lib/src/extensions/value_listenable.dart
DA:7,0
DA:8,0
DA:9,0
DA:10,0
DA:11,0
DA:18,0
DA:20,0
LF:7
LH:0
end_of_record
SF:/Users/rodydavis/Developer/dart_signals/packages/signals_flutter/lib/src/extensions/value_notifier.dart
DA:7,0
DA:8,0
DA:9,0
DA:10,0
DA:11,0
DA:12,0
DA:18,0
DA:19,0
LF:8
LH:0
end_of_record
SF:/Users/rodydavis/Developer/dart_signals/packages/signals_flutter/lib/src/watch/widget.dart
DA:7,1
DA:9,0
DA:15,1
DA:16,1
DA:23,0
DA:25,0
DA:26,0
DA:27,0
DA:28,0
DA:29,0
DA:30,0
DA:33,1
DA:35,1
DA:36,2
DA:39,1
DA:41,2
DA:42,1
DA:45,1
DA:46,1
DA:47,4
DA:48,2
DA:49,1
DA:50,2
DA:53,1
DA:55,1
DA:56,3
DA:59,1
DA:61,2
DA:62,1
DA:63,1
DA:64,4
DA:66,1
DA:69,2
DA:71,1
LF:34
LH:26
end_of_record
SF:/Users/rodydavis/Developer/dart_signals/packages/signals_flutter/lib/src/watch/extension.dart
DA:9,3
DA:12,1
DA:15,3
DA:16,3
DA:17,2
DA:18,5
DA:19,0
DA:27,1
DA:32,1
DA:33,1
DA:34,1
DA:35,2
DA:36,2
DA:37,2
DA:38,1
DA:40,3
DA:43,1
DA:47,0
DA:48,0
DA:49,0
DA:50,0
DA:72,0
DA:78,0
DA:79,0
DA:80,0
DA:81,0
DA:82,0
DA:83,0
DA:85,0
DA:90,0
DA:96,0
DA:97,0
LF:32
LH:16
end_of_record
SF:/Users/rodydavis/Developer/dart_signals/packages/signals_flutter/lib/src/watch/element_watcher.dart
DA:6,1
DA:18,1
DA:19,3
DA:20,2
DA:24,1
DA:25,3
DA:26,3
DA:27,1
DA:28,1
DA:32,0
DA:33,0
DA:34,0
DA:35,0
DA:36,0
DA:40,0
DA:41,0
DA:42,0
DA:43,0
DA:45,0
DA:48,0
DA:49,0
DA:50,0
DA:51,0
DA:52,0
DA:54,0
DA:57,1
DA:58,1
DA:59,3
DA:60,2
DA:61,0
DA:64,3
DA:65,1
DA:67,4
DA:68,2
DA:73,0
DA:74,0
DA:75,0
DA:76,0
DA:77,0
DA:78,0
DA:81,0
DA:82,0
DA:83,0
DA:89,0
DA:90,0
DA:91,0
DA:94,1
DA:95,3
DA:98,0
DA:99,0
DA:100,0
DA:101,0
DA:103,0
DA:104,0
DA:105,0
LF:55
LH:19
end_of_record
