SF:lib/src/devtool.dart
LF:0
LH:0
end_of_record
SF:lib/src/utils/timer.dart
DA:12,1
DA:17,1
DA:18,2
DA:20,3
DA:22,1
DA:25,1
DA:27,2
DA:34,1
DA:39,1
DA:49,1
DA:55,1
LF:11
LH:11
end_of_record
SF:lib/src/mixins/iterable.dart
DA:4,3
DA:6,6
DA:9,1
DA:11,2
DA:14,3
DA:16,6
DA:19,3
DA:21,6
DA:24,3
DA:26,6
DA:29,2
DA:31,4
DA:34,3
DA:35,6
DA:37,2
DA:39,4
DA:42,2
DA:44,4
DA:47,2
DA:49,4
DA:52,3
DA:54,6
DA:55,6
DA:58,3
DA:59,6
DA:61,3
DA:62,6
DA:64,3
DA:65,6
DA:67,3
DA:69,6
DA:72,2
DA:73,4
DA:75,3
DA:77,6
DA:80,3
DA:81,6
DA:83,3
DA:85,6
DA:88,3
DA:90,6
DA:93,3
DA:94,6
DA:96,3
DA:98,6
DA:101,3
DA:103,6
DA:106,3
DA:108,6
DA:111,3
DA:113,6
DA:116,3
DA:118,6
DA:121,2
DA:123,4
DA:126,2
DA:128,4
DA:131,3
DA:133,6
DA:136,3
DA:138,6
LF:61
LH:61
end_of_record
SF:lib/src/value/tracked.dart
DA:6,0
DA:14,0
DA:19,0
LF:3
LH:0
end_of_record
SF:lib/src/mixins/map.dart
DA:4,1
DA:6,2
DA:9,1
DA:11,2
DA:12,2
DA:15,1
DA:17,2
DA:18,2
DA:21,1
DA:23,2
DA:24,2
DA:27,1
DA:29,2
DA:32,1
DA:34,2
DA:35,2
DA:38,2
DA:40,4
DA:43,1
DA:45,2
DA:48,1
DA:49,2
DA:51,1
DA:53,2
DA:54,2
DA:57,1
DA:58,2
DA:60,1
DA:61,2
DA:63,1
DA:64,2
DA:66,2
DA:67,4
DA:69,1
DA:71,2
DA:74,1
DA:76,2
DA:77,2
DA:81,2
DA:83,4
DA:84,4
DA:85,6
DA:86,4
DA:91,1
DA:93,2
DA:94,2
DA:97,1
DA:99,2
DA:100,2
DA:104,1
DA:106,2
DA:107,2
DA:110,1
DA:111,2
DA:114,0
LF:55
LH:54
end_of_record
SF:lib/src/value/map.dart
DA:8,2
DA:15,1
DA:16,2
DA:17,2
DA:22,1
DA:23,3
DA:24,1
DA:28,1
DA:29,4
DA:30,1
DA:33,1
DA:35,4
DA:38,1
DA:40,2
DA:41,2
DA:42,2
DA:43,3
DA:49,2
DA:54,2
DA:64,1
DA:68,1
LF:21
LH:21
end_of_record
SF:lib/src/mixins/queue.dart
DA:6,0
DA:8,0
DA:9,0
DA:12,0
DA:14,0
DA:15,0
DA:18,0
DA:20,0
DA:21,0
DA:24,0
DA:26,0
DA:27,0
DA:30,0
DA:32,0
DA:35,0
DA:37,0
DA:40,0
DA:42,0
DA:45,0
DA:47,0
DA:50,0
DA:52,0
DA:55,0
DA:57,0
DA:60,0
DA:62,0
DA:65,0
DA:66,0
DA:68,0
DA:70,0
DA:73,0
DA:75,0
DA:78,0
DA:80,0
DA:83,0
DA:85,0
DA:88,0
DA:89,0
DA:91,0
DA:92,0
DA:94,0
DA:95,0
DA:97,0
DA:99,0
DA:102,0
DA:103,0
DA:105,0
DA:107,0
DA:110,0
DA:111,0
DA:113,0
DA:115,0
DA:118,0
DA:120,0
DA:123,0
DA:125,0
DA:126,0
DA:130,0
DA:132,0
DA:133,0
DA:137,0
DA:139,0
DA:140,0
DA:144,0
DA:146,0
DA:147,0
DA:151,0
DA:153,0
DA:154,0
DA:158,0
DA:159,0
DA:161,0
DA:163,0
DA:166,0
DA:168,0
DA:171,0
DA:173,0
DA:176,0
DA:178,0
DA:181,0
DA:183,0
DA:186,0
DA:187,0
DA:189,0
DA:190,0
DA:192,0
DA:193,0
DA:195,0
DA:196,0
LF:89
LH:0
end_of_record
SF:lib/src/value/queue.dart
DA:8,0
DA:16,0
DA:21,0
DA:31,0
DA:35,0
LF:5
LH:0
end_of_record
SF:lib/src/mixins/list.dart
DA:6,1
DA:8,2
DA:11,1
DA:13,2
DA:14,2
DA:17,1
DA:18,2
DA:20,1
DA:22,2
DA:23,2
DA:26,1
DA:28,2
DA:29,2
DA:32,1
DA:34,2
DA:37,1
DA:39,2
DA:42,1
DA:44,2
DA:45,2
DA:48,1
DA:50,2
DA:51,2
DA:54,1
DA:56,2
DA:57,2
DA:60,1
DA:62,2
DA:65,1
DA:67,2
DA:68,2
DA:71,1
DA:73,2
DA:76,1
DA:78,2
DA:79,2
DA:82,1
DA:84,2
DA:87,1
DA:89,2
DA:92,1
DA:94,2
DA:97,1
DA:99,2
DA:102,1
DA:104,2
DA:107,1
DA:109,2
DA:112,1
DA:114,2
DA:115,2
DA:118,1
DA:120,2
DA:121,2
DA:124,1
DA:126,2
DA:129,1
DA:131,2
DA:134,1
DA:136,2
DA:138,2
DA:143,1
DA:145,2
DA:146,2
DA:150,1
DA:152,2
DA:153,2
DA:157,1
DA:159,2
DA:160,2
DA:163,1
DA:165,2
DA:166,2
DA:169,1
DA:171,2
DA:172,2
DA:175,1
DA:177,2
DA:178,2
DA:181,1
DA:182,2
DA:184,1
DA:186,2
DA:187,2
DA:190,1
DA:192,2
DA:193,2
DA:196,1
DA:198,2
DA:199,2
DA:202,1
DA:204,2
DA:205,2
DA:209,1
DA:210,1
DA:211,1
DA:215,1
DA:217,2
LF:98
LH:98
end_of_record
SF:lib/src/value/change_stack.dart
DA:30,1
DA:36,1
DA:53,1
DA:59,1
LF:4
LH:4
end_of_record
SF:lib/src/mixins/set.dart
DA:4,1
DA:6,1
DA:7,1
DA:8,1
DA:12,1
DA:14,1
DA:15,1
DA:16,1
DA:19,1
DA:21,2
DA:24,1
DA:25,1
DA:27,1
DA:29,2
DA:32,1
DA:34,2
DA:37,1
DA:39,2
DA:42,1
DA:44,2
DA:47,1
DA:49,1
DA:50,1
DA:52,1
DA:57,1
DA:59,1
DA:60,1
DA:61,1
DA:64,1
DA:66,1
DA:67,1
DA:68,1
DA:71,1
DA:73,1
DA:74,1
DA:75,1
DA:78,1
DA:80,1
DA:81,1
DA:82,1
DA:85,1
DA:87,2
LF:42
LH:42
end_of_record
SF:lib/src/value/iterable.dart
DA:8,1
DA:14,1
DA:16,4
DA:19,1
DA:21,2
DA:22,2
DA:23,2
DA:24,2
DA:30,1
DA:35,1
DA:45,1
DA:49,1
LF:12
LH:12
end_of_record
SF:lib/src/mixins/changestack.dart
DA:26,2
DA:29,2
DA:32,3
DA:35,3
DA:37,1
DA:42,1
DA:43,1
DA:45,2
DA:46,2
DA:47,5
DA:48,2
DA:54,1
DA:55,1
DA:56,2
DA:57,1
DA:58,2
DA:62,1
DA:63,1
DA:64,2
DA:65,1
DA:66,2
DA:70,1
DA:71,1
DA:72,1
DA:76,1
DA:77,2
DA:81,1
DA:82,2
LF:28
LH:28
end_of_record
SF:lib/src/mixins/tracked.dart
DA:6,6
DA:10,6
DA:13,3
DA:15,3
DA:16,3
DA:17,3
DA:20,3
DA:22,3
DA:23,3
DA:25,6
DA:27,1
LF:11
LH:11
end_of_record
SF:lib/src/value/list.dart
DA:8,1
DA:15,1
DA:16,2
DA:17,2
DA:22,1
DA:23,3
DA:24,1
DA:28,1
DA:29,4
DA:30,1
DA:33,1
DA:35,4
DA:38,1
DA:40,2
DA:41,2
DA:42,2
DA:43,2
DA:49,1
DA:54,1
DA:64,1
DA:68,1
LF:21
LH:21
end_of_record
SF:lib/src/value/set.dart
DA:8,1
DA:15,1
DA:16,1
DA:17,1
DA:18,1
DA:19,1
DA:23,1
DA:24,1
DA:25,2
DA:26,1
DA:30,1
DA:31,1
DA:32,3
DA:33,1
DA:36,1
DA:38,4
DA:41,1
DA:43,2
DA:44,2
DA:45,2
DA:46,2
DA:52,1
DA:57,1
DA:67,1
DA:71,1
LF:25
LH:25
end_of_record
SF:lib/src/core/container.dart
DA:71,1
DA:77,1
DA:78,1
DA:79,1
DA:80,4
DA:81,2
DA:82,1
DA:84,6
DA:90,2
DA:95,3
DA:98,3
DA:101,3
DA:104,1
DA:106,5
DA:107,1
DA:109,2
DA:127,1
DA:131,1
DA:152,1
DA:156,1
LF:20
LH:20
end_of_record
SF:lib/src/core/signal.dart
DA:15,26
DA:20,26
DA:21,52
DA:32,1
DA:35,1
DA:36,1
DA:39,26
DA:41,33
DA:42,26
DA:45,23
DA:47,30
DA:56,23
DA:62,23
DA:63,1
DA:65,72
DA:66,23
DA:67,23
DA:73,26
DA:75,26
DA:76,1
DA:78,26
DA:80,4
DA:81,4
DA:82,2
DA:86,26
DA:90,1
DA:92,8
DA:94,8
DA:95,12
DA:96,4
DA:110,1
DA:111,1
DA:112,1
DA:113,1
DA:356,14
DA:361,14
DA:376,1
DA:380,1
LF:38
LH:38
end_of_record
SF:lib/src/core/signals.dart
DA:28,1
DA:30,0
DA:31,0
DA:37,0
DA:38,0
DA:39,0
DA:47,1
DA:48,1
DA:49,2
DA:56,1
DA:57,2
DA:58,1
LF:12
LH:7
end_of_record
SF:lib/src/core/auto_dispose.dart
DA:14,70
DA:31,6
DA:32,12
DA:33,1
DA:34,2
DA:39,0
DA:40,0
DA:41,0
DA:42,0
DA:46,12
DA:47,12
DA:48,17
DA:49,5
DA:51,12
LF:14
LH:10
end_of_record
SF:lib/src/core/computed.dart
DA:344,9
DA:349,9
DA:350,11
DA:363,1
DA:364,2
DA:365,1
DA:367,1
DA:371,2
DA:373,3
DA:376,9
DA:378,11
DA:385,5
DA:386,5
DA:387,15
DA:388,15
DA:390,8
DA:391,6
DA:395,1
DA:397,1
DA:398,2
DA:402,1
DA:404,3
DA:406,3
DA:407,4
DA:408,1
DA:412,9
DA:414,9
DA:415,2
DA:416,2
DA:417,1
DA:420,9
DA:423,9
DA:425,9
DA:426,9
DA:602,8
DA:607,8
LF:36
LH:36
end_of_record
SF:lib/src/core/effect.dart
DA:209,9
DA:213,9
DA:216,9
DA:218,9
DA:219,9
DA:222,4
DA:224,4
DA:225,4
DA:226,5
DA:227,1
DA:229,4
DA:230,4
DA:236,2
DA:239,1
DA:240,2
DA:241,2
DA:242,1
DA:258,1
DA:259,2
DA:260,1
DA:261,2
DA:363,9
DA:368,9
DA:373,2
DA:375,9
LF:25
LH:25
end_of_record
SF:lib/src/core/observer.dart
DA:44,0
DA:47,0
DA:50,0
DA:53,32
DA:54,6
LF:5
LH:2
end_of_record
SF:lib/src/core/batch.dart
DA:68,12
LF:1
LH:1
end_of_record
SF:lib/src/core/readonly.dart
DA:25,0
DA:29,0
LF:2
LH:0
end_of_record
SF:lib/src/core/untracked.dart
DA:23,4
LF:1
LH:1
end_of_record
SF:lib/src/async/connect.dart
DA:53,1
DA:72,1
DA:80,3
DA:83,1
DA:84,1
DA:85,2
DA:86,1
DA:89,1
DA:90,5
DA:91,1
DA:95,3
DA:100,2
DA:103,1
DA:104,3
DA:105,1
DA:107,2
DA:108,2
DA:158,1
DA:159,1
DA:160,1
LF:20
LH:20
end_of_record
SF:lib/src/async/state.dart
DA:178,7
DA:181,1
DA:182,1
DA:186,1
DA:187,1
DA:191,7
DA:192,7
DA:196,1
DA:197,2
DA:201,1
DA:202,2
DA:206,4
DA:207,7
DA:211,5
DA:212,5
DA:260,1
DA:267,1
DA:268,1
DA:269,3
DA:270,1
DA:271,1
DA:272,3
DA:273,1
DA:274,2
DA:276,1
DA:279,1
DA:295,1
DA:303,1
DA:304,1
DA:305,3
DA:306,1
DA:308,1
DA:309,3
DA:310,1
DA:311,2
DA:313,1
DA:317,2
DA:318,1
DA:321,0
DA:332,5
DA:334,1
DA:337,1
DA:340,0
DA:343,0
DA:351,5
DA:353,1
DA:356,1
DA:359,0
DA:362,0
DA:369,7
DA:371,5
DA:374,2
DA:380,2
DA:383,2
DA:386,2
DA:389,6
DA:390,6
DA:392,4
DA:395,1
DA:398,1
DA:400,1
DA:401,3
DA:406,1
DA:408,3
DA:409,3
DA:410,3
DA:411,2
DA:418,2
DA:420,1
DA:423,1
DA:426,0
DA:429,0
DA:430,0
DA:431,0
DA:439,2
DA:441,1
DA:444,1
DA:447,0
DA:450,0
DA:451,0
DA:452,0
DA:459,4
DA:461,2
DA:464,3
DA:467,1
DA:470,2
DA:473,2
DA:476,2
DA:479,0
DA:481,0
DA:489,0
DA:491,0
DA:492,0
DA:493,0
DA:496,0
DA:498,0
DA:499,0
DA:500,0
DA:501,0
DA:502,0
DA:508,5
DA:510,5
DA:513,3
DA:516,1
DA:519,5
DA:522,2
DA:525,2
DA:528,0
DA:530,0
DA:532,1
DA:535,1
DA:538,0
DA:540,0
DA:543,0
LF:114
LH:84
end_of_record
SF:lib/src/async/signal.dart
DA:172,5
DA:186,3
DA:187,3
DA:188,6
DA:189,6
DA:193,1
DA:194,1
DA:195,2
DA:199,2
DA:200,4
DA:201,4
DA:202,6
DA:203,4
DA:208,5
DA:209,10
DA:210,10
DA:211,18
DA:212,10
DA:217,1
DA:218,2
DA:219,2
DA:220,2
DA:225,4
DA:226,8
DA:227,8
DA:228,4
DA:229,14
DA:234,5
DA:235,5
DA:236,5
DA:240,4
DA:241,8
DA:242,12
DA:243,4
DA:244,2
DA:249,4
DA:250,8
DA:251,12
DA:252,4
DA:253,2
DA:257,5
DA:259,5
DA:260,5
DA:264,9
DA:427,1
DA:432,1
LF:46
LH:46
end_of_record
SF:lib/src/mixins/event_sink.dart
DA:8,1
DA:10,2
DA:13,1
DA:15,2
DA:18,1
DA:20,1
LF:6
LH:6
end_of_record
SF:lib/src/async/stream.dart
DA:224,4
DA:234,4
DA:235,4
DA:236,5
DA:237,1
DA:239,4
DA:242,4
DA:244,2
DA:245,3
DA:247,1
DA:258,2
DA:267,4
DA:270,4
DA:273,4
DA:274,8
DA:275,4
DA:276,8
DA:277,4
DA:278,4
DA:279,4
DA:280,4
DA:284,3
DA:285,3
DA:286,4
DA:287,6
DA:288,3
DA:292,3
DA:295,1
DA:296,2
DA:297,2
DA:301,1
DA:302,2
DA:303,2
DA:307,1
DA:308,1
DA:311,3
DA:313,3
DA:314,6
DA:315,3
DA:316,3
DA:317,4
DA:318,3
DA:319,9
DA:322,3
DA:324,3
DA:325,6
DA:326,3
DA:327,3
DA:328,4
DA:329,3
DA:330,9
DA:333,4
DA:335,4
DA:336,4
DA:337,4
DA:338,7
DA:339,4
DA:340,4
DA:343,2
DA:345,2
DA:346,3
DA:347,3
DA:350,4
DA:352,16
DA:353,4
DA:354,4
DA:356,4
DA:359,1
DA:361,1
DA:362,2
DA:363,1
DA:476,1
DA:486,1
LF:73
LH:73
end_of_record
SF:lib/src/async/future.dart
DA:175,2
DA:182,8
DA:184,2
DA:186,2
DA:187,2
DA:190,2
DA:192,2
DA:193,2
DA:281,1
DA:289,1
LF:10
LH:10
end_of_record
SF:lib/src/async/computed.dart
DA:17,1
DA:25,1
DA:26,6
DA:50,1
DA:58,1
LF:5
LH:5
end_of_record
SF:lib/src/extensions/object.dart
DA:6,2
LF:1
LH:1
end_of_record
SF:lib/src/extensions/future.dart
DA:14,1
DA:22,1
DA:23,1
LF:3
LH:3
end_of_record
SF:lib/src/extensions/stream.dart
DA:25,1
DA:34,1
DA:35,1
DA:50,0
DA:51,0
DA:52,0
DA:53,0
DA:54,0
LF:8
LH:3
end_of_record
SF:lib/src/extensions/signal.dart
DA:5,12
DA:11,4
DA:12,12
DA:18,4
DA:20,8
DA:22,12
DA:24,8
DA:26,6
DA:27,6
DA:28,2
DA:40,1
DA:45,1
DA:46,2
DA:47,0
DA:62,3
LF:15
LH:14
end_of_record
SF:lib/src/extensions/async.dart
DA:8,0
DA:9,0
DA:10,0
DA:11,0
DA:12,0
DA:13,0
DA:14,0
DA:15,0
LF:8
LH:0
end_of_record
SF:lib/src/extensions/bool.dart
DA:8,0
DA:13,0
DA:18,0
DA:24,0
LF:4
LH:0
end_of_record
SF:lib/src/extensions/comparable.dart
DA:13,0
DA:19,0
LF:2
LH:0
end_of_record
SF:lib/src/extensions/double.dart
DA:5,0
DA:7,0
DA:9,0
DA:11,0
DA:13,0
DA:15,0
DA:17,0
DA:19,0
DA:21,0
DA:28,0
DA:44,0
DA:60,0
DA:76,0
DA:93,0
DA:114,0
DA:131,0
DA:148,0
DA:168,0
DA:174,0
LF:19
LH:0
end_of_record
SF:lib/src/extensions/int.dart
DA:18,0
DA:35,0
DA:52,0
DA:60,0
DA:79,0
DA:97,0
DA:113,0
DA:119,0
DA:127,0
DA:149,0
DA:152,0
DA:155,0
DA:177,0
DA:198,0
DA:225,0
DA:231,0
DA:239,0
DA:245,0
DA:248,0
DA:251,0
DA:254,0
DA:257,0
DA:260,0
DA:263,0
DA:266,0
DA:269,0
DA:296,0
DA:302,0
LF:28
LH:0
end_of_record
SF:lib/src/extensions/iterable.dart
DA:5,0
DA:6,0
DA:9,0
DA:10,0
DA:13,0
DA:14,0
DA:17,0
DA:18,0
DA:21,0
DA:22,0
DA:25,0
DA:26,0
DA:29,0
DA:31,0
DA:32,0
DA:35,0
DA:36,0
DA:39,0
DA:40,0
DA:43,0
DA:45,0
DA:47,0
DA:49,0
DA:50,0
DA:53,0
DA:55,0
DA:56,0
DA:59,0
DA:61,0
DA:62,0
DA:65,0
DA:66,0
DA:69,0
DA:71,0
DA:72,0
DA:75,0
DA:76,0
DA:79,0
DA:80,0
DA:83,0
DA:84,0
DA:87,0
DA:88,0
DA:91,0
DA:92,0
DA:95,0
DA:96,0
DA:99,0
DA:100,0
DA:103,0
DA:104,0
DA:107,0
DA:108,0
DA:115,0
LF:54
LH:0
end_of_record
SF:lib/src/extensions/list.dart
DA:7,0
DA:8,0
DA:11,0
DA:13,0
DA:14,0
DA:17,0
DA:18,0
DA:21,0
DA:22,0
DA:25,0
DA:26,0
DA:29,0
DA:30,0
DA:33,0
DA:34,0
DA:37,0
DA:38,0
DA:41,0
DA:42,0
DA:45,0
DA:46,0
DA:49,0
DA:50,0
DA:53,0
DA:54,0
DA:57,0
DA:58,0
DA:61,0
DA:64,0
DA:65,0
DA:66,0
DA:70,0
DA:71,0
DA:77,0
DA:78,0
DA:79,0
DA:82,0
DA:83,0
DA:84,0
DA:87,0
DA:88,0
DA:89,0
DA:92,0
DA:93,0
DA:94,0
DA:97,0
DA:98,0
DA:99,0
DA:102,0
DA:103,0
DA:104,0
DA:107,0
DA:108,0
DA:109,0
DA:112,0
DA:113,0
DA:114,0
DA:117,0
DA:118,0
DA:119,0
DA:122,0
DA:123,0
DA:124,0
DA:127,0
DA:128,0
DA:129,0
DA:133,0
DA:134,0
DA:135,0
DA:139,0
DA:140,0
DA:141,0
DA:145,0
DA:146,0
DA:147,0
DA:150,0
DA:151,0
DA:152,0
DA:155,0
DA:156,0
DA:157,0
DA:160,0
DA:161,0
DA:162,0
DA:165,0
DA:166,0
DA:167,0
DA:170,0
DA:171,0
DA:172,0
DA:175,0
DA:176,0
DA:177,0
DA:180,0
DA:181,0
DA:182,0
DA:189,0
LF:97
LH:0
end_of_record
SF:lib/src/extensions/map.dart
DA:5,0
DA:6,0
DA:9,0
DA:10,0
DA:13,0
DA:14,0
DA:17,0
DA:18,0
DA:21,0
DA:23,0
DA:25,0
DA:27,0
DA:29,0
DA:31,0
DA:32,0
DA:35,0
DA:40,0
DA:41,0
DA:42,0
DA:45,0
DA:46,0
DA:47,0
DA:50,0
DA:51,0
DA:52,0
DA:55,0
DA:56,0
DA:57,0
DA:60,0
DA:61,0
DA:62,0
DA:65,0
DA:66,0
DA:67,0
DA:71,0
DA:72,0
DA:73,0
DA:77,0
DA:78,0
DA:79,0
DA:82,0
DA:83,0
DA:84,0
DA:88,0
DA:89,0
DA:90,0
DA:97,0
LF:47
LH:0
end_of_record
SF:lib/src/extensions/num.dart
DA:10,0
DA:17,0
DA:24,0
DA:52,0
DA:55,0
DA:72,0
DA:90,0
DA:110,0
DA:117,0
DA:124,0
DA:131,0
DA:138,0
DA:150,0
DA:157,0
DA:165,0
DA:174,0
DA:187,0
DA:206,0
DA:219,0
DA:231,0
DA:243,0
DA:255,0
DA:269,0
DA:278,0
DA:287,0
DA:298,0
DA:316,0
DA:317,0
DA:322,0
DA:328,0
DA:355,0
DA:356,0
DA:378,0
DA:379,0
DA:401,0
DA:402,0
DA:408,0
LF:37
LH:0
end_of_record
SF:lib/src/extensions/pattern.dart
DA:33,0
DA:34,0
DA:52,0
DA:53,0
DA:59,0
LF:5
LH:0
end_of_record
SF:lib/src/extensions/set.dart
DA:5,0
DA:6,0
DA:9,0
DA:10,0
DA:13,0
DA:14,0
DA:17,0
DA:18,0
DA:21,0
DA:22,0
DA:25,0
DA:26,0
DA:32,0
DA:33,0
DA:34,0
DA:35,0
DA:39,0
DA:40,0
DA:41,0
DA:42,0
DA:45,0
DA:47,0
DA:48,0
DA:49,0
DA:50,0
DA:54,0
DA:55,0
DA:56,0
DA:57,0
DA:60,0
DA:61,0
DA:62,0
DA:63,0
DA:66,0
DA:67,0
DA:68,0
DA:69,0
DA:72,0
DA:73,0
DA:74,0
DA:75,0
DA:82,0
LF:42
LH:0
end_of_record
SF:lib/src/extensions/string.dart
DA:18,0
DA:21,0
DA:36,0
DA:45,0
DA:73,0
DA:74,0
DA:89,0
DA:90,0
DA:107,0
DA:108,0
DA:111,0
DA:114,0
DA:122,0
DA:135,0
DA:173,0
DA:182,0
DA:191,0
DA:205,0
DA:229,0
DA:230,0
DA:254,0
DA:255,0
DA:273,0
DA:274,0
DA:286,0
DA:287,0
DA:305,0
DA:310,0
DA:323,0
DA:324,0
DA:348,0
DA:349,0
DA:366,0
DA:367,0
DA:456,0
DA:483,0
DA:488,0
DA:491,0
DA:498,0
DA:510,0
DA:522,0
DA:528,0
LF:42
LH:0
end_of_record
SF:lib/src/extensions/enum.dart
DA:12,0
DA:27,0
DA:33,0
LF:3
LH:0
end_of_record
SF:lib/src/extensions/function.dart
DA:6,0
LF:1
LH:0
end_of_record
SF:lib/src/mixins/sink.dart
DA:5,1
DA:7,1
DA:10,1
DA:12,1
LF:4
LH:4
end_of_record
SF:lib/src/mixins/stream.dart
DA:8,2
DA:9,1
DA:10,4
DA:11,3
DA:13,1
DA:15,0
DA:17,0
DA:20,0
DA:25,0
DA:31,0
DA:33,0
DA:36,0
DA:38,0
DA:41,0
DA:43,0
DA:46,0
DA:48,0
DA:51,0
DA:53,0
DA:56,0
DA:58,0
DA:61,0
DA:63,0
DA:66,0
DA:68,0
DA:71,0
DA:73,0
DA:76,0
DA:77,0
DA:79,0
DA:84,0
DA:87,0
DA:92,0
DA:95,0
DA:97,0
DA:100,0
DA:105,0
DA:108,1
DA:109,2
DA:111,0
DA:112,0
DA:114,0
DA:116,0
DA:119,0
DA:120,0
DA:122,0
DA:127,0
DA:130,0
DA:131,0
DA:133,1
DA:140,2
DA:148,0
DA:150,0
DA:153,0
DA:155,0
DA:158,0
DA:160,0
DA:163,0
DA:164,0
DA:166,0
DA:171,0
DA:174,0
DA:176,0
DA:179,0
DA:181,0
DA:184,0
DA:186,0
DA:189,0
DA:191,0
DA:194,0
DA:199,0
DA:202,0
DA:204,0
DA:207,0
DA:209,0
DA:212,0
DA:214,0
DA:217,0
DA:219,0
LF:79
LH:9
end_of_record
SF:lib/src/persisted/signal.dart
DA:10,1
DA:18,2
DA:40,1
DA:42,2
DA:46,1
DA:50,1
DA:52,3
DA:53,1
DA:56,1
DA:58,1
DA:59,2
DA:63,1
DA:64,3
DA:65,1
DA:66,1
DA:70,1
DA:71,1
DA:72,3
DA:76,2
DA:79,2
LF:20
LH:20
end_of_record
SF:lib/src/persisted/bool.dart
DA:7,1
DA:11,1
DA:13,1
DA:16,1
DA:17,2
DA:19,1
DA:20,1
DA:26,1
DA:30,1
DA:32,1
DA:35,1
DA:37,1
DA:39,1
DA:40,0
LF:14
LH:13
end_of_record
SF:lib/src/persisted/double.dart
DA:7,1
DA:11,1
DA:13,1
DA:16,1
DA:17,1
DA:19,1
DA:20,1
DA:26,1
DA:30,1
DA:32,1
DA:35,1
DA:36,1
DA:38,1
DA:39,0
LF:14
LH:13
end_of_record
SF:lib/src/persisted/enum.dart
DA:8,2
DA:9,2
DA:10,2
DA:11,2
DA:22,1
DA:27,1
DA:29,1
DA:35,1
DA:36,1
DA:38,1
DA:39,1
DA:46,1
DA:51,1
DA:53,1
DA:59,1
DA:60,1
DA:62,1
DA:63,0
LF:18
LH:17
end_of_record
SF:lib/src/persisted/int.dart
DA:7,1
DA:11,1
DA:13,1
DA:16,1
DA:17,1
DA:19,1
DA:20,1
DA:26,1
DA:30,1
DA:32,1
DA:35,1
DA:36,1
DA:38,1
DA:39,0
LF:14
LH:13
end_of_record
SF:lib/src/persisted/num.dart
DA:7,1
DA:11,1
DA:13,1
DA:16,1
DA:17,1
DA:19,1
DA:20,1
DA:26,1
DA:30,1
DA:32,1
DA:35,1
DA:36,1
DA:38,1
DA:39,0
LF:14
LH:13
end_of_record
SF:lib/src/persisted/store.dart
DA:16,1
DA:24,0
DA:26,0
DA:29,0
DA:31,0
DA:34,0
DA:36,0
LF:7
LH:1
end_of_record
SF:lib/src/persisted/string.dart
DA:7,1
DA:11,1
DA:13,1
DA:16,1
DA:19,1
DA:28,1
DA:32,1
DA:34,1
DA:37,1
DA:38,1
DA:40,1
DA:41,0
LF:12
LH:11
end_of_record
SF:lib/src/utils/deep_collection_equality.dart
DA:13,1
DA:18,1
DA:19,3
DA:20,2
DA:21,4
DA:32,1
DA:33,3
DA:34,2
DA:35,3
DA:36,3
DA:50,1
DA:51,3
DA:52,2
DA:53,1
DA:64,1
DA:66,3
DA:68,1
DA:69,1
DA:70,1
DA:71,1
DA:72,1
DA:73,1
DA:76,1
LF:23
LH:23
end_of_record
