SF:lib/src/async/connect.dart
DA:53,1
DA:72,1
DA:80,3
DA:83,1
DA:84,1
DA:85,2
DA:86,1
DA:89,1
DA:90,5
DA:91,1
DA:95,3
DA:100,2
DA:103,1
DA:104,3
DA:105,1
DA:107,2
DA:108,2
DA:158,1
DA:159,1
DA:160,1
LF:20
LH:20
end_of_record
SF:lib/src/extensions/future.dart
DA:14,0
DA:23,0
DA:41,1
DA:49,1
DA:50,1
LF:5
LH:3
end_of_record
SF:lib/src/extensions/stream.dart
DA:22,0
DA:32,0
DA:59,1
DA:68,1
DA:69,1
DA:84,0
DA:85,0
DA:86,0
DA:87,0
DA:88,0
LF:10
LH:3
end_of_record
SF:lib/src/extensions/signal.dart
DA:5,9
DA:11,3
DA:12,9
DA:18,3
DA:20,6
DA:22,9
DA:24,6
DA:26,4
DA:27,3
DA:28,1
DA:40,1
DA:45,1
DA:46,2
LF:13
LH:13
end_of_record
SF:lib/src/extensions/callback.dart
DA:14,1
DA:19,1
DA:24,2
LF:3
LH:3
end_of_record
SF:lib/src/extensions/object.dart
DA:6,0
DA:11,0
DA:19,1
DA:23,1
DA:34,2
DA:40,1
DA:44,1
LF:7
LH:5
end_of_record
SF:lib/src/utils/timer.dart
DA:12,1
DA:17,1
DA:18,2
DA:20,3
DA:22,1
DA:25,1
DA:27,2
DA:34,1
DA:39,1
DA:49,1
DA:55,1
LF:11
LH:11
end_of_record
SF:lib/src/async/state.dart
DA:182,6
DA:190,6
DA:191,6
DA:195,3
DA:196,5
DA:200,5
DA:201,5
DA:212,6
DA:213,10
DA:217,20
DA:222,10
DA:225,10
DA:228,10
DA:231,4
DA:247,1
DA:254,1
DA:255,1
DA:256,3
DA:257,1
DA:258,1
DA:259,3
DA:260,1
DA:261,2
DA:263,1
DA:266,1
DA:282,1
DA:290,1
DA:291,1
DA:292,3
DA:293,1
DA:295,1
DA:296,3
DA:297,1
DA:298,2
DA:300,1
DA:304,2
DA:305,1
DA:308,6
DA:311,18
DA:312,18
DA:313,18
DA:314,18
DA:315,18
DA:316,12
DA:317,6
DA:320,1
DA:322,3
DA:323,3
DA:324,3
DA:325,3
DA:326,3
DA:327,3
DA:328,2
DA:335,6
DA:339,6
DA:341,6
DA:344,6
DA:347,5
DA:348,5
DA:354,3
DA:359,3
DA:361,2
DA:364,3
DA:367,3
DA:368,3
DA:374,5
LF:66
LH:66
end_of_record
SF:lib/src/async/signal.dart
DA:168,5
DA:178,3
DA:179,3
DA:180,6
DA:181,6
DA:185,1
DA:186,1
DA:187,2
DA:191,2
DA:192,4
DA:193,4
DA:194,6
DA:195,4
DA:200,5
DA:201,10
DA:202,10
DA:203,18
DA:204,10
DA:209,1
DA:210,2
DA:211,2
DA:212,2
DA:217,4
DA:218,8
DA:219,8
DA:220,4
DA:221,14
DA:226,5
DA:227,5
DA:228,5
DA:232,4
DA:233,8
DA:234,8
DA:235,4
DA:239,2
DA:240,2
DA:244,2
DA:249,4
DA:250,8
DA:251,8
DA:252,4
DA:255,2
DA:256,1
DA:257,1
DA:260,2
DA:264,5
DA:266,5
DA:267,5
DA:271,9
DA:434,1
DA:439,1
LF:51
LH:51
end_of_record
SF:lib/src/async/stream.dart
DA:124,2
DA:133,4
DA:136,4
DA:246,4
DA:256,4
DA:257,2
DA:258,3
DA:259,8
DA:260,4
DA:261,5
DA:262,1
DA:264,4
DA:267,1
DA:271,4
DA:272,8
DA:273,4
DA:274,8
DA:275,4
DA:276,4
DA:277,4
DA:278,4
DA:282,3
DA:283,3
DA:284,4
DA:285,6
DA:286,3
DA:290,3
DA:293,1
DA:294,2
DA:295,2
DA:299,1
DA:300,2
DA:301,2
DA:305,1
DA:306,1
DA:309,3
DA:311,3
DA:312,6
DA:313,3
DA:314,3
DA:315,4
DA:316,3
DA:317,9
DA:320,3
DA:322,3
DA:323,6
DA:324,3
DA:325,3
DA:326,4
DA:327,3
DA:328,9
DA:331,4
DA:333,4
DA:334,4
DA:335,4
DA:336,7
DA:337,4
DA:338,4
DA:341,2
DA:343,2
DA:344,3
DA:345,3
DA:348,4
DA:350,16
DA:351,4
DA:352,4
DA:354,4
DA:357,1
DA:359,1
DA:360,2
DA:361,1
DA:474,1
DA:484,1
LF:73
LH:73
end_of_record
SF:lib/src/async/future.dart
DA:175,2
DA:182,8
DA:184,2
DA:186,2
DA:187,2
DA:190,2
DA:192,2
DA:193,2
DA:281,1
DA:289,1
LF:10
LH:10
end_of_record
SF:lib/src/async/computed.dart
DA:17,1
DA:25,1
DA:26,6
DA:50,1
DA:58,1
LF:5
LH:5
end_of_record
SF:lib/src/value/iterable.dart
DA:8,1
DA:14,1
DA:16,4
DA:19,1
DA:21,2
DA:22,2
DA:23,2
DA:24,2
DA:31,3
DA:37,3
DA:39,6
DA:42,1
DA:44,2
DA:47,3
DA:49,6
DA:52,3
DA:54,6
DA:57,3
DA:59,6
DA:62,2
DA:64,4
DA:67,3
DA:68,6
DA:70,2
DA:72,4
DA:75,2
DA:77,4
DA:80,2
DA:82,4
DA:85,3
DA:87,6
DA:88,6
DA:91,3
DA:92,6
DA:94,3
DA:95,6
DA:97,3
DA:98,6
DA:100,3
DA:102,6
DA:105,2
DA:106,4
DA:108,3
DA:110,6
DA:113,3
DA:114,6
DA:116,3
DA:118,6
DA:121,3
DA:123,6
DA:126,3
DA:127,6
DA:129,3
DA:131,6
DA:134,3
DA:136,6
DA:139,3
DA:141,6
DA:144,3
DA:146,6
DA:149,3
DA:151,6
DA:154,2
DA:156,4
DA:159,2
DA:161,4
DA:164,3
DA:166,6
DA:169,3
DA:171,6
DA:174,2
DA:175,2
DA:177,2
DA:178,2
DA:182,1
DA:187,1
DA:197,1
DA:201,1
LF:78
LH:78
end_of_record
SF:lib/src/value/value.dart
DA:15,1
DA:16,1
DA:19,8
DA:24,1
DA:25,1
DA:28,8
LF:6
LH:6
end_of_record
SF:lib/src/value/change_stack.dart
DA:30,1
DA:43,2
DA:46,2
DA:49,3
DA:52,3
DA:54,1
DA:59,1
DA:60,1
DA:62,2
DA:63,2
DA:64,5
DA:65,2
DA:71,1
DA:72,1
DA:73,2
DA:74,1
DA:75,2
DA:79,1
DA:80,1
DA:81,2
DA:82,1
DA:83,2
DA:87,1
DA:88,1
DA:89,1
DA:93,1
DA:94,2
DA:98,1
DA:99,2
DA:123,1
DA:129,1
LF:31
LH:31
end_of_record
SF:lib/src/value/map.dart
DA:8,2
DA:14,1
DA:16,2
DA:19,1
DA:21,2
DA:22,2
DA:26,1
DA:27,2
DA:28,2
DA:33,1
DA:34,3
DA:35,1
DA:39,1
DA:40,4
DA:41,1
DA:44,1
DA:46,2
DA:47,2
DA:50,1
DA:52,2
DA:53,2
DA:56,1
DA:58,2
DA:61,1
DA:63,2
DA:64,2
DA:67,2
DA:69,4
DA:72,1
DA:74,2
DA:77,1
DA:78,2
DA:80,1
DA:82,2
DA:83,2
DA:86,1
DA:87,2
DA:89,1
DA:90,2
DA:92,1
DA:93,2
DA:95,2
DA:96,4
DA:98,1
DA:100,2
DA:103,1
DA:105,2
DA:106,2
DA:110,2
DA:112,4
DA:113,4
DA:117,1
DA:119,2
DA:120,2
DA:123,1
DA:125,2
DA:126,2
DA:130,1
DA:132,2
DA:133,2
DA:136,1
DA:137,2
DA:139,1
DA:141,4
DA:144,1
DA:146,2
DA:147,2
DA:148,2
DA:149,3
DA:153,1
DA:154,1
DA:156,1
DA:157,1
DA:160,0
DA:164,2
DA:169,2
DA:179,1
DA:183,1
LF:78
LH:77
end_of_record
SF:lib/src/value/queue.dart
DA:8,0
DA:14,0
DA:16,0
DA:17,0
DA:20,0
DA:22,0
DA:23,0
DA:26,0
DA:28,0
DA:29,0
DA:32,0
DA:34,0
DA:35,0
DA:38,0
DA:40,0
DA:43,0
DA:45,0
DA:48,0
DA:50,0
DA:53,0
DA:55,0
DA:58,0
DA:60,0
DA:63,0
DA:65,0
DA:68,0
DA:70,0
DA:73,0
DA:74,0
DA:76,0
DA:78,0
DA:81,0
DA:83,0
DA:86,0
DA:88,0
DA:91,0
DA:93,0
DA:96,0
DA:97,0
DA:99,0
DA:100,0
DA:102,0
DA:103,0
DA:105,0
DA:107,0
DA:110,0
DA:111,0
DA:113,0
DA:115,0
DA:118,0
DA:119,0
DA:121,0
DA:123,0
DA:126,0
DA:128,0
DA:131,0
DA:133,0
DA:134,0
DA:138,0
DA:140,0
DA:141,0
DA:145,0
DA:147,0
DA:148,0
DA:152,0
DA:154,0
DA:155,0
DA:159,0
DA:161,0
DA:162,0
DA:166,0
DA:167,0
DA:169,0
DA:171,0
DA:174,0
DA:176,0
DA:179,0
DA:181,0
DA:184,0
DA:186,0
DA:189,0
DA:191,0
DA:194,0
DA:195,0
DA:197,0
DA:198,0
DA:200,0
DA:201,0
DA:203,0
DA:204,0
DA:208,0
DA:213,0
DA:223,0
DA:227,0
LF:94
LH:0
end_of_record
SF:lib/src/value/list.dart
DA:7,1
DA:13,1
DA:15,2
DA:18,1
DA:20,2
DA:21,2
DA:24,1
DA:25,2
DA:27,1
DA:29,2
DA:30,2
DA:33,1
DA:35,2
DA:36,2
DA:39,1
DA:41,2
DA:44,1
DA:46,2
DA:49,1
DA:51,2
DA:52,2
DA:56,1
DA:57,2
DA:58,2
DA:63,1
DA:64,3
DA:65,1
DA:69,1
DA:70,4
DA:71,1
DA:74,1
DA:76,2
DA:77,2
DA:80,1
DA:82,2
DA:83,2
DA:86,1
DA:88,2
DA:91,1
DA:93,2
DA:94,2
DA:97,1
DA:99,2
DA:102,1
DA:104,2
DA:105,2
DA:108,1
DA:110,2
DA:113,1
DA:115,2
DA:118,1
DA:120,2
DA:123,1
DA:125,2
DA:128,1
DA:130,2
DA:133,1
DA:135,2
DA:138,1
DA:140,2
DA:141,2
DA:144,1
DA:146,2
DA:147,2
DA:150,1
DA:152,2
DA:155,1
DA:157,2
DA:160,1
DA:162,2
DA:163,2
DA:167,1
DA:169,2
DA:170,2
DA:174,1
DA:176,2
DA:177,2
DA:181,1
DA:183,2
DA:184,2
DA:187,1
DA:189,2
DA:190,2
DA:193,1
DA:195,2
DA:196,2
DA:199,1
DA:201,2
DA:202,2
DA:205,1
DA:206,2
DA:208,1
DA:210,2
DA:211,2
DA:214,1
DA:216,2
DA:217,2
DA:220,1
DA:222,2
DA:223,2
DA:226,1
DA:228,2
DA:229,2
DA:233,1
DA:234,1
DA:235,1
DA:239,1
DA:241,2
DA:244,1
DA:246,4
DA:249,1
DA:251,2
DA:252,2
DA:253,2
DA:254,2
DA:260,1
DA:265,1
DA:275,1
DA:279,1
LF:119
LH:119
end_of_record
SF:lib/src/value/set.dart
DA:7,1
DA:13,1
DA:15,1
DA:16,1
DA:17,1
DA:21,1
DA:23,1
DA:24,1
DA:25,1
DA:28,1
DA:30,2
DA:33,1
DA:34,1
DA:36,1
DA:38,2
DA:41,1
DA:43,2
DA:46,1
DA:48,2
DA:52,1
DA:53,1
DA:54,1
DA:55,1
DA:56,1
DA:60,1
DA:61,1
DA:62,2
DA:63,1
DA:67,1
DA:68,1
DA:69,3
DA:70,1
DA:73,1
DA:75,2
DA:78,1
DA:80,1
DA:81,1
DA:82,1
DA:86,1
DA:88,1
DA:89,1
DA:90,1
DA:93,1
DA:95,1
DA:96,1
DA:97,1
DA:100,1
DA:102,1
DA:103,1
DA:104,1
DA:107,1
DA:109,1
DA:110,1
DA:111,1
DA:114,1
DA:116,2
DA:119,1
DA:121,4
DA:124,1
DA:126,2
DA:127,2
DA:128,2
DA:129,2
DA:135,1
DA:140,1
DA:150,1
DA:154,1
LF:67
LH:67
end_of_record
SF:lib/src/core/container.dart
DA:71,1
DA:77,1
DA:78,1
DA:79,3
DA:80,6
DA:83,2
DA:88,3
DA:91,3
DA:94,3
DA:97,1
DA:98,4
DA:99,1
DA:101,2
DA:119,1
DA:123,1
DA:144,1
DA:148,1
LF:17
LH:17
end_of_record
SF:lib/src/core/signal.dart
DA:15,21
DA:20,21
DA:21,22
DA:32,1
DA:35,1
DA:36,1
DA:46,24
DA:48,17
DA:54,17
DA:55,1
DA:57,48
DA:58,17
DA:59,34
DA:60,17
DA:61,1
DA:63,18
DA:65,1
DA:72,21
DA:74,21
DA:75,1
DA:77,21
DA:79,4
DA:80,4
DA:81,2
DA:85,21
DA:89,1
DA:91,7
DA:93,7
DA:94,11
DA:95,4
DA:109,1
DA:110,1
DA:111,1
DA:112,1
DA:113,1
DA:356,14
DA:361,14
DA:376,1
DA:380,1
LF:39
LH:39
end_of_record
SF:lib/src/core/readonly.dart
DA:24,5
DA:25,10
DA:26,1
DA:27,2
DA:35,4
DA:60,58
DA:63,1
DA:64,2
DA:65,3
DA:66,1
DA:70,9
DA:71,9
DA:72,13
DA:73,4
DA:75,9
DA:83,0
DA:87,0
LF:17
LH:15
end_of_record
SF:lib/src/core/signals.dart
DA:25,1
DA:27,0
DA:28,0
DA:34,0
DA:35,0
DA:36,0
DA:44,1
DA:45,1
DA:46,2
DA:53,1
DA:54,2
DA:55,1
LF:12
LH:7
end_of_record
SF:lib/src/core/effect.dart
DA:209,8
DA:214,8
DA:216,8
DA:217,8
DA:220,4
DA:222,4
DA:223,4
DA:224,5
DA:225,1
DA:227,4
DA:228,4
DA:234,2
DA:237,1
DA:238,2
DA:239,2
DA:240,1
DA:256,1
DA:257,2
DA:258,1
DA:259,2
DA:361,8
DA:366,8
DA:371,2
DA:373,8
LF:24
LH:24
end_of_record
SF:lib/src/core/observer.dart
DA:44,0
DA:47,0
DA:50,0
DA:53,21
DA:54,0
LF:5
LH:1
end_of_record
SF:lib/src/core/computed.dart
DA:344,8
DA:349,8
DA:350,9
DA:363,1
DA:364,2
DA:365,1
DA:367,1
DA:368,1
DA:376,4
DA:377,4
DA:378,8
DA:379,12
DA:380,12
DA:382,7
DA:383,6
DA:387,1
DA:389,1
DA:390,2
DA:393,1
DA:394,1
DA:398,1
DA:400,3
DA:402,3
DA:403,4
DA:404,1
DA:408,8
DA:410,8
DA:411,2
DA:412,2
DA:413,1
DA:416,8
DA:419,8
DA:421,16
DA:422,8
DA:423,9
DA:599,8
DA:604,8
LF:37
LH:37
end_of_record
SF:lib/src/core/batch.dart
DA:68,12
LF:1
LH:1
end_of_record
SF:lib/src/core/untracked.dart
DA:23,2
LF:1
LH:1
end_of_record
SF:lib/src/core/wrappers.dart
DA:13,1
DA:15,1
DA:16,2
DA:18,1
DA:19,2
DA:21,1
DA:22,2
DA:24,1
DA:25,2
DA:27,1
DA:28,2
DA:30,1
DA:31,2
DA:33,1
DA:34,2
DA:36,1
DA:37,2
DA:39,1
DA:40,2
DA:42,1
DA:43,2
DA:45,1
DA:46,2
DA:48,1
DA:49,2
DA:51,1
DA:52,2
DA:54,1
DA:55,2
DA:57,1
DA:58,2
DA:60,1
DA:61,2
DA:63,1
DA:64,2
DA:73,3
DA:75,0
DA:77,0
DA:80,0
DA:81,0
DA:83,0
DA:85,0
DA:88,0
DA:90,0
DA:93,0
DA:94,0
DA:101,1
DA:103,1
DA:104,2
DA:106,1
DA:107,2
DA:111,0
DA:113,1
DA:118,2
DA:121,1
DA:122,2
DA:130,0
DA:132,0
DA:135,0
DA:137,0
DA:140,0
DA:142,0
LF:62
LH:45
end_of_record
SF:lib/src/devtool.dart
LF:0
LH:0
end_of_record
SF:lib/src/utils/deep_collection_equality.dart
DA:13,1
DA:18,1
DA:19,3
DA:20,2
DA:21,4
DA:32,1
DA:33,3
DA:34,2
DA:35,3
DA:36,3
DA:50,1
DA:51,3
DA:52,2
DA:53,1
DA:64,1
DA:66,3
DA:68,1
DA:69,1
DA:70,1
DA:71,1
DA:72,1
DA:73,1
DA:76,1
LF:23
LH:23
end_of_record
