SF:lib/src/core.dart
DA:22,4
DA:29,8
DA:47,1
DA:54,2
DA:70,1
DA:81,3
DA:82,1
DA:100,1
DA:110,3
DA:111,1
DA:134,1
DA:147,1
DA:148,2
LF:13
LH:13
end_of_record
SF:lib/src/value.dart
DA:21,1
DA:32,3
DA:33,1
DA:49,1
DA:60,3
DA:61,1
DA:77,1
DA:89,3
DA:90,1
DA:106,1
DA:117,3
DA:118,1
DA:134,1
DA:146,3
DA:147,1
DA:163,1
DA:174,3
DA:175,1
DA:191,1
DA:205,1
DA:206,2
DA:209,1
LF:22
LH:22
end_of_record
SF:lib/src/async.dart
DA:23,1
DA:43,1
DA:44,1
DA:45,1
DA:55,1
DA:75,1
DA:101,1
DA:102,1
DA:103,1
DA:115,1
DA:135,1
DA:146,3
DA:147,1
DA:171,1
DA:191,1
DA:192,1
DA:193,1
DA:203,1
LF:18
LH:18
end_of_record
SF:lib/src/flutter.dart
DA:21,1
DA:32,1
DA:33,2
DA:36,1
DA:53,1
DA:64,1
DA:65,2
DA:68,1
LF:8
LH:8
end_of_record
SF:lib/src/base.dart
DA:6,4
DA:10,4
DA:11,4
DA:18,4
DA:20,4
DA:21,4
DA:24,4
DA:26,8
DA:27,4
DA:30,4
DA:31,20
DA:32,16
DA:36,3
DA:38,3
DA:39,12
DA:40,0
DA:41,0
DA:45,4
DA:46,8
DA:48,0
DA:49,0
DA:51,0
DA:52,0
LF:23
LH:17
end_of_record
