SF:lib/src/core.dart
DA:22,4
DA:29,8
DA:47,1
DA:54,2
DA:70,1
DA:79,3
DA:80,1
DA:98,1
DA:106,3
DA:107,1
DA:130,1
DA:141,1
DA:142,2
LF:13
LH:13
end_of_record
SF:lib/src/value.dart
DA:21,1
DA:32,1
DA:33,2
DA:36,1
DA:52,1
DA:63,1
DA:64,2
DA:67,1
DA:83,1
DA:94,1
DA:95,2
DA:101,1
DA:117,1
DA:128,1
DA:129,2
DA:132,1
DA:148,1
DA:159,1
DA:160,2
DA:163,1
DA:179,1
DA:190,1
DA:191,2
DA:194,1
DA:210,1
DA:221,1
DA:222,2
DA:228,1
LF:28
LH:28
end_of_record
SF:lib/src/async.dart
DA:23,1
DA:34,1
DA:35,1
DA:36,1
DA:43,1
DA:63,1
DA:74,1
DA:75,1
DA:76,1
DA:83,1
DA:103,1
DA:114,1
DA:115,2
DA:118,1
DA:142,1
DA:153,1
DA:154,1
DA:155,1
DA:162,1
LF:19
LH:19
end_of_record
SF:lib/src/flutter.dart
DA:21,1
DA:32,1
DA:33,2
DA:39,1
DA:56,1
DA:67,1
DA:68,2
DA:74,1
LF:8
LH:8
end_of_record
SF:lib/src/base.dart
DA:6,4
DA:10,4
DA:11,4
DA:18,4
DA:20,4
DA:21,4
DA:24,4
DA:26,8
DA:29,4
DA:30,20
DA:31,16
DA:35,3
DA:37,3
DA:38,12
DA:39,0
DA:40,0
DA:44,4
DA:45,8
DA:47,0
DA:48,0
DA:50,0
DA:51,0
LF:22
LH:16
end_of_record
