SF:lib/src/batch.dart
DA:6,7
DA:9,7
DA:12,7
DA:14,7
DA:15,5
DA:26,5
DA:29,5
DA:30,5
DA:31,15
DA:33,20
DA:35,5
DA:38,2
DA:47,7
DA:63,4
DA:65,0
DA:67,0
DA:78,3
DA:82,3
DA:83,1
DA:85,3
DA:87,3
DA:89,3
LF:22
LH:20
end_of_record
SF:lib/src/listenable.dart
DA:11,0
DA:12,0
DA:15,0
DA:17,0
DA:18,0
DA:20,0
DA:23,0
DA:24,0
DA:28,11
DA:34,14
DA:38,36
DA:39,12
DA:40,24
DA:49,12
DA:64,17
DA:65,18
DA:67,1
DA:69,18
DA:70,18
DA:72,9
DA:73,9
DA:79,12
DA:82,12
DA:91,10
DA:101,30
DA:102,6
DA:105,0
DA:107,3
DA:108,6
DA:124,30
DA:125,10
DA:126,1
DA:132,12
LF:33
LH:24
end_of_record
SF:lib/src/computed.dart
DA:37,0
DA:41,0
DA:42,0
DA:44,6
DA:46,6
DA:47,6
DA:50,6
DA:51,6
DA:54,6
DA:55,6
DA:56,6
DA:57,6
DA:58,12
DA:61,6
DA:63,18
DA:65,18
DA:72,24
DA:75,18
DA:77,12
DA:80,6
DA:84,12
DA:85,18
DA:86,9
DA:92,6
DA:94,12
DA:95,6
DA:96,12
DA:97,8
DA:98,6
DA:99,6
DA:100,18
DA:101,12
DA:104,6
DA:105,6
DA:106,6
DA:109,6
DA:110,18
DA:114,4
DA:115,8
DA:118,3
DA:120,3
DA:121,9
DA:125,4
DA:126,2
DA:129,3
DA:132,3
DA:135,3
DA:136,2
DA:140,2
DA:141,3
DA:143,2
DA:144,2
DA:150,3
DA:152,9
DA:153,9
DA:155,6
DA:156,6
DA:161,6
DA:163,18
DA:164,1
DA:167,6
DA:168,6
DA:170,8
DA:172,18
DA:173,3
DA:175,6
DA:181,0
DA:183,0
DA:191,6
DA:196,6
LF:70
LH:65
end_of_record
SF:lib/src/readonly.dart
DA:18,0
DA:21,0
DA:23,0
DA:24,0
DA:41,2
DA:42,4
DA:45,2
DA:48,0
DA:51,0
DA:69,3
DA:73,3
DA:80,0
DA:81,0
DA:83,0
DA:84,0
DA:86,0
DA:87,0
DA:89,9
DA:92,27
DA:93,18
DA:94,9
DA:95,8
DA:98,9
DA:99,2
DA:100,1
DA:101,2
DA:106,9
DA:112,0
DA:113,0
DA:121,0
DA:122,0
DA:127,0
DA:130,0
DA:131,0
DA:135,13
DA:142,11
DA:143,20
DA:156,11
DA:157,11
DA:158,11
DA:159,22
DA:160,11
DA:161,11
DA:162,11
DA:163,11
DA:164,11
DA:166,11
DA:167,14
DA:169,11
DA:170,11
DA:174,33
DA:175,9
DA:178,30
DA:180,10
DA:195,10
DA:196,21
DA:198,7
DA:199,0
DA:202,14
DA:203,7
DA:205,14
DA:206,7
DA:216,1
DA:221,1
DA:222,1
DA:223,1
DA:227,1
DA:232,1
DA:236,7
DA:240,7
DA:241,6
DA:242,6
DA:244,2
DA:245,2
DA:248,2
DA:249,2
DA:251,12
DA:252,5
DA:255,5
DA:256,2
DA:257,1
DA:258,2
DA:269,0
DA:273,0
LF:84
LH:62
end_of_record
SF:lib/src/effect.dart
DA:40,6
DA:43,6
DA:44,2
DA:46,6
DA:48,6
DA:50,18
DA:51,6
DA:53,12
DA:55,6
DA:56,1
DA:59,6
DA:63,6
DA:65,18
DA:66,0
DA:68,12
DA:69,18
DA:70,6
DA:71,6
DA:73,6
DA:76,12
DA:79,5
DA:81,15
DA:82,10
DA:83,5
DA:89,5
DA:90,10
DA:91,15
DA:92,5
DA:97,6
DA:99,6
DA:101,1
DA:106,6
DA:109,6
DA:112,6
DA:113,6
DA:116,1
DA:122,1
DA:124,3
DA:125,2
DA:126,1
DA:130,1
DA:135,5
DA:138,10
DA:139,10
DA:141,5
DA:142,5
DA:144,5
DA:147,6
DA:150,6
DA:151,0
DA:153,6
DA:156,18
DA:157,18
DA:158,1
DA:160,6
DA:172,6
DA:177,12
LF:57
LH:55
end_of_record
SF:lib/src/equality.dart
DA:3,7
DA:9,14
DA:12,0
DA:15,0
DA:23,7
DA:24,6
DA:25,6
DA:29,0
DA:30,0
DA:36,1
DA:37,1
DA:38,2
DA:42,0
DA:43,0
DA:50,0
DA:53,0
DA:54,0
DA:55,0
DA:56,0
DA:62,0
DA:63,0
DA:64,0
DA:66,0
DA:75,0
DA:76,0
DA:80,0
LF:26
LH:8
end_of_record
SF:lib/src/options.dart
DA:22,1
DA:23,2
DA:26,1
DA:40,2
LF:4
LH:4
end_of_record
SF:lib/src/signal.dart
DA:16,14
DA:19,0
DA:21,0
DA:26,7
DA:27,7
DA:29,7
DA:31,7
DA:32,7
DA:36,7
DA:38,7
DA:40,8
DA:41,8
DA:42,8
DA:43,14
DA:47,0
DA:49,0
DA:51,0
DA:52,0
DA:53,0
DA:54,0
DA:62,3
DA:67,6
DA:69,6
DA:72,5
DA:74,5
DA:77,1
DA:79,1
DA:82,7
DA:84,7
DA:86,14
DA:88,7
DA:92,14
DA:95,7
DA:100,21
DA:101,7
DA:107,7
DA:108,14
DA:111,7
DA:113,7
DA:114,1
DA:117,7
DA:118,14
DA:119,7
DA:121,7
DA:123,12
DA:124,10
DA:127,7
DA:133,7
DA:138,7
LF:49
LH:41
end_of_record
SF:lib/src/untracked.dart
DA:5,2
DA:12,2
LF:2
LH:2
end_of_record
