SF:lib/src/signal.dart
DA:14,12
DA:17,0
DA:19,0
DA:24,6
DA:25,6
DA:27,6
DA:29,6
DA:30,6
DA:33,6
DA:35,6
DA:38,0
DA:40,0
DA:48,3
DA:53,5
DA:55,5
DA:58,4
DA:60,4
DA:63,1
DA:65,1
DA:68,6
DA:73,6
DA:75,12
DA:77,6
DA:81,12
DA:84,6
DA:89,18
DA:90,6
DA:96,6
DA:101,6
DA:102,1
DA:105,6
DA:106,12
DA:107,6
DA:109,6
DA:111,11
DA:112,10
DA:115,6
DA:121,6
DA:125,6
LF:39
LH:35
end_of_record
SF:lib/src/readonly.dart
DA:12,0
DA:15,0
DA:17,0
DA:18,0
DA:20,2
DA:21,4
DA:24,2
DA:27,0
DA:30,0
DA:48,3
DA:55,3
DA:62,0
DA:63,0
DA:65,0
DA:66,0
DA:68,0
DA:69,0
DA:71,8
DA:74,24
DA:75,16
DA:76,8
DA:77,8
DA:79,8
DA:85,0
DA:86,0
DA:94,0
DA:95,0
DA:100,0
DA:103,0
DA:104,0
DA:108,12
DA:118,10
DA:119,20
DA:132,10
DA:133,10
DA:134,10
DA:135,20
DA:136,10
DA:137,10
DA:138,10
DA:139,10
DA:140,10
DA:142,10
DA:143,14
DA:145,10
DA:146,10
DA:150,30
DA:151,8
DA:154,30
DA:156,10
DA:171,10
DA:172,21
DA:174,7
DA:175,0
DA:178,14
DA:179,7
DA:181,14
DA:182,7
DA:192,1
DA:197,2
DA:198,1
DA:202,1
DA:209,6
DA:213,6
DA:214,5
DA:215,5
DA:217,2
DA:218,2
DA:221,2
DA:222,2
DA:224,10
DA:225,4
DA:232,0
DA:236,0
LF:74
LH:52
end_of_record
SF:lib/src/computed.dart
DA:35,0
DA:39,0
DA:40,0
DA:42,6
DA:44,6
DA:45,6
DA:48,6
DA:49,6
DA:52,6
DA:54,6
DA:56,18
DA:58,18
DA:65,24
DA:68,18
DA:70,12
DA:73,6
DA:77,12
DA:78,18
DA:79,9
DA:85,6
DA:87,12
DA:88,6
DA:89,12
DA:90,8
DA:91,6
DA:92,6
DA:93,18
DA:94,12
DA:97,6
DA:98,6
DA:99,6
DA:102,6
DA:103,18
DA:107,3
DA:109,3
DA:110,9
DA:114,4
DA:115,2
DA:118,3
DA:121,3
DA:124,3
DA:125,2
DA:129,2
DA:130,3
DA:132,2
DA:133,2
DA:139,3
DA:141,9
DA:142,9
DA:144,6
DA:145,6
DA:150,6
DA:155,18
DA:156,1
DA:159,6
DA:160,6
DA:162,8
DA:164,18
DA:165,6
DA:167,6
DA:173,0
DA:175,0
DA:183,6
DA:187,6
LF:64
LH:59
end_of_record
SF:lib/src/listenable.dart
DA:11,0
DA:12,0
DA:15,0
DA:17,0
DA:18,0
DA:20,0
DA:23,0
DA:24,0
DA:28,11
DA:34,14
DA:38,36
DA:39,12
DA:40,24
DA:49,11
DA:64,16
DA:65,18
DA:67,1
DA:69,18
DA:70,18
DA:72,9
DA:73,9
DA:79,11
DA:82,11
DA:91,9
DA:101,27
DA:102,6
DA:105,0
DA:107,3
DA:108,6
DA:124,27
DA:125,9
DA:126,1
DA:132,11
LF:33
LH:24
end_of_record
SF:lib/src/effect.dart
DA:35,5
DA:38,5
DA:40,5
DA:45,5
DA:47,15
DA:48,5
DA:50,10
DA:52,5
DA:53,1
DA:56,5
DA:60,5
DA:65,15
DA:66,0
DA:68,10
DA:69,15
DA:70,5
DA:71,5
DA:73,5
DA:76,10
DA:79,5
DA:84,15
DA:85,10
DA:86,5
DA:92,4
DA:93,8
DA:94,12
DA:95,4
DA:100,5
DA:102,5
DA:104,1
DA:109,5
DA:112,5
DA:115,5
DA:116,5
DA:119,1
DA:125,1
DA:127,3
DA:128,2
DA:129,1
DA:133,1
DA:138,4
DA:141,8
DA:142,8
DA:144,4
DA:145,4
DA:147,4
DA:150,5
DA:153,5
DA:154,0
DA:156,5
DA:159,15
DA:160,15
DA:161,1
DA:163,5
DA:175,5
DA:179,10
LF:56
LH:54
end_of_record
SF:lib/src/batch.dart
DA:6,6
DA:11,6
DA:14,6
DA:19,6
DA:20,5
DA:31,5
DA:34,5
DA:35,5
DA:36,15
DA:38,20
DA:40,5
DA:43,2
DA:52,6
DA:55,2
DA:68,4
DA:78,3
DA:82,3
DA:83,1
DA:85,3
DA:87,3
DA:89,3
LF:21
LH:21
end_of_record
SF:lib/src/untracked.dart
DA:5,1
DA:12,1
LF:2
LH:2
end_of_record
SF:lib/src/globals.dart
DA:59,2
DA:63,2
DA:66,0
DA:70,0
DA:73,4
LF:5
LH:3
end_of_record
