SF:lib/src/core/signal.dart
DA:19,4
DA:33,0
DA:36,0
DA:38,0
DA:40,0
DA:41,0
DA:45,0
DA:47,0
DA:48,0
DA:51,0
DA:52,0
DA:54,0
DA:56,0
DA:59,0
DA:61,0
DA:62,0
DA:75,4
DA:80,4
DA:95,0
DA:99,0
LF:20
LH:3
end_of_record
SF:lib/src/core/readonly.dart
DA:11,0
DA:15,0
LF:2
LH:0
end_of_record
SF:lib/src/core/computed.dart
DA:15,2
DA:21,0
DA:23,0
DA:24,0
DA:28,0
DA:30,0
DA:31,0
DA:34,2
DA:36,2
DA:37,4
DA:45,2
DA:50,2
LF:12
LH:6
end_of_record
SF:lib/src/extensions/signal.dart
DA:9,3
DA:13,3
DA:21,1
DA:22,1
LF:4
LH:4
end_of_record
SF:lib/src/extensions/value_listenable.dart
DA:27,0
DA:31,0
DA:32,0
DA:37,0
DA:38,0
DA:41,0
DA:42,0
DA:68,0
DA:73,0
LF:9
LH:0
end_of_record
SF:lib/src/extensions/value_notifier.dart
DA:47,0
DA:52,0
DA:53,0
DA:58,0
DA:59,0
DA:64,0
DA:69,0
DA:70,0
DA:72,0
DA:73,0
DA:78,0
DA:127,0
DA:132,0
LF:13
LH:0
end_of_record
SF:lib/src/watch/widget.dart
DA:141,2
DA:160,1
DA:176,2
DA:177,2
DA:181,14
DA:182,4
DA:185,2
DA:187,2
DA:188,4
DA:189,0
DA:208,2
DA:210,2
DA:211,2
DA:213,2
DA:216,0
DA:219,0
DA:221,0
DA:222,0
DA:223,0
DA:224,0
DA:225,0
DA:227,0
DA:228,0
DA:230,0
DA:231,0
DA:235,2
DA:237,4
LF:27
LH:15
end_of_record
SF:lib/src/watch/element_watcher.dart
LF:0
LH:0
end_of_record
SF:lib/src/mixins/signals.dart
DA:43,0
DA:44,0
DA:46,0
DA:47,0
DA:50,2
DA:51,2
DA:53,6
DA:54,4
DA:55,2
DA:58,4
DA:62,2
DA:63,6
DA:64,4
DA:65,10
DA:66,2
DA:68,2
DA:70,2
DA:71,2
DA:75,2
DA:76,6
DA:79,6
DA:80,6
DA:85,2
DA:88,0
DA:89,0
DA:90,0
DA:91,0
DA:96,0
DA:112,0
DA:120,0
DA:145,0
DA:153,0
DA:164,0
DA:172,0
DA:183,0
DA:193,0
DA:206,0
DA:211,0
DA:219,0
DA:224,0
DA:232,0
DA:237,0
DA:245,0
DA:250,0
DA:258,0
DA:263,0
DA:271,0
DA:276,0
DA:284,2
DA:289,4
DA:296,2
DA:297,2
DA:302,0
DA:303,0
DA:308,0
DA:309,0
DA:314,0
DA:315,0
DA:319,0
DA:320,0
DA:324,0
DA:329,0
DA:330,0
DA:331,0
DA:332,0
DA:336,0
DA:344,0
DA:348,0
DA:350,0
DA:351,0
DA:365,0
DA:370,0
DA:375,0
DA:376,0
DA:377,0
DA:378,0
DA:383,2
DA:384,4
DA:385,2
DA:386,2
DA:387,2
DA:388,6
DA:389,4
DA:390,4
DA:391,2
DA:393,2
DA:394,0
DA:396,4
DA:397,4
DA:400,2
DA:402,2
DA:403,2
LF:92
LH:38
end_of_record
SF:lib/src/watch/extension.dart
DA:5,4
DA:11,8
DA:12,4
DA:13,2
DA:14,2
DA:15,0
DA:18,4
DA:19,4
DA:20,8
DA:21,4
DA:23,12
DA:24,12
DA:25,4
DA:26,4
DA:29,4
DA:31,8
DA:32,4
DA:34,12
DA:37,4
DA:41,2
DA:43,4
DA:44,2
DA:45,2
DA:46,2
DA:47,0
DA:50,2
DA:51,6
LF:27
LH:25
end_of_record
SF:lib/src/ticker.dart
LF:0
LH:0
end_of_record
SF:lib/src/inherited_widget/signal.dart
DA:9,0
DA:13,0
DA:16,0
DA:22,0
DA:23,0
DA:31,0
DA:36,0
DA:38,0
DA:43,0
DA:47,0
DA:48,0
LF:11
LH:0
end_of_record
SF:lib/src/inherited_widget/computed.dart
DA:9,0
DA:13,0
DA:16,0
DA:22,0
DA:23,0
DA:31,0
DA:36,0
DA:38,0
DA:43,0
DA:47,0
DA:48,0
LF:11
LH:0
end_of_record
SF:lib/src/inherited_widget/readonly.dart
DA:10,0
DA:14,0
DA:17,0
DA:23,0
DA:24,0
DA:32,0
DA:38,0
DA:40,0
DA:45,0
DA:50,0
DA:51,0
LF:11
LH:0
end_of_record
SF:lib/src/extended/scheduler_binding.dart
LF:0
LH:0
end_of_record
