SF:lib/src/core/signal.dart
DA:19,4
DA:33,0
DA:36,0
DA:38,0
DA:40,0
DA:41,0
DA:45,0
DA:47,0
DA:48,0
DA:51,0
DA:52,0
DA:54,0
DA:56,0
DA:59,0
DA:61,0
DA:62,0
DA:75,4
DA:80,4
DA:95,0
DA:99,0
LF:20
LH:3
end_of_record
SF:lib/src/core/readonly.dart
DA:11,0
DA:15,0
LF:2
LH:0
end_of_record
SF:lib/src/core/computed.dart
DA:15,2
DA:21,0
DA:23,0
DA:24,0
DA:28,0
DA:30,0
DA:31,0
DA:34,2
DA:36,2
DA:37,4
DA:45,2
DA:50,2
LF:12
LH:6
end_of_record
SF:lib/src/extensions/signal.dart
DA:9,3
DA:13,3
DA:21,1
DA:22,1
LF:4
LH:4
end_of_record
SF:lib/src/extensions/value_listenable.dart
DA:27,0
DA:31,0
DA:32,0
DA:37,0
DA:38,0
DA:41,0
DA:42,0
DA:68,0
DA:73,0
LF:9
LH:0
end_of_record
SF:lib/src/extensions/value_notifier.dart
DA:47,0
DA:52,0
DA:53,0
DA:58,0
DA:59,0
DA:64,0
DA:69,0
DA:70,0
DA:72,0
DA:73,0
DA:78,0
DA:127,0
DA:132,0
LF:13
LH:0
end_of_record
SF:lib/src/watch/widget.dart
DA:141,2
DA:160,1
DA:176,2
DA:177,2
DA:181,14
DA:182,4
DA:185,2
DA:187,2
DA:188,4
DA:189,0
DA:208,2
DA:210,2
DA:211,2
DA:213,2
DA:216,0
DA:219,0
DA:221,0
DA:222,0
DA:223,0
DA:224,0
DA:225,0
DA:227,0
DA:228,0
DA:230,0
DA:231,0
DA:235,2
DA:237,4
LF:27
LH:15
end_of_record
SF:lib/src/watch/element_watcher.dart
LF:0
LH:0
end_of_record
SF:lib/src/mixins/signals.dart
DA:44,0
DA:45,0
DA:47,0
DA:48,0
DA:51,2
DA:52,2
DA:54,6
DA:55,4
DA:56,2
DA:59,4
DA:63,2
DA:64,6
DA:65,4
DA:66,10
DA:67,2
DA:69,2
DA:71,2
DA:72,2
DA:76,2
DA:77,6
DA:80,6
DA:81,6
DA:86,2
DA:89,0
DA:90,0
DA:91,0
DA:92,0
DA:97,0
DA:101,0
DA:106,0
DA:111,0
DA:116,0
DA:121,0
DA:126,0
DA:131,0
DA:136,0
DA:141,0
DA:146,0
DA:151,0
DA:156,0
DA:161,0
DA:166,0
DA:171,0
DA:176,2
DA:181,2
DA:186,2
DA:191,0
DA:192,0
DA:197,0
DA:198,0
DA:203,0
DA:204,0
DA:208,0
DA:209,0
DA:213,0
DA:218,0
DA:219,0
DA:220,0
DA:221,0
DA:225,0
DA:233,0
DA:237,0
DA:239,0
DA:240,0
DA:254,0
DA:259,0
DA:264,0
DA:265,0
DA:266,0
DA:267,0
DA:272,2
DA:273,4
DA:274,2
DA:275,2
DA:276,2
DA:277,6
DA:278,4
DA:279,4
DA:280,2
DA:282,2
DA:283,0
DA:285,4
DA:286,4
DA:289,2
DA:291,2
DA:292,2
LF:86
LH:37
end_of_record
SF:lib/src/watch/extension.dart
DA:5,4
DA:11,8
DA:12,4
DA:13,2
DA:14,2
DA:15,0
DA:18,4
DA:19,4
DA:20,8
DA:21,4
DA:23,12
DA:24,12
DA:25,4
DA:26,4
DA:29,4
DA:31,8
DA:32,4
DA:34,12
DA:37,4
DA:41,2
DA:43,4
DA:44,2
DA:45,2
DA:46,2
DA:47,0
DA:50,2
DA:51,6
LF:27
LH:25
end_of_record
SF:lib/src/ticker.dart
LF:0
LH:0
end_of_record
SF:lib/src/inherited_widget/signal.dart
DA:9,0
DA:13,0
DA:16,0
DA:22,0
DA:23,0
DA:31,0
DA:36,0
DA:38,0
DA:43,0
DA:47,0
DA:48,0
LF:11
LH:0
end_of_record
SF:lib/src/inherited_widget/computed.dart
DA:9,0
DA:13,0
DA:16,0
DA:22,0
DA:23,0
DA:31,0
DA:36,0
DA:38,0
DA:43,0
DA:47,0
DA:48,0
LF:11
LH:0
end_of_record
SF:lib/src/inherited_widget/readonly.dart
DA:10,0
DA:14,0
DA:17,0
DA:23,0
DA:24,0
DA:32,0
DA:38,0
DA:40,0
DA:45,0
DA:50,0
DA:51,0
LF:11
LH:0
end_of_record
SF:lib/src/extended/scheduler_binding.dart
LF:0
LH:0
end_of_record
