SF:/Users/rodydavis/Developer/dart_signals/packages/signals/lib/src/signals.dart
DA:15,0
DA:16,0
DA:25,0
DA:26,0
DA:62,3
DA:81,4
DA:82,4
DA:85,4
DA:86,4
DA:87,3
DA:98,3
DA:101,3
DA:102,3
DA:103,9
DA:105,12
DA:107,3
DA:119,4
DA:193,0
DA:194,0
DA:195,0
DA:197,0
DA:199,0
DA:201,0
DA:228,0
DA:229,0
DA:230,0
DA:234,0
DA:236,0
DA:238,0
DA:252,4
DA:257,3
DA:258,6
DA:271,3
DA:274,3
DA:282,3
DA:283,2
DA:285,3
DA:286,3
DA:290,9
DA:291,3
DA:294,9
DA:296,3
DA:311,3
DA:312,0
DA:314,0
DA:315,0
DA:318,0
DA:319,0
DA:321,0
DA:322,0
DA:428,1
DA:438,4
DA:441,4
DA:452,1
DA:457,4
DA:459,16
DA:462,0
DA:464,0
DA:465,0
DA:466,0
DA:470,3
DA:471,9
DA:472,6
DA:473,3
DA:474,2
DA:476,3
DA:480,3
DA:481,3
DA:483,1
DA:485,1
DA:486,1
DA:487,1
DA:489,1
DA:490,1
DA:493,1
DA:494,1
DA:496,2
DA:497,1
DA:502,1
DA:503,1
DA:505,1
DA:507,1
DA:510,1
DA:514,2
DA:516,1
DA:517,2
DA:518,3
DA:520,1
DA:522,2
DA:527,1
DA:528,1
DA:530,1
DA:531,2
DA:533,1
DA:534,1
DA:536,3
DA:537,3
DA:541,4
DA:543,4
DA:545,6
DA:547,4
DA:550,3
DA:552,3
DA:553,0
DA:556,6
DA:557,3
DA:561,1
DA:562,1
DA:565,4
DA:566,4
DA:567,0
DA:570,4
DA:571,8
DA:572,4
DA:574,4
DA:576,7
DA:577,6
DA:580,4
DA:611,3
DA:612,3
DA:613,3
DA:631,3
DA:635,4
DA:639,12
DA:640,2
DA:641,4
DA:650,3
DA:663,4
DA:664,6
DA:666,0
DA:668,6
DA:669,6
DA:671,3
DA:672,3
DA:678,3
DA:679,3
DA:688,3
DA:698,9
DA:699,2
DA:702,2
DA:704,1
DA:705,2
DA:721,9
DA:722,3
DA:723,1
DA:729,3
DA:784,1
DA:786,1
DA:789,0
DA:791,0
DA:792,0
DA:793,0
DA:797,1
DA:799,1
DA:803,1
DA:805,1
DA:807,3
DA:809,3
DA:816,4
DA:819,3
DA:821,2
DA:824,1
DA:828,2
DA:829,3
DA:830,3
DA:836,1
DA:838,2
DA:839,3
DA:840,1
DA:841,2
DA:842,0
DA:843,1
DA:844,2
DA:845,3
DA:846,2
DA:849,0
DA:850,0
DA:851,0
DA:854,1
DA:855,3
DA:859,0
DA:861,0
DA:862,0
DA:866,0
DA:867,0
DA:870,0
DA:873,0
DA:876,0
DA:877,0
DA:881,0
DA:882,0
DA:884,0
DA:885,0
DA:891,0
DA:893,0
DA:894,0
DA:896,0
DA:897,0
DA:902,0
DA:904,0
DA:905,0
DA:907,0
DA:908,0
DA:910,0
DA:913,1
DA:915,3
DA:916,0
DA:919,1
DA:920,1
DA:922,0
DA:924,3
DA:925,0
DA:927,1
DA:930,0
DA:931,0
DA:933,0
DA:934,0
DA:936,0
DA:937,0
DA:950,0
DA:952,0
DA:986,1
DA:990,1
DA:991,1
DA:995,3
DA:996,3
DA:997,3
DA:1000,0
DA:1006,0
DA:1008,0
DA:1009,0
DA:1010,0
DA:1014,0
DA:1019,1
DA:1020,2
DA:1021,2
DA:1023,1
DA:1024,1
DA:1026,1
DA:1029,3
DA:1030,3
DA:1031,0
DA:1033,3
DA:1036,9
DA:1037,9
DA:1038,0
DA:1040,3
DA:1070,3
DA:1072,12
DA:1075,0
DA:1077,0
DA:1080,3
DA:1084,3
DA:1086,3
DA:1087,3
DA:1089,9
DA:1090,3
DA:1092,6
DA:1094,3
DA:1095,0
DA:1098,3
DA:1102,3
DA:1103,9
DA:1104,0
DA:1106,6
DA:1107,9
DA:1108,3
DA:1109,3
DA:1111,3
DA:1114,6
DA:1117,3
DA:1119,9
DA:1120,6
DA:1121,3
DA:1126,1
DA:1127,2
DA:1128,3
DA:1129,1
DA:1177,3
DA:1178,3
DA:1179,3
DA:1181,3
DA:1183,0
DA:1188,3
LF:284
LH:198
end_of_record
SF:/Users/rodydavis/Developer/dart_signals/packages/signals/lib/src/devtool.dart
DA:4,3
DA:8,3
DA:9,3
DA:10,3
DA:15,6
DA:18,3
DA:19,3
DA:20,3
DA:22,0
DA:23,0
DA:24,0
DA:25,0
DA:26,0
DA:27,0
DA:28,0
DA:29,0
DA:32,0
DA:33,0
DA:34,0
DA:35,0
DA:36,0
DA:37,0
DA:38,0
DA:39,0
DA:42,0
DA:43,0
DA:44,0
DA:45,0
DA:46,0
DA:47,0
DA:48,0
DA:51,0
DA:52,0
DA:53,0
DA:57,0
DA:62,3
DA:64,0
DA:65,0
DA:67,0
DA:68,0
DA:69,0
DA:70,0
DA:71,0
DA:72,0
DA:73,0
DA:79,0
DA:80,0
DA:81,0
DA:82,0
DA:83,0
DA:84,0
DA:85,0
DA:91,0
DA:92,0
DA:93,0
DA:94,0
DA:95,0
DA:96,0
DA:102,0
DA:103,0
DA:105,0
DA:116,6
DA:117,3
DA:118,3
DA:119,15
DA:120,9
DA:121,6
DA:122,3
DA:123,3
DA:127,2
DA:128,1
DA:129,1
DA:130,5
DA:131,3
DA:132,2
DA:133,1
DA:134,1
DA:138,6
DA:139,3
DA:140,3
DA:141,15
DA:142,9
DA:143,6
DA:144,3
DA:145,3
LF:85
LH:33
end_of_record
SF:/Users/rodydavis/Developer/dart_signals/packages/signals/lib/src/future_signal.dart
DA:36,1
DA:42,1
DA:43,1
DA:56,1
DA:57,1
DA:58,2
DA:59,1
DA:62,1
DA:63,1
DA:64,1
DA:67,1
DA:68,0
DA:69,0
DA:72,2
DA:74,2
DA:76,0
DA:77,0
DA:79,0
DA:84,1
DA:86,2
DA:87,2
DA:88,1
DA:93,0
DA:94,0
DA:95,0
DA:96,0
DA:101,4
DA:104,0
DA:107,0
DA:110,0
DA:115,0
DA:116,0
DA:117,0
DA:118,0
DA:122,0
DA:128,0
DA:129,0
DA:131,0
DA:132,0
DA:133,0
DA:134,0
DA:135,0
DA:136,0
DA:137,0
DA:138,0
DA:139,0
DA:144,0
DA:151,0
DA:152,0
DA:154,0
DA:155,0
DA:157,0
DA:158,0
DA:160,0
DA:161,0
DA:162,0
DA:164,0
DA:165,0
DA:168,0
DA:172,1
DA:173,1
DA:174,2
DA:175,1
DA:182,0
DA:183,0
DA:188,0
DA:189,0
DA:191,1
DA:193,2
DA:197,0
DA:199,0
DA:201,0
DA:205,0
DA:206,0
DA:220,1
DA:226,1
LF:76
LH:26
end_of_record
SF:/Users/rodydavis/Developer/dart_signals/packages/signals/lib/src/stream_signal.dart
DA:39,1
DA:45,1
DA:46,1
DA:59,0
DA:60,0
DA:61,0
DA:62,0
DA:63,0
DA:66,1
DA:67,1
DA:68,1
DA:69,4
DA:70,1
DA:71,2
DA:73,0
DA:74,0
DA:76,1
DA:81,0
DA:82,0
DA:85,1
DA:87,1
DA:88,2
DA:89,1
DA:94,0
DA:95,0
DA:96,0
DA:97,0
DA:102,4
DA:105,0
DA:108,0
DA:113,0
DA:114,0
DA:115,0
DA:116,0
DA:120,0
DA:125,0
DA:126,0
DA:128,0
DA:129,0
DA:130,0
DA:131,0
DA:132,0
DA:133,0
DA:138,0
DA:144,0
DA:145,0
DA:147,0
DA:148,0
DA:150,0
DA:151,0
DA:153,0
DA:154,0
DA:157,0
DA:160,0
DA:161,0
DA:166,0
DA:167,0
DA:169,1
DA:171,2
DA:175,0
DA:177,0
DA:179,0
DA:183,0
DA:184,0
DA:194,1
DA:200,1
LF:66
LH:19
end_of_record
SF:/Users/rodydavis/Developer/dart_signals/packages/signals/lib/src/list_signal.dart
DA:8,1
DA:10,0
DA:11,0
DA:13,0
DA:15,0
DA:16,0
DA:19,1
DA:20,2
DA:22,0
DA:24,0
DA:25,0
DA:28,1
DA:29,2
DA:31,0
DA:33,0
DA:34,0
DA:37,0
DA:39,0
DA:42,0
DA:44,0
DA:47,0
DA:49,0
DA:50,0
DA:54,0
DA:55,0
DA:56,0
DA:61,0
DA:62,0
DA:63,0
DA:67,0
DA:68,0
DA:69,0
DA:72,1
DA:74,2
DA:75,2
DA:78,0
DA:80,0
DA:81,0
DA:84,0
DA:86,0
DA:89,0
DA:91,0
DA:94,0
DA:96,0
DA:99,0
DA:101,0
DA:102,0
DA:105,1
DA:107,2
DA:110,0
DA:112,0
DA:115,0
DA:117,0
DA:120,0
DA:122,0
DA:125,0
DA:127,0
DA:128,0
DA:131,0
DA:133,0
DA:136,0
DA:138,0
DA:141,0
DA:143,0
DA:146,0
DA:148,0
DA:149,0
DA:152,0
DA:154,0
DA:157,0
DA:159,0
DA:162,0
DA:164,0
DA:167,0
DA:169,0
DA:170,0
DA:173,0
DA:175,0
DA:176,0
DA:179,0
DA:180,0
DA:182,0
DA:183,0
DA:185,1
DA:186,2
DA:188,0
DA:190,0
DA:193,0
DA:195,0
DA:198,0
DA:200,0
DA:203,0
DA:205,0
DA:208,0
DA:210,0
DA:213,0
DA:215,0
DA:218,1
DA:220,2
DA:221,2
DA:225,0
DA:227,0
DA:228,0
DA:232,0
DA:234,0
DA:235,0
DA:239,0
DA:241,0
DA:242,0
DA:245,0
DA:247,0
DA:248,0
DA:251,0
DA:253,0
DA:254,0
DA:257,0
DA:259,0
DA:260,0
DA:263,0
DA:264,0
DA:266,0
DA:268,0
DA:269,0
DA:272,0
DA:274,0
DA:275,0
DA:278,0
DA:280,0
DA:281,0
DA:284,0
DA:285,0
DA:287,0
DA:289,0
DA:292,0
DA:294,0
DA:297,0
DA:299,0
DA:302,0
DA:304,0
DA:305,0
DA:308,0
DA:310,0
DA:313,0
DA:315,0
DA:318,0
DA:320,0
DA:323,0
DA:325,0
DA:328,0
DA:330,0
DA:333,0
DA:335,0
DA:338,0
DA:340,0
DA:343,1
DA:345,4
DA:348,0
DA:350,0
DA:351,0
DA:352,0
DA:353,0
DA:359,0
DA:363,0
LF:163
LH:17
end_of_record
SF:/Users/rodydavis/Developer/dart_signals/packages/signals/lib/src/map_signal.dart
DA:6,1
DA:8,1
DA:10,2
DA:13,1
DA:15,2
DA:16,2
DA:20,0
DA:21,0
DA:22,0
DA:27,0
DA:28,0
DA:29,0
DA:33,0
DA:34,0
DA:35,0
DA:38,0
DA:40,0
DA:41,0
DA:44,0
DA:46,0
DA:47,0
DA:50,0
DA:52,0
DA:55,0
DA:57,0
DA:58,0
DA:61,1
DA:63,2
DA:66,0
DA:68,0
DA:71,0
DA:72,0
DA:74,0
DA:76,0
DA:77,0
DA:80,0
DA:81,0
DA:83,0
DA:84,0
DA:86,1
DA:87,2
DA:89,1
DA:90,2
DA:92,0
DA:94,0
DA:97,0
DA:99,0
DA:100,0
DA:104,1
DA:106,2
DA:107,2
DA:111,0
DA:113,0
DA:114,0
DA:117,0
DA:119,0
DA:120,0
DA:124,0
DA:126,0
DA:127,0
DA:130,0
DA:131,0
DA:133,1
DA:135,4
DA:138,0
DA:140,0
DA:141,0
DA:142,0
DA:143,0
DA:149,0
DA:153,0
LF:71
LH:17
end_of_record
SF:/Users/rodydavis/Developer/dart_signals/packages/signals/lib/src/set_signal.dart
DA:6,1
DA:8,1
DA:10,2
DA:11,2
DA:15,0
DA:17,0
DA:18,0
DA:21,0
DA:23,0
DA:26,0
DA:28,0
DA:31,0
DA:33,0
DA:34,0
DA:37,1
DA:39,2
DA:42,0
DA:44,0
DA:47,0
DA:49,0
DA:52,0
DA:54,0
DA:57,0
DA:59,0
DA:62,0
DA:64,0
DA:67,0
DA:68,0
DA:70,0
DA:72,0
DA:75,0
DA:77,0
DA:80,0
DA:82,0
DA:85,0
DA:87,0
DA:88,0
DA:91,0
DA:93,0
DA:96,0
DA:97,0
DA:99,0
DA:100,0
DA:102,1
DA:103,2
DA:105,0
DA:107,0
DA:110,1
DA:111,2
DA:113,0
DA:115,0
DA:118,1
DA:119,2
DA:122,0
DA:123,0
DA:124,0
DA:129,0
DA:130,0
DA:131,0
DA:135,0
DA:136,0
DA:137,0
DA:140,0
DA:142,0
DA:145,0
DA:147,0
DA:150,0
DA:152,0
DA:155,1
DA:157,2
DA:158,2
DA:162,0
DA:164,0
DA:165,0
DA:168,0
DA:170,0
DA:171,0
DA:174,0
DA:176,0
DA:177,0
DA:180,0
DA:182,0
DA:183,0
DA:186,0
DA:187,0
DA:189,0
DA:191,0
DA:194,0
DA:196,0
DA:199,0
DA:201,0
DA:204,0
DA:206,0
DA:209,0
DA:211,0
DA:214,0
DA:216,0
DA:219,0
DA:221,0
DA:224,0
DA:226,0
DA:229,0
DA:231,0
DA:234,0
DA:236,0
DA:239,1
DA:241,4
DA:244,0
DA:246,0
DA:247,0
DA:248,0
DA:249,0
DA:255,0
DA:259,0
LF:114
LH:17
end_of_record
SF:/Users/rodydavis/Developer/dart_signals/packages/signals/lib/src/iterable_signal.dart
DA:7,1
DA:9,0
DA:11,0
DA:14,0
DA:16,0
DA:19,0
DA:21,0
DA:24,0
DA:26,0
DA:29,0
DA:31,0
DA:34,0
DA:36,0
DA:39,0
DA:40,0
DA:42,0
DA:44,0
DA:47,0
DA:49,0
DA:52,0
DA:54,0
DA:57,0
DA:59,0
DA:60,0
DA:63,0
DA:64,0
DA:66,0
DA:67,0
DA:69,1
DA:70,2
DA:72,0
DA:74,0
DA:77,0
DA:78,0
DA:80,0
DA:82,0
DA:85,0
DA:86,0
DA:88,0
DA:90,0
DA:93,0
DA:95,0
DA:98,0
DA:99,0
DA:101,0
DA:103,0
DA:106,0
DA:108,0
DA:111,0
DA:113,0
DA:116,0
DA:118,0
DA:121,0
DA:123,0
DA:126,0
DA:128,0
DA:131,0
DA:133,0
DA:136,0
DA:138,0
DA:141,0
DA:143,0
DA:148,0
DA:152,0
LF:64
LH:3
end_of_record
SF:/Users/rodydavis/Developer/dart_signals/packages/signals/lib/src/connect.dart
DA:7,0
DA:24,0
DA:28,0
DA:29,0
DA:30,0
DA:32,0
DA:33,0
DA:37,0
DA:42,0
DA:45,0
DA:46,0
DA:47,0
DA:53,0
DA:54,0
LF:14
LH:0
end_of_record
SF:/Users/rodydavis/Developer/dart_signals/packages/signals/lib/src/extensions/stream.dart
DA:30,1
DA:31,1
DA:32,1
LF:3
LH:3
end_of_record
SF:/Users/rodydavis/Developer/dart_signals/packages/signals/lib/src/extensions/future.dart
DA:26,1
DA:27,1
DA:28,1
LF:3
LH:3
end_of_record
SF:/Users/rodydavis/Developer/dart_signals/packages/signals/lib/src/extensions/list.dart
DA:6,1
DA:7,1
LF:2
LH:2
end_of_record
SF:/Users/rodydavis/Developer/dart_signals/packages/signals/lib/src/extensions/map.dart
DA:6,1
DA:7,1
LF:2
LH:2
end_of_record
SF:/Users/rodydavis/Developer/dart_signals/packages/signals/lib/src/extensions/set.dart
DA:6,1
DA:7,1
LF:2
LH:2
end_of_record
SF:/Users/rodydavis/Developer/dart_signals/packages/signals/lib/src/extensions/iterable.dart
DA:6,1
DA:7,1
LF:2
LH:2
end_of_record
